
===========================================================================
 report_power
============================================================================
======================= Fastest Corner ===================================

Group                  Internal  Switching    Leakage      Total
                          Power      Power      Power      Power (Watts)
----------------------------------------------------------------
Sequential             2.65e-02   5.80e-03   1.46e-07   3.23e-02   7.8%
Combinational          1.65e-01   2.17e-01   2.48e-06   3.83e-01  92.2%
Macro                  0.00e+00   0.00e+00   0.00e+00   0.00e+00   0.0%
Pad                    0.00e+00   0.00e+00   0.00e+00   0.00e+00   0.0%
----------------------------------------------------------------
Total                  1.92e-01   2.23e-01   2.63e-06   4.15e-01 100.0%
                          46.2%      53.8%       0.0%

======================= Slowest Corner ===================================

Group                  Internal  Switching    Leakage      Total
                          Power      Power      Power      Power (Watts)
----------------------------------------------------------------
Sequential             1.79e-02   3.87e-03   1.43e-04   2.19e-02   7.6%
Combinational          1.20e-01   1.45e-01   9.83e-04   2.66e-01  92.4%
Macro                  0.00e+00   0.00e+00   0.00e+00   0.00e+00   0.0%
Pad                    0.00e+00   0.00e+00   0.00e+00   0.00e+00   0.0%
----------------------------------------------------------------
Total                  1.38e-01   1.49e-01   1.13e-03   2.88e-01 100.0%
                          48.0%      51.6%       0.4%

======================= Typical Corner ===================================

Group                  Internal  Switching    Leakage      Total
                          Power      Power      Power      Power (Watts)
----------------------------------------------------------------
Sequential             2.29e-02   4.92e-03   8.21e-08   2.78e-02   7.7%
Combinational          1.48e-01   1.84e-01   1.37e-06   3.33e-01  92.3%
Macro                  0.00e+00   0.00e+00   0.00e+00   0.00e+00   0.0%
Pad                    0.00e+00   0.00e+00   0.00e+00   0.00e+00   0.0%
----------------------------------------------------------------
Total                  1.71e-01   1.89e-01   1.46e-06   3.60e-01 100.0%
                          47.5%      52.5%       0.0%

