"polygons" in: met_min_ca_density.lydrc:35
    Polygons (raw): 10338529 (flat)  990974 (hierarchical)
    Elapsed: 1.050s  Memory: 1811.00M
"polygons" in: met_min_ca_density.lydrc:36
    Polygons (raw): 12903228 (flat)  990245 (hierarchical)
    Elapsed: 0.900s  Memory: 1827.00M
"polygons" in: met_min_ca_density.lydrc:38
    Polygons (raw): 8915990 (flat)  4290547 (hierarchical)
    Elapsed: 3.140s  Memory: 1973.00M
"polygons" in: met_min_ca_density.lydrc:39
    Polygons (raw): 1122155 (flat)  1122155 (hierarchical)
    Elapsed: 1.100s  Memory: 2011.00M
"polygons" in: met_min_ca_density.lydrc:41
    Polygons (raw): 1904441 (flat)  1904441 (hierarchical)
    Elapsed: 1.620s  Memory: 2043.00M
"polygons" in: met_min_ca_density.lydrc:42
    Polygons (raw): 133253 (flat)  133253 (hierarchical)
    Elapsed: 0.440s  Memory: 2043.00M
"polygons" in: met_min_ca_density.lydrc:44
    Polygons (raw): 213476 (flat)  213476 (hierarchical)
    Elapsed: 0.500s  Memory: 2043.00M
"polygons" in: met_min_ca_density.lydrc:45
    Polygons (raw): 88180 (flat)  88180 (hierarchical)
    Elapsed: 0.420s  Memory: 2043.00M
"polygons" in: met_min_ca_density.lydrc:47
    Polygons (raw): 26253 (flat)  26253 (hierarchical)
    Elapsed: 0.370s  Memory: 2043.00M
"polygons" in: met_min_ca_density.lydrc:48
    Polygons (raw): 0 (flat)  0 (hierarchical)
    Elapsed: 0.000s  Memory: 2043.00M
"polygons" in: met_min_ca_density.lydrc:49
    Polygons (raw): 5744 (flat)  5744 (hierarchical)
    Elapsed: 0.000s  Memory: 2043.00M
"polygons" in: met_min_ca_density.lydrc:51
    Polygons (raw): 344 (flat)  344 (hierarchical)
    Elapsed: 0.010s  Memory: 2043.00M
"input" in: met_min_ca_density.lydrc:53
    Polygons (raw): 2 (flat)  2 (hierarchical)
    Elapsed: 0.340s  Memory: 2043.00M
"area" in: met_min_ca_density.lydrc:55
    Elapsed: 0.650s  Memory: 2051.00M
"polygons" in: met_min_ca_density.lydrc:59
    Polygons (raw): 10338529 (flat)  990974 (hierarchical)
    Elapsed: 0.910s  Memory: 2051.00M
"area" in: met_min_ca_density.lydrc:59
    Elapsed: 62.020s  Memory: 3298.00M
li1_ca_density is 0.621566955214333
"polygons" in: met_min_ca_density.lydrc:69
    Polygons (raw): 8915990 (flat)  4290547 (hierarchical)
    Elapsed: 3.100s  Memory: 3426.00M
"area" in: met_min_ca_density.lydrc:69
    Elapsed: 60.130s  Memory: 3426.00M
m1_ca_density is 0.7993742563725872
"polygons" in: met_min_ca_density.lydrc:79
    Polygons (raw): 1904441 (flat)  1904441 (hierarchical)
    Elapsed: 1.590s  Memory: 3298.00M
"area" in: met_min_ca_density.lydrc:79
    Elapsed: 7.750s  Memory: 3298.00M
m2_ca_density is 0.9255328777582114
"polygons" in: met_min_ca_density.lydrc:89
    Polygons (raw): 213476 (flat)  213476 (hierarchical)
    Elapsed: 0.490s  Memory: 3298.00M
"area" in: met_min_ca_density.lydrc:89
    Elapsed: 1.290s  Memory: 3298.00M
m3_ca_density is 0.9744849321805923
"polygons" in: met_min_ca_density.lydrc:99
    Polygons (raw): 26253 (flat)  26253 (hierarchical)
    Elapsed: 0.370s  Memory: 3298.00M
"area" in: met_min_ca_density.lydrc:99
    Elapsed: 0.680s  Memory: 3298.00M
m4_ca_density is 0.9101637056448475
"polygons" in: met_min_ca_density.lydrc:109
    Polygons (raw): 344 (flat)  344 (hierarchical)
    Elapsed: 0.010s  Memory: 3298.00M
"area" in: met_min_ca_density.lydrc:109
    Elapsed: 0.460s  Memory: 3298.00M
m5_ca_density is 0.844177901618929
Writing report database: /home/engtech/Desktop/Openlane_v2/HW_For_AI/precheck_results/22_AUG_2024___05_51_52/outputs/reports/klayout_met_min_ca_density_check.xml ..
Total elapsed: 161.250s  Memory: 2766.00M
