/root/mpw_precheck/checks/tech-files/sky130A_mr.drc:52: warning: already initialized constant DRC::DRCEngine::FEOL
/root/mpw_precheck/checks/tech-files/sky130A_mr.drc:42: warning: previous definition of FEOL was here
/root/mpw_precheck/checks/tech-files/sky130A_mr.drc:58: warning: already initialized constant DRC::DRCEngine::BEOL
/root/mpw_precheck/checks/tech-files/sky130A_mr.drc:43: warning: previous definition of BEOL was here
/root/mpw_precheck/checks/tech-files/sky130A_mr.drc:62: warning: already initialized constant DRC::DRCEngine::OFFGRID
/root/mpw_precheck/checks/tech-files/sky130A_mr.drc:44: warning: previous definition of OFFGRID was here
/root/mpw_precheck/checks/tech-files/sky130A_mr.drc:70: warning: already initialized constant DRC::DRCEngine::SEAL
/root/mpw_precheck/checks/tech-files/sky130A_mr.drc:45: warning: previous definition of SEAL was here
/root/mpw_precheck/checks/tech-files/sky130A_mr.drc:76: warning: already initialized constant DRC::DRCEngine::FLOATING_MET
/root/mpw_precheck/checks/tech-files/sky130A_mr.drc:46: warning: previous definition of FLOATING_MET was here
"input" in: sky130A_mr.drc:126
    Polygons (raw): 1620204 (flat)  731 (hierarchical)
    Elapsed: 0.450s  Memory: 1794.00M
"polygons" in: sky130A_mr.drc:127
    Polygons (raw): 211528 (flat)  2 (hierarchical)
    Elapsed: 0.350s  Memory: 1796.00M
"polygons" in: sky130A_mr.drc:128
    Polygons (raw): 1143048 (flat)  243 (hierarchical)
    Elapsed: 0.280s  Memory: 1796.00M
"polygons" in: sky130A_mr.drc:129
    Polygons (raw): 0 (flat)  0 (hierarchical)
    Elapsed: 0.010s  Memory: 1796.00M
"polygons" in: sky130A_mr.drc:130
    Polygons (raw): 0 (flat)  0 (hierarchical)
    Elapsed: 0.000s  Memory: 1796.00M
"polygons" in: sky130A_mr.drc:131
    Polygons (raw): 0 (flat)  0 (hierarchical)
    Elapsed: 0.010s  Memory: 1796.00M
"polygons" in: sky130A_mr.drc:132
    Polygons (raw): 0 (flat)  0 (hierarchical)
    Elapsed: 0.000s  Memory: 1796.00M
"polygons" in: sky130A_mr.drc:133
    Polygons (raw): 0 (flat)  0 (hierarchical)
    Elapsed: 0.000s  Memory: 1796.00M
"polygons" in: sky130A_mr.drc:134
    Polygons (raw): 1144994 (flat)  246 (hierarchical)
    Elapsed: 0.260s  Memory: 1796.00M
"polygons" in: sky130A_mr.drc:135
    Polygons (raw): 0 (flat)  0 (hierarchical)
    Elapsed: 0.010s  Memory: 1796.00M
"polygons" in: sky130A_mr.drc:136
    Polygons (raw): 0 (flat)  0 (hierarchical)
    Elapsed: 0.000s  Memory: 1796.00M
"polygons" in: sky130A_mr.drc:137
    Polygons (raw): 0 (flat)  0 (hierarchical)
    Elapsed: 0.000s  Memory: 1796.00M
"polygons" in: sky130A_mr.drc:138
    Polygons (raw): 0 (flat)  0 (hierarchical)
    Elapsed: 0.000s  Memory: 1796.00M
"polygons" in: sky130A_mr.drc:139
    Polygons (raw): 2025147 (flat)  1790 (hierarchical)
    Elapsed: 0.300s  Memory: 1796.00M
"polygons" in: sky130A_mr.drc:140
    Polygons (raw): 0 (flat)  0 (hierarchical)
    Elapsed: 0.020s  Memory: 1796.00M
"polygons" in: sky130A_mr.drc:141
    Polygons (raw): 1248812 (flat)  244 (hierarchical)
    Elapsed: 0.260s  Memory: 1796.00M
"polygons" in: sky130A_mr.drc:142
    Polygons (raw): 1248945 (flat)  245 (hierarchical)
    Elapsed: 0.280s  Memory: 1796.00M
"polygons" in: sky130A_mr.drc:143
    Polygons (raw): 0 (flat)  0 (hierarchical)
    Elapsed: 0.010s  Memory: 1796.00M
"polygons" in: sky130A_mr.drc:144
    Polygons (raw): 0 (flat)  0 (hierarchical)
    Elapsed: 0.000s  Memory: 1796.00M
"polygons" in: sky130A_mr.drc:145
    Polygons (raw): 654392 (flat)  266 (hierarchical)
    Elapsed: 0.300s  Memory: 1796.00M
"polygons" in: sky130A_mr.drc:146
    Polygons (raw): 9372074 (flat)  8606 (hierarchical)
    Elapsed: 0.300s  Memory: 1796.00M
"polygons" in: sky130A_mr.drc:148
    Polygons (raw): 6672289 (flat)  988756 (hierarchical)
    Elapsed: 0.890s  Memory: 1810.00M
"polygons" in: sky130A_mr.drc:149
    Polygons (raw): 12903228 (flat)  990245 (hierarchical)
    Elapsed: 0.880s  Memory: 1834.00M
"polygons" in: sky130A_mr.drc:151
    Polygons (raw): 6626079 (flat)  4290050 (hierarchical)
    Elapsed: 3.150s  Memory: 1980.00M
"polygons" in: sky130A_mr.drc:152
    Polygons (raw): 1122155 (flat)  1122155 (hierarchical)
    Elapsed: 1.050s  Memory: 2012.00M
"polygons" in: sky130A_mr.drc:154
    Polygons (raw): 1903909 (flat)  1903909 (hierarchical)
    Elapsed: 1.600s  Memory: 2044.00M
"polygons" in: sky130A_mr.drc:155
    Polygons (raw): 133253 (flat)  133253 (hierarchical)
    Elapsed: 0.440s  Memory: 2044.00M
"polygons" in: sky130A_mr.drc:157
    Polygons (raw): 213342 (flat)  213342 (hierarchical)
    Elapsed: 0.500s  Memory: 2044.00M
"polygons" in: sky130A_mr.drc:158
    Polygons (raw): 88180 (flat)  88180 (hierarchical)
    Elapsed: 0.420s  Memory: 2044.00M
"polygons" in: sky130A_mr.drc:160
    Polygons (raw): 26060 (flat)  26060 (hierarchical)
    Elapsed: 0.380s  Memory: 2044.00M
"polygons" in: sky130A_mr.drc:161
    Polygons (raw): 5744 (flat)  5744 (hierarchical)
    Elapsed: 0.020s  Memory: 2044.00M
"polygons" in: sky130A_mr.drc:163
    Polygons (raw): 172 (flat)  172 (hierarchical)
    Elapsed: 0.010s  Memory: 2044.00M
"polygons" in: sky130A_mr.drc:165
    Polygons (raw): 0 (flat)  0 (hierarchical)
    Elapsed: 0.000s  Memory: 2044.00M
"polygons" in: sky130A_mr.drc:166
    Polygons (raw): 0 (flat)  0 (hierarchical)
    Elapsed: 0.000s  Memory: 2044.00M
"polygons" in: sky130A_mr.drc:167
    Polygons (raw): 0 (flat)  0 (hierarchical)
    Elapsed: 0.000s  Memory: 2044.00M
"polygons" in: sky130A_mr.drc:168
    Polygons (raw): 0 (flat)  0 (hierarchical)
    Elapsed: 0.000s  Memory: 2044.00M
"polygons" in: sky130A_mr.drc:169
    Polygons (raw): 0 (flat)  0 (hierarchical)
    Elapsed: 0.000s  Memory: 2044.00M
"polygons" in: sky130A_mr.drc:170
    Polygons (raw): 0 (flat)  0 (hierarchical)
    Elapsed: 0.000s  Memory: 2044.00M
"polygons" in: sky130A_mr.drc:171
    Polygons (raw): 0 (flat)  0 (hierarchical)
    Elapsed: 0.000s  Memory: 2044.00M
"polygons" in: sky130A_mr.drc:172
    Polygons (raw): 0 (flat)  0 (hierarchical)
    Elapsed: 0.000s  Memory: 2044.00M
"polygons" in: sky130A_mr.drc:173
    Polygons (raw): 0 (flat)  0 (hierarchical)
    Elapsed: 0.000s  Memory: 2044.00M
"polygons" in: sky130A_mr.drc:174
    Polygons (raw): 0 (flat)  0 (hierarchical)
    Elapsed: 0.000s  Memory: 2044.00M
"polygons" in: sky130A_mr.drc:175
    Polygons (raw): 0 (flat)  0 (hierarchical)
    Elapsed: 0.000s  Memory: 2044.00M
"polygons" in: sky130A_mr.drc:176
    Polygons (raw): 0 (flat)  0 (hierarchical)
    Elapsed: 0.000s  Memory: 2044.00M
"polygons" in: sky130A_mr.drc:177
    Polygons (raw): 0 (flat)  0 (hierarchical)
    Elapsed: 0.000s  Memory: 2044.00M
"polygons" in: sky130A_mr.drc:178
    Polygons (raw): 0 (flat)  0 (hierarchical)
    Elapsed: 0.000s  Memory: 2044.00M
"polygons" in: sky130A_mr.drc:179
    Polygons (raw): 0 (flat)  0 (hierarchical)
    Elapsed: 0.000s  Memory: 2044.00M
"polygons" in: sky130A_mr.drc:180
    Polygons (raw): 0 (flat)  0 (hierarchical)
    Elapsed: 0.000s  Memory: 2044.00M
"polygons" in: sky130A_mr.drc:181
    Polygons (raw): 0 (flat)  0 (hierarchical)
    Elapsed: 0.000s  Memory: 2044.00M
"polygons" in: sky130A_mr.drc:182
    Polygons (raw): 1143048 (flat)  243 (hierarchical)
    Elapsed: 0.270s  Memory: 2044.00M
"polygons" in: sky130A_mr.drc:183
    Polygons (raw): 0 (flat)  0 (hierarchical)
    Elapsed: 0.010s  Memory: 2044.00M
"polygons" in: sky130A_mr.drc:184
    Polygons (raw): 0 (flat)  0 (hierarchical)
    Elapsed: 0.000s  Memory: 2044.00M
"polygons" in: sky130A_mr.drc:185
    Polygons (raw): 0 (flat)  0 (hierarchical)
    Elapsed: 0.000s  Memory: 2044.00M
"polygons" in: sky130A_mr.drc:186
    Polygons (raw): 0 (flat)  0 (hierarchical)
    Elapsed: 0.000s  Memory: 2044.00M
"polygons" in: sky130A_mr.drc:187
    Polygons (raw): 0 (flat)  0 (hierarchical)
    Elapsed: 0.000s  Memory: 2044.00M
"polygons" in: sky130A_mr.drc:188
    Polygons (raw): 0 (flat)  0 (hierarchical)
    Elapsed: 0.000s  Memory: 2044.00M
"polygons" in: sky130A_mr.drc:189
    Polygons (raw): 0 (flat)  0 (hierarchical)
    Elapsed: 0.000s  Memory: 2044.00M
"polygons" in: sky130A_mr.drc:190
    Polygons (raw): 2 (flat)  2 (hierarchical)
    Elapsed: 0.350s  Memory: 2044.00M
"polygons" in: sky130A_mr.drc:191
    Polygons (raw): 0 (flat)  0 (hierarchical)
    Elapsed: 0.000s  Memory: 2044.00M
"polygons" in: sky130A_mr.drc:192
    Polygons (raw): 0 (flat)  0 (hierarchical)
    Elapsed: 0.000s  Memory: 2044.00M
"polygons" in: sky130A_mr.drc:193
    Polygons (raw): 0 (flat)  0 (hierarchical)
    Elapsed: 0.000s  Memory: 2044.00M
"polygons" in: sky130A_mr.drc:194
    Polygons (raw): 0 (flat)  0 (hierarchical)
    Elapsed: 0.000s  Memory: 2044.00M
"polygons" in: sky130A_mr.drc:195
    Polygons (raw): 170840 (flat)  1 (hierarchical)
    Elapsed: 0.320s  Memory: 2044.00M
"polygons" in: sky130A_mr.drc:196
    Polygons (raw): 0 (flat)  0 (hierarchical)
    Elapsed: 0.010s  Memory: 2044.00M
"polygons" in: sky130A_mr.drc:197
    Polygons (raw): 0 (flat)  0 (hierarchical)
    Elapsed: 0.000s  Memory: 2044.00M
"polygons" in: sky130A_mr.drc:198
    Polygons (raw): 0 (flat)  0 (hierarchical)
    Elapsed: 0.000s  Memory: 2044.00M
"polygons" in: sky130A_mr.drc:199
    Polygons (raw): 0 (flat)  0 (hierarchical)
    Elapsed: 0.000s  Memory: 2044.00M
"polygons" in: sky130A_mr.drc:200
    Polygons (raw): 0 (flat)  0 (hierarchical)
    Elapsed: 0.000s  Memory: 2044.00M
"polygons" in: sky130A_mr.drc:201
    Polygons (raw): 0 (flat)  0 (hierarchical)
    Elapsed: 0.000s  Memory: 2044.00M
"polygons" in: sky130A_mr.drc:202
    Polygons (raw): 0 (flat)  0 (hierarchical)
    Elapsed: 0.000s  Memory: 2044.00M
"polygons" in: sky130A_mr.drc:203
    Polygons (raw): 0 (flat)  0 (hierarchical)
    Elapsed: 0.000s  Memory: 2044.00M
"polygons" in: sky130A_mr.drc:204
    Polygons (raw): 0 (flat)  0 (hierarchical)
    Elapsed: 0.000s  Memory: 2044.00M
"polygons" in: sky130A_mr.drc:205
    Polygons (raw): 0 (flat)  0 (hierarchical)
    Elapsed: 0.000s  Memory: 2044.00M
"polygons" in: sky130A_mr.drc:206
    Polygons (raw): 0 (flat)  0 (hierarchical)
    Elapsed: 0.000s  Memory: 2044.00M
"polygons" in: sky130A_mr.drc:207
    Polygons (raw): 0 (flat)  0 (hierarchical)
    Elapsed: 0.000s  Memory: 2044.00M
"polygons" in: sky130A_mr.drc:208
    Polygons (raw): 0 (flat)  0 (hierarchical)
    Elapsed: 0.000s  Memory: 2044.00M
"polygons" in: sky130A_mr.drc:209
    Polygons (raw): 0 (flat)  0 (hierarchical)
    Elapsed: 0.000s  Memory: 2044.00M
"polygons" in: sky130A_mr.drc:210
    Polygons (raw): 0 (flat)  0 (hierarchical)
    Elapsed: 0.000s  Memory: 2044.00M
"polygons" in: sky130A_mr.drc:211
    Polygons (raw): 0 (flat)  0 (hierarchical)
    Elapsed: 0.000s  Memory: 2044.00M
"polygons" in: sky130A_mr.drc:212
    Polygons (raw): 0 (flat)  0 (hierarchical)
    Elapsed: 0.000s  Memory: 2044.00M
"polygons" in: sky130A_mr.drc:213
    Polygons (raw): 0 (flat)  0 (hierarchical)
    Elapsed: 0.000s  Memory: 2044.00M
"polygons" in: sky130A_mr.drc:214
    Polygons (raw): 0 (flat)  0 (hierarchical)
    Elapsed: 0.000s  Memory: 2044.00M
"polygons" in: sky130A_mr.drc:215
    Polygons (raw): 0 (flat)  0 (hierarchical)
    Elapsed: 0.000s  Memory: 2044.00M
"polygons" in: sky130A_mr.drc:216
    Polygons (raw): 0 (flat)  0 (hierarchical)
    Elapsed: 0.000s  Memory: 2044.00M
"polygons" in: sky130A_mr.drc:217
    Polygons (raw): 0 (flat)  0 (hierarchical)
    Elapsed: 0.000s  Memory: 2044.00M
DRC section
OFFGRID-ANGLES section
"ongrid" in: sky130A_mr.drc:710
    Edge pairs: 0 (flat)  0 (hierarchical)
    Elapsed: 0.000s  Memory: 2044.00M
"output" in: sky130A_mr.drc:710
    Edge pairs: 0 (flat)  0 (hierarchical)
    Elapsed: 0.000s  Memory: 2044.00M
"with_angle" in: sky130A_mr.drc:711
    Edge pairs: 0 (flat)  0 (hierarchical)
    Elapsed: 0.000s  Memory: 2044.00M
"output" in: sky130A_mr.drc:711
    Edge pairs: 0 (flat)  0 (hierarchical)
    Elapsed: 0.000s  Memory: 2044.00M
"ongrid" in: sky130A_mr.drc:712
    Edge pairs: 0 (flat)  0 (hierarchical)
    Elapsed: 16.480s  Memory: 2372.00M
"output" in: sky130A_mr.drc:712
    Edge pairs: 0 (flat)  0 (hierarchical)
    Elapsed: 0.010s  Memory: 2372.00M
"with_angle" in: sky130A_mr.drc:713
    Edge pairs: 0 (flat)  0 (hierarchical)
    Elapsed: 0.000s  Memory: 2372.00M
"output" in: sky130A_mr.drc:713
    Edge pairs: 0 (flat)  0 (hierarchical)
    Elapsed: 0.000s  Memory: 2372.00M
"ongrid" in: sky130A_mr.drc:714
    Edge pairs: 0 (flat)  0 (hierarchical)
    Elapsed: 0.000s  Memory: 2372.00M
"output" in: sky130A_mr.drc:714
    Edge pairs: 0 (flat)  0 (hierarchical)
    Elapsed: 0.000s  Memory: 2372.00M
"with_angle" in: sky130A_mr.drc:715
    Edge pairs: 0 (flat)  0 (hierarchical)
    Elapsed: 0.000s  Memory: 2372.00M
"output" in: sky130A_mr.drc:715
    Edge pairs: 0 (flat)  0 (hierarchical)
    Elapsed: 0.000s  Memory: 2372.00M
"ongrid" in: sky130A_mr.drc:716
    Edge pairs: 0 (flat)  0 (hierarchical)
    Elapsed: 0.000s  Memory: 2372.00M
"output" in: sky130A_mr.drc:716
    Edge pairs: 0 (flat)  0 (hierarchical)
    Elapsed: 0.000s  Memory: 2372.00M
"with_angle" in: sky130A_mr.drc:717
    Edge pairs: 0 (flat)  0 (hierarchical)
    Elapsed: 0.000s  Memory: 2372.00M
"output" in: sky130A_mr.drc:717
    Edge pairs: 0 (flat)  0 (hierarchical)
    Elapsed: 0.000s  Memory: 2372.00M
"ongrid" in: sky130A_mr.drc:718
    Edge pairs: 0 (flat)  0 (hierarchical)
    Elapsed: 15.330s  Memory: 2337.00M
"output" in: sky130A_mr.drc:718
    Edge pairs: 0 (flat)  0 (hierarchical)
    Elapsed: 0.010s  Memory: 2337.00M
"with_angle" in: sky130A_mr.drc:719
    Edge pairs: 0 (flat)  0 (hierarchical)
    Elapsed: 0.000s  Memory: 2337.00M
"output" in: sky130A_mr.drc:719
    Edge pairs: 0 (flat)  0 (hierarchical)
    Elapsed: 0.000s  Memory: 2337.00M
"ongrid" in: sky130A_mr.drc:720
    Edge pairs: 0 (flat)  0 (hierarchical)
    Elapsed: 0.000s  Memory: 2337.00M
"output" in: sky130A_mr.drc:720
    Edge pairs: 0 (flat)  0 (hierarchical)
    Elapsed: 0.000s  Memory: 2337.00M
"with_angle" in: sky130A_mr.drc:721
    Edge pairs: 0 (flat)  0 (hierarchical)
    Elapsed: 0.000s  Memory: 2337.00M
"output" in: sky130A_mr.drc:721
    Edge pairs: 0 (flat)  0 (hierarchical)
    Elapsed: 0.000s  Memory: 2337.00M
"ongrid" in: sky130A_mr.drc:722
    Edge pairs: 0 (flat)  0 (hierarchical)
    Elapsed: 0.010s  Memory: 2337.00M
"output" in: sky130A_mr.drc:722
    Edge pairs: 0 (flat)  0 (hierarchical)
    Elapsed: 0.000s  Memory: 2337.00M
"with_angle" in: sky130A_mr.drc:723
    Edge pairs: 0 (flat)  0 (hierarchical)
    Elapsed: 0.000s  Memory: 2337.00M
"output" in: sky130A_mr.drc:723
    Edge pairs: 0 (flat)  0 (hierarchical)
    Elapsed: 0.000s  Memory: 2337.00M
"ongrid" in: sky130A_mr.drc:724
    Edge pairs: 0 (flat)  0 (hierarchical)
    Elapsed: 0.010s  Memory: 2337.00M
"output" in: sky130A_mr.drc:724
    Edge pairs: 0 (flat)  0 (hierarchical)
    Elapsed: 0.000s  Memory: 2337.00M
"with_angle" in: sky130A_mr.drc:725
    Edge pairs: 0 (flat)  0 (hierarchical)
    Elapsed: 0.000s  Memory: 2337.00M
"output" in: sky130A_mr.drc:725
    Edge pairs: 0 (flat)  0 (hierarchical)
    Elapsed: 0.000s  Memory: 2337.00M
"ongrid" in: sky130A_mr.drc:726
    Edge pairs: 0 (flat)  0 (hierarchical)
    Elapsed: 3.660s  Memory: 2352.00M
"output" in: sky130A_mr.drc:726
    Edge pairs: 0 (flat)  0 (hierarchical)
    Elapsed: 0.020s  Memory: 2352.00M
"ongrid" in: sky130A_mr.drc:727
    Edge pairs: 0 (flat)  0 (hierarchical)
    Elapsed: 1.220s  Memory: 2352.00M
"output" in: sky130A_mr.drc:727
    Edge pairs: 0 (flat)  0 (hierarchical)
    Elapsed: 0.010s  Memory: 2352.00M
"&" in: sky130A_mr.drc:728
    Polygons (raw): 0 (flat)  0 (hierarchical)
    Elapsed: 0.000s  Memory: 2352.00M
"-" in: sky130A_mr.drc:728
    Polygons (raw): 1620204 (flat)  731 (hierarchical)
    Elapsed: 0.000s  Memory: 2352.00M
"with_angle" in: sky130A_mr.drc:728
    Edge pairs: 0 (flat)  0 (hierarchical)
    Elapsed: 3.050s  Memory: 2352.00M
"output" in: sky130A_mr.drc:728
    Edge pairs: 0 (flat)  0 (hierarchical)
    Elapsed: 0.360s  Memory: 2352.00M
"&" in: sky130A_mr.drc:729
    Polygons (raw): 0 (flat)  0 (hierarchical)
    Elapsed: 0.000s  Memory: 2352.00M
"&" in: sky130A_mr.drc:729
    Polygons (raw): 0 (flat)  0 (hierarchical)
    Elapsed: 0.000s  Memory: 2352.00M
"with_angle" in: sky130A_mr.drc:729
    Edge pairs: 0 (flat)  0 (hierarchical)
    Elapsed: 0.000s  Memory: 2352.00M
"output" in: sky130A_mr.drc:729
    Edge pairs: 0 (flat)  0 (hierarchical)
    Elapsed: 0.010s  Memory: 2352.00M
"&" in: sky130A_mr.drc:730
    Polygons (raw): 0 (flat)  0 (hierarchical)
    Elapsed: 0.000s  Memory: 2352.00M
"-" in: sky130A_mr.drc:730
    Polygons (raw): 211528 (flat)  2 (hierarchical)
    Elapsed: 0.000s  Memory: 2352.00M
"with_angle" in: sky130A_mr.drc:730
    Edge pairs: 0 (flat)  0 (hierarchical)
    Elapsed: 0.630s  Memory: 2352.00M
"output" in: sky130A_mr.drc:730
    Edge pairs: 0 (flat)  0 (hierarchical)
    Elapsed: 0.360s  Memory: 2352.00M
"&" in: sky130A_mr.drc:731
    Polygons (raw): 0 (flat)  0 (hierarchical)
    Elapsed: 0.000s  Memory: 2352.00M
"&" in: sky130A_mr.drc:731
    Polygons (raw): 0 (flat)  0 (hierarchical)
    Elapsed: 0.000s  Memory: 2352.00M
"with_angle" in: sky130A_mr.drc:731
    Edge pairs: 0 (flat)  0 (hierarchical)
    Elapsed: 0.000s  Memory: 2352.00M
"output" in: sky130A_mr.drc:731
    Edge pairs: 0 (flat)  0 (hierarchical)
    Elapsed: 0.020s  Memory: 2352.00M
"ongrid" in: sky130A_mr.drc:732
    Edge pairs: 0 (flat)  0 (hierarchical)
    Elapsed: 0.000s  Memory: 2352.00M
"output" in: sky130A_mr.drc:732
    Edge pairs: 0 (flat)  0 (hierarchical)
    Elapsed: 0.000s  Memory: 2352.00M
"with_angle" in: sky130A_mr.drc:733
    Edge pairs: 0 (flat)  0 (hierarchical)
    Elapsed: 0.000s  Memory: 2352.00M
"output" in: sky130A_mr.drc:733
    Edge pairs: 0 (flat)  0 (hierarchical)
    Elapsed: 0.000s  Memory: 2352.00M
"ongrid" in: sky130A_mr.drc:734
    Edge pairs: 0 (flat)  0 (hierarchical)
    Elapsed: 3.090s  Memory: 2352.00M
"output" in: sky130A_mr.drc:734
    Edge pairs: 0 (flat)  0 (hierarchical)
    Elapsed: 0.010s  Memory: 2352.00M
"with_angle" in: sky130A_mr.drc:735
    Edge pairs: 0 (flat)  0 (hierarchical)
    Elapsed: 0.000s  Memory: 2352.00M
"output" in: sky130A_mr.drc:735
    Edge pairs: 0 (flat)  0 (hierarchical)
    Elapsed: 0.000s  Memory: 2352.00M
"ongrid" in: sky130A_mr.drc:736
    Edge pairs: 0 (flat)  0 (hierarchical)
    Elapsed: 0.000s  Memory: 2352.00M
"output" in: sky130A_mr.drc:736
    Edge pairs: 0 (flat)  0 (hierarchical)
    Elapsed: 0.000s  Memory: 2352.00M
"with_angle" in: sky130A_mr.drc:737
    Edge pairs: 0 (flat)  0 (hierarchical)
    Elapsed: 0.000s  Memory: 2352.00M
"output" in: sky130A_mr.drc:737
    Edge pairs: 0 (flat)  0 (hierarchical)
    Elapsed: 0.000s  Memory: 2352.00M
"ongrid" in: sky130A_mr.drc:738
    Edge pairs: 0 (flat)  0 (hierarchical)
    Elapsed: 7.740s  Memory: 2352.00M
"output" in: sky130A_mr.drc:738
    Edge pairs: 0 (flat)  0 (hierarchical)
    Elapsed: 0.020s  Memory: 2352.00M
"with_angle" in: sky130A_mr.drc:739
    Edge pairs: 0 (flat)  0 (hierarchical)
    Elapsed: 0.130s  Memory: 2352.00M
"output" in: sky130A_mr.drc:739
    Edge pairs: 0 (flat)  0 (hierarchical)
    Elapsed: 0.000s  Memory: 2352.00M
"ongrid" in: sky130A_mr.drc:740
    Edge pairs: 0 (flat)  0 (hierarchical)
    Elapsed: 16.840s  Memory: 2375.00M
"output" in: sky130A_mr.drc:740
    Edge pairs: 0 (flat)  0 (hierarchical)
    Elapsed: 0.010s  Memory: 2375.00M
"with_angle" in: sky130A_mr.drc:741
    Edge pairs: 0 (flat)  0 (hierarchical)
    Elapsed: 0.010s  Memory: 2375.00M
"output" in: sky130A_mr.drc:741
    Edge pairs: 0 (flat)  0 (hierarchical)
    Elapsed: 0.000s  Memory: 2375.00M
"ongrid" in: sky130A_mr.drc:742
    Edge pairs: 0 (flat)  0 (hierarchical)
    Elapsed: 17.570s  Memory: 2410.00M
"output" in: sky130A_mr.drc:742
    Edge pairs: 0 (flat)  0 (hierarchical)
    Elapsed: 0.010s  Memory: 2410.00M
"with_angle" in: sky130A_mr.drc:743
    Edge pairs: 0 (flat)  0 (hierarchical)
    Elapsed: 0.030s  Memory: 2410.00M
"output" in: sky130A_mr.drc:743
    Edge pairs: 0 (flat)  0 (hierarchical)
    Elapsed: 0.000s  Memory: 2410.00M
"ongrid" in: sky130A_mr.drc:744
    Edge pairs: 0 (flat)  0 (hierarchical)
    Elapsed: 4.140s  Memory: 2410.00M
"output" in: sky130A_mr.drc:744
    Edge pairs: 0 (flat)  0 (hierarchical)
    Elapsed: 0.020s  Memory: 2410.00M
"with_angle" in: sky130A_mr.drc:745
    Edge pairs: 0 (flat)  0 (hierarchical)
    Elapsed: 0.000s  Memory: 2410.00M
"output" in: sky130A_mr.drc:745
    Edge pairs: 0 (flat)  0 (hierarchical)
    Elapsed: 0.000s  Memory: 2410.00M
"ongrid" in: sky130A_mr.drc:746
    Edge pairs: 0 (flat)  0 (hierarchical)
    Elapsed: 61.630s  Memory: 3299.00M
"output" in: sky130A_mr.drc:746
    Edge pairs: 0 (flat)  0 (hierarchical)
    Elapsed: 0.010s  Memory: 3299.00M
"with_angle" in: sky130A_mr.drc:747
    Edge pairs: 0 (flat)  0 (hierarchical)
    Elapsed: 0.650s  Memory: 3299.00M
"output" in: sky130A_mr.drc:747
    Edge pairs: 0 (flat)  0 (hierarchical)
    Elapsed: 0.010s  Memory: 3299.00M
"ongrid" in: sky130A_mr.drc:748
    Edge pairs: 0 (flat)  0 (hierarchical)
    Elapsed: 111.020s  Memory: 5535.00M
"output" in: sky130A_mr.drc:748
    Edge pairs: 0 (flat)  0 (hierarchical)
    Elapsed: 0.010s  Memory: 5535.00M
"with_angle" in: sky130A_mr.drc:749
    Edge pairs: 0 (flat)  0 (hierarchical)
    Elapsed: 3.820s  Memory: 5535.00M
"output" in: sky130A_mr.drc:749
    Edge pairs: 0 (flat)  0 (hierarchical)
    Elapsed: 0.010s  Memory: 5535.00M
"ongrid" in: sky130A_mr.drc:750
    Edge pairs: 0 (flat)  0 (hierarchical)
    Elapsed: 0.000s  Memory: 5535.00M
"output" in: sky130A_mr.drc:750
    Edge pairs: 0 (flat)  0 (hierarchical)
    Elapsed: 0.000s  Memory: 5535.00M
"with_angle" in: sky130A_mr.drc:751
    Edge pairs: 0 (flat)  0 (hierarchical)
    Elapsed: 0.000s  Memory: 5535.00M
"output" in: sky130A_mr.drc:751
    Edge pairs: 0 (flat)  0 (hierarchical)
    Elapsed: 0.000s  Memory: 5535.00M
"ongrid" in: sky130A_mr.drc:752
    Edge pairs: 0 (flat)  0 (hierarchical)
    Elapsed: 59.350s  Memory: 5535.00M
"output" in: sky130A_mr.drc:752
    Edge pairs: 0 (flat)  0 (hierarchical)
    Elapsed: 0.010s  Memory: 5535.00M
"with_angle" in: sky130A_mr.drc:753
    Edge pairs: 0 (flat)  0 (hierarchical)
    Elapsed: 0.600s  Memory: 5535.00M
"output" in: sky130A_mr.drc:753
    Edge pairs: 0 (flat)  0 (hierarchical)
    Elapsed: 0.010s  Memory: 5535.00M
"ongrid" in: sky130A_mr.drc:754
    Edge pairs: 0 (flat)  0 (hierarchical)
    Elapsed: 6.960s  Memory: 5535.00M
"output" in: sky130A_mr.drc:754
    Edge pairs: 0 (flat)  0 (hierarchical)
    Elapsed: 0.020s  Memory: 5535.00M
"with_angle" in: sky130A_mr.drc:755
    Edge pairs: 0 (flat)  0 (hierarchical)
    Elapsed: 0.640s  Memory: 5535.00M
"output" in: sky130A_mr.drc:755
    Edge pairs: 0 (flat)  0 (hierarchical)
    Elapsed: 0.020s  Memory: 5535.00M
"ongrid" in: sky130A_mr.drc:756
    Edge pairs: 0 (flat)  0 (hierarchical)
    Elapsed: 7.790s  Memory: 5535.00M
"output" in: sky130A_mr.drc:756
    Edge pairs: 0 (flat)  0 (hierarchical)
    Elapsed: 0.010s  Memory: 5535.00M
"with_angle" in: sky130A_mr.drc:757
    Edge pairs: 0 (flat)  0 (hierarchical)
    Elapsed: 0.310s  Memory: 5535.00M
"output" in: sky130A_mr.drc:757
    Edge pairs: 0 (flat)  0 (hierarchical)
    Elapsed: 0.000s  Memory: 5535.00M
"ongrid" in: sky130A_mr.drc:758
    Edge pairs: 0 (flat)  0 (hierarchical)
    Elapsed: 1.410s  Memory: 5535.00M
"output" in: sky130A_mr.drc:758
    Edge pairs: 0 (flat)  0 (hierarchical)
    Elapsed: 0.010s  Memory: 5535.00M
"with_angle" in: sky130A_mr.drc:759
    Edge pairs: 0 (flat)  0 (hierarchical)
    Elapsed: 0.080s  Memory: 5535.00M
"output" in: sky130A_mr.drc:759
    Edge pairs: 0 (flat)  0 (hierarchical)
    Elapsed: 0.000s  Memory: 5535.00M
"ongrid" in: sky130A_mr.drc:760
    Edge pairs: 0 (flat)  0 (hierarchical)
    Elapsed: 1.400s  Memory: 5535.00M
"output" in: sky130A_mr.drc:760
    Edge pairs: 0 (flat)  0 (hierarchical)
    Elapsed: 0.010s  Memory: 5535.00M
"with_angle" in: sky130A_mr.drc:761
    Edge pairs: 0 (flat)  0 (hierarchical)
    Elapsed: 0.030s  Memory: 5535.00M
"output" in: sky130A_mr.drc:761
    Edge pairs: 0 (flat)  0 (hierarchical)
    Elapsed: 0.000s  Memory: 5535.00M
"ongrid" in: sky130A_mr.drc:762
    Edge pairs: 0 (flat)  0 (hierarchical)
    Elapsed: 1.160s  Memory: 5535.00M
"output" in: sky130A_mr.drc:762
    Edge pairs: 0 (flat)  0 (hierarchical)
    Elapsed: 0.010s  Memory: 5535.00M
"with_angle" in: sky130A_mr.drc:763
    Edge pairs: 0 (flat)  0 (hierarchical)
    Elapsed: 0.050s  Memory: 5535.00M
"output" in: sky130A_mr.drc:763
    Edge pairs: 0 (flat)  0 (hierarchical)
    Elapsed: 0.000s  Memory: 5535.00M
"ongrid" in: sky130A_mr.drc:764
    Edge pairs: 0 (flat)  0 (hierarchical)
    Elapsed: 0.000s  Memory: 5535.00M
"output" in: sky130A_mr.drc:764
    Edge pairs: 0 (flat)  0 (hierarchical)
    Elapsed: 0.000s  Memory: 5535.00M
"with_angle" in: sky130A_mr.drc:765
    Edge pairs: 0 (flat)  0 (hierarchical)
    Elapsed: 0.000s  Memory: 5535.00M
"output" in: sky130A_mr.drc:765
    Edge pairs: 0 (flat)  0 (hierarchical)
    Elapsed: 0.000s  Memory: 5535.00M
"ongrid" in: sky130A_mr.drc:766
    Edge pairs: 0 (flat)  0 (hierarchical)
    Elapsed: 0.830s  Memory: 5535.00M
"output" in: sky130A_mr.drc:766
    Edge pairs: 0 (flat)  0 (hierarchical)
    Elapsed: 0.010s  Memory: 5535.00M
"with_angle" in: sky130A_mr.drc:767
    Edge pairs: 0 (flat)  0 (hierarchical)
    Elapsed: 0.010s  Memory: 5535.00M
"output" in: sky130A_mr.drc:767
    Edge pairs: 0 (flat)  0 (hierarchical)
    Elapsed: 0.000s  Memory: 5535.00M
"ongrid" in: sky130A_mr.drc:768
    Edge pairs: 0 (flat)  0 (hierarchical)
    Elapsed: 0.620s  Memory: 5535.00M
"output" in: sky130A_mr.drc:768
    Edge pairs: 0 (flat)  0 (hierarchical)
    Elapsed: 0.010s  Memory: 5535.00M
"with_angle" in: sky130A_mr.drc:769
    Edge pairs: 0 (flat)  0 (hierarchical)
    Elapsed: 0.000s  Memory: 5535.00M
"output" in: sky130A_mr.drc:769
    Edge pairs: 0 (flat)  0 (hierarchical)
    Elapsed: 0.000s  Memory: 5535.00M
"ongrid" in: sky130A_mr.drc:770
    Edge pairs: 0 (flat)  0 (hierarchical)
    Elapsed: 0.590s  Memory: 5535.00M
"output" in: sky130A_mr.drc:770
    Edge pairs: 0 (flat)  0 (hierarchical)
    Elapsed: 0.010s  Memory: 5535.00M
"with_angle" in: sky130A_mr.drc:771
    Edge pairs: 0 (flat)  0 (hierarchical)
    Elapsed: 0.000s  Memory: 5535.00M
"output" in: sky130A_mr.drc:771
    Edge pairs: 0 (flat)  0 (hierarchical)
    Elapsed: 0.000s  Memory: 5535.00M
"ongrid" in: sky130A_mr.drc:772
    Edge pairs: 0 (flat)  0 (hierarchical)
    Elapsed: 0.010s  Memory: 5535.00M
"output" in: sky130A_mr.drc:772
    Edge pairs: 0 (flat)  0 (hierarchical)
    Elapsed: 0.000s  Memory: 5535.00M
"with_angle" in: sky130A_mr.drc:773
    Edge pairs: 0 (flat)  0 (hierarchical)
    Elapsed: 0.000s  Memory: 5535.00M
"output" in: sky130A_mr.drc:773
    Edge pairs: 0 (flat)  0 (hierarchical)
    Elapsed: 0.000s  Memory: 5535.00M
"ongrid" in: sky130A_mr.drc:774
    Edge pairs: 0 (flat)  0 (hierarchical)
    Elapsed: 0.000s  Memory: 5535.00M
"output" in: sky130A_mr.drc:774
    Edge pairs: 0 (flat)  0 (hierarchical)
    Elapsed: 0.000s  Memory: 5535.00M
"with_angle" in: sky130A_mr.drc:775
    Edge pairs: 0 (flat)  0 (hierarchical)
    Elapsed: 0.000s  Memory: 5535.00M
"output" in: sky130A_mr.drc:775
    Edge pairs: 0 (flat)  0 (hierarchical)
    Elapsed: 0.000s  Memory: 5535.00M
"ongrid" in: sky130A_mr.drc:776
    Edge pairs: 0 (flat)  0 (hierarchical)
    Elapsed: 0.020s  Memory: 5535.00M
"output" in: sky130A_mr.drc:776
    Edge pairs: 0 (flat)  0 (hierarchical)
    Elapsed: 0.000s  Memory: 5535.00M
"with_angle" in: sky130A_mr.drc:777
    Edge pairs: 0 (flat)  0 (hierarchical)
    Elapsed: 0.000s  Memory: 5535.00M
"output" in: sky130A_mr.drc:777
    Edge pairs: 0 (flat)  0 (hierarchical)
    Elapsed: 0.000s  Memory: 5535.00M
"ongrid" in: sky130A_mr.drc:778
    Edge pairs: 0 (flat)  0 (hierarchical)
    Elapsed: 0.000s  Memory: 5535.00M
"output" in: sky130A_mr.drc:778
    Edge pairs: 0 (flat)  0 (hierarchical)
    Elapsed: 0.000s  Memory: 5535.00M
"with_angle" in: sky130A_mr.drc:779
    Edge pairs: 0 (flat)  0 (hierarchical)
    Elapsed: 0.000s  Memory: 5535.00M
"output" in: sky130A_mr.drc:779
    Edge pairs: 0 (flat)  0 (hierarchical)
    Elapsed: 0.000s  Memory: 5535.00M
"ongrid" in: sky130A_mr.drc:780
    Edge pairs: 0 (flat)  0 (hierarchical)
    Elapsed: 0.000s  Memory: 5535.00M
"output" in: sky130A_mr.drc:780
    Edge pairs: 0 (flat)  0 (hierarchical)
    Elapsed: 0.000s  Memory: 5535.00M
"with_angle" in: sky130A_mr.drc:781
    Edge pairs: 0 (flat)  0 (hierarchical)
    Elapsed: 0.000s  Memory: 5535.00M
"output" in: sky130A_mr.drc:781
    Edge pairs: 0 (flat)  0 (hierarchical)
    Elapsed: 0.000s  Memory: 5535.00M
"ongrid" in: sky130A_mr.drc:782
    Edge pairs: 0 (flat)  0 (hierarchical)
    Elapsed: 0.000s  Memory: 5535.00M
"output" in: sky130A_mr.drc:782
    Edge pairs: 0 (flat)  0 (hierarchical)
    Elapsed: 0.000s  Memory: 5535.00M
"with_angle" in: sky130A_mr.drc:783
    Edge pairs: 0 (flat)  0 (hierarchical)
    Elapsed: 0.000s  Memory: 5535.00M
"output" in: sky130A_mr.drc:783
    Edge pairs: 0 (flat)  0 (hierarchical)
    Elapsed: 0.010s  Memory: 5535.00M
"ongrid" in: sky130A_mr.drc:784
    Edge pairs: 0 (flat)  0 (hierarchical)
    Elapsed: 0.000s  Memory: 5535.00M
"output" in: sky130A_mr.drc:784
    Edge pairs: 0 (flat)  0 (hierarchical)
    Elapsed: 0.000s  Memory: 5535.00M
"with_angle" in: sky130A_mr.drc:785
    Edge pairs: 0 (flat)  0 (hierarchical)
    Elapsed: 0.000s  Memory: 5535.00M
"output" in: sky130A_mr.drc:785
    Edge pairs: 0 (flat)  0 (hierarchical)
    Elapsed: 0.000s  Memory: 5535.00M
"ongrid" in: sky130A_mr.drc:786
    Edge pairs: 0 (flat)  0 (hierarchical)
    Elapsed: 0.000s  Memory: 5535.00M
"output" in: sky130A_mr.drc:786
    Edge pairs: 0 (flat)  0 (hierarchical)
    Elapsed: 0.000s  Memory: 5535.00M
Writing report database: /home/engtech/Desktop/Openlane_v2/HW_For_AI/precheck_results/22_AUG_2024___05_51_52/outputs/reports/klayout_offgrid_check.xml ..
Total elapsed: 389.240s  Memory: 4720.00M
 
Cell exclusion list:
   rule    | cell
   nwell.6 | sky130_fd_io__gpiov2_amux, sky130_fd_io__simple_pad_and_busses, sram
   nsd.1   | sram
   nsd.2   | sram
   psd.1   | sram
   psd.2   | sram
 
release 2023.6.14_01.08
