/root/mpw_precheck/checks/be_checks/run_oeb_check: line 59: /root/mpw_precheck/checks/be_checks//set_lvs_env.py: No such file or directory
DESIGN NAME: user_project_wrapper
WORK_ROOT   : /home/engtech/Desktop/Openlane_v2/HW_For_AI/precheck_results/22_AUG_2024___05_51_52/tmp
LOG_ROOT    : /home/engtech/Desktop/Openlane_v2/HW_For_AI/precheck_results/22_AUG_2024___05_51_52/logs
SIGNOFF_ROOT: /home/engtech/Desktop/Openlane_v2/HW_For_AI/precheck_results/22_AUG_2024___05_51_52/outputs/reports
 
Running extract...
TOP LAYOUT: user_project_wrapper
LAYOUT FILE: /home/engtech/Desktop/Openlane_v2/HW_For_AI/gds/user_project_wrapper.gds
EXTRACT_FLATGLOB: 
EXTRACT_ABSTRACT: *__fill_*
 *__fakediode_*
 *__tapvpwrvgnd_*
WORK_ROOT   : /home/engtech/Desktop/Openlane_v2/HW_For_AI/precheck_results/22_AUG_2024___05_51_52/tmp
LOG_ROOT    : /home/engtech/Desktop/Openlane_v2/HW_For_AI/precheck_results/22_AUG_2024___05_51_52/logs
SIGNOFF_ROOT: /home/engtech/Desktop/Openlane_v2/HW_For_AI/precheck_results/22_AUG_2024___05_51_52/outputs/reports
LOG FILE: /home/engtech/Desktop/Openlane_v2/HW_For_AI/precheck_results/22_AUG_2024___05_51_52/logs/ext.log
Tech files do not match:
/home/engtech/Desktop/Openlane_v2/HW_For_AI/dependencies/pdks/sky130A/libs.tech/magic/sky130A.tech: version 1.0.424-0-g78b7bc3
/root/mpw_precheck/checks/be_checks//tech/sky130A/sky130A.tech: version 1.0.446-0-gdd7771c
Results may be incorrect. Contact efabless to update the soft connection rules.
WORK_ROOT   : /home/engtech/Desktop/Openlane_v2/HW_For_AI/precheck_results/22_AUG_2024___05_51_52/tmp
LOG_ROOT    : /home/engtech/Desktop/Openlane_v2/HW_For_AI/precheck_results/22_AUG_2024___05_51_52/logs
SIGNOFF_ROOT: /home/engtech/Desktop/Openlane_v2/HW_For_AI/precheck_results/22_AUG_2024___05_51_52/outputs/reports
 
Running hierarchical comparison between verilog and layout...
No verilog files...
[INFO] Changing from /home/engtech/Desktop/Openlane_v2/HW_For_AI/gds/user_project_wrapper.gds
	to /home/engtech/Desktop/Openlane_v2/HW_For_AI/precheck_results/22_AUG_2024___05_51_52/tmp/layout.txt
Hierarchy check for  passed.
Extracting to /home/engtech/Desktop/Openlane_v2/HW_For_AI/precheck_results/22_AUG_2024___05_51_52/tmp/ext
 
CIFIN_STYLE: 
EXTRACT_STYLE: 

Magic 8.3 revision 452 - Compiled on Thu May 30 14:56:34 UTC 2024.
Starting magic under Tcl interpreter
Using the terminal as the console.
Using NULL graphics device.
Processing system .magicrc file
Sourcing design magicrc.well for technology sky130A ...
2 Magic internal units = 1 Lambda
Input style sky130(): scaleFactor=2, multiplier=2
The following types are not handled by extraction and will be treated as non-electrical types:
    ubm 
Scaled tech values by 2 / 1 to match internal grid scaling
Loading "/root/mpw_precheck/checks/be_checks//scripts/gds.digital.spice.tcl" from command line.
Extracting with top ports unique (digital)
CIF input style is now "sky130()"
Flattening 
Extracting /home/engtech/Desktop/Openlane_v2/HW_For_AI/gds/user_project_wrapper.gds
Warning: Calma reading is not undoable!  I hope that's OK.
Library written using GDS-II Release 3.0
Library name: user_project_wrapper
Reading "sky130_fd_sc_hd__tapvpwrvgnd_1".
Reading "sky130_fd_sc_hd__decap_3".
Reading "sky130_fd_sc_hd__fill_2".
Reading "sky130_ef_sc_hd__decap_12".
Reading "sky130_fd_sc_hd__fill_1".
Reading "sky130_fd_sc_hd__decap_6".
Reading "sky130_fd_sc_hd__decap_8".
Reading "sky130_fd_sc_hd__dlygate4sd3_1".
Reading "sky130_fd_sc_hd__diode_2".
Reading "sky130_fd_sc_hd__decap_4".
Reading "sky130_fd_sc_hd__nor2_1".
Reading "sky130_fd_sc_hd__or2_1".
Reading "sky130_fd_sc_hd__nand2_1".
Reading "sky130_fd_sc_hd__dfxtp_1".
Reading "sky130_fd_sc_hd__clkbuf_8".
Reading "sky130_fd_sc_hd__o21ba_1".
Reading "sky130_fd_sc_hd__buf_6".
Reading "sky130_fd_sc_hd__a22o_1".
Reading "sky130_fd_sc_hd__and3_1".
Reading "sky130_fd_sc_hd__a21o_1".
Reading "sky130_fd_sc_hd__nand2b_1".
Reading "sky130_fd_sc_hd__and2_1".
Reading "sky130_fd_sc_hd__o21bai_1".
Reading "sky130_fd_sc_hd__or3_1".
Reading "sky130_fd_sc_hd__o21ai_1".
Reading "sky130_fd_sc_hd__a21oi_1".
Reading "sky130_fd_sc_hd__nand4_1".
Reading "sky130_fd_sc_hd__nand3_1".
Reading "sky130_fd_sc_hd__a21bo_1".
Reading "sky130_fd_sc_hd__buf_1".
Reading "sky130_fd_sc_hd__xnor2_2".
Reading "sky130_fd_sc_hd__and2b_2".
Reading "sky130_fd_sc_hd__o221a_1".
Reading "sky130_fd_sc_hd__o2bb2a_1".
Reading "sky130_fd_sc_hd__buf_4".
Reading "sky130_fd_sc_hd__dfxtp_2".
Reading "sky130_fd_sc_hd__nand4_2".
Reading "sky130_fd_sc_hd__xor2_2".
Reading "sky130_fd_sc_hd__o21a_1".
Reading "sky130_fd_sc_hd__a21oi_2".
Reading "sky130_fd_sc_hd__a31o_1".
Reading "sky130_fd_sc_hd__and3b_1".
Reading "sky130_fd_sc_hd__xnor2_4".
Reading "sky130_fd_sc_hd__xnor2_1".
Reading "sky130_fd_sc_hd__nor3_1".
Reading "sky130_fd_sc_hd__and4_1".
Reading "sky130_fd_sc_hd__a22oi_1".
Reading "sky130_fd_sc_hd__nand3_2".
Reading "sky130_fd_sc_hd__xor2_1".
Reading "sky130_fd_sc_hd__inv_2".
Reading "sky130_fd_sc_hd__a211o_1".
Reading "sky130_fd_sc_hd__o22a_1".
Reading "sky130_fd_sc_hd__a32o_1".
Reading "sky130_fd_sc_hd__nand2_2".
Reading "sky130_fd_sc_hd__and2b_1".
Reading "sky130_fd_sc_hd__o21ai_2".
Reading "sky130_fd_sc_hd__and3_2".
Reading "sky130_fd_sc_hd__nand4_4".
Reading "sky130_fd_sc_hd__a22oi_2".
Reading "sky130_fd_sc_hd__a221o_1".
Reading "sky130_fd_sc_hd__o32a_1".
Reading "sky130_fd_sc_hd__mux2_1".
Reading "sky130_fd_sc_hd__a21oi_4".
Reading "sky130_fd_sc_hd__nand3_4".
Reading "sky130_fd_sc_hd__buf_2".
Reading "sky130_fd_sc_hd__clkbuf_16".
Reading "sky130_fd_sc_hd__nor3_2".
Reading "sky130_fd_sc_hd__and2_2".
Reading "sky130_fd_sc_hd__and4bb_1".
Reading "sky130_fd_sc_hd__o211ai_2".
Reading "sky130_fd_sc_hd__or4_1".
Reading "sky130_fd_sc_hd__or4_2".
Reading "sky130_fd_sc_hd__nand3b_1".
Reading "sky130_fd_sc_hd__nor2_2".
Reading "sky130_fd_sc_hd__nor2_4".
Reading "sky130_fd_sc_hd__nor4_2".
Reading "sky130_fd_sc_hd__nor4_4".
Reading "sky130_fd_sc_hd__or4_4".
Reading "sky130_fd_sc_hd__o22ai_2".
Reading "sky130_fd_sc_hd__nand2_4".
Reading "sky130_fd_sc_hd__o21ba_2".
Reading "sky130_fd_sc_hd__and3_4".
Reading "sky130_fd_sc_hd__a221oi_2".
Reading "sky130_fd_sc_hd__nand2_8".
Reading "sky130_fd_sc_hd__or4bb_1".
Reading "sky130_fd_sc_hd__o211a_1".
Reading "sky130_fd_sc_hd__clkbuf_4".
Reading "sky130_fd_sc_hd__clkbuf_2".
Reading "sky130_fd_sc_hd__or2_2".
Reading "sky130_fd_sc_hd__a21bo_4".
Reading "sky130_fd_sc_hd__a21boi_2".
Reading "sky130_fd_sc_hd__and4_2".
Reading "sky130_fd_sc_hd__a211oi_4".
Reading "sky130_fd_sc_hd__a211oi_2".
Reading "sky130_fd_sc_hd__o211a_2".
Reading "sky130_fd_sc_hd__a31oi_2".
Reading "sky130_fd_sc_hd__a31oi_1".
Reading "sky130_fd_sc_hd__o211ai_1".
Reading "sky130_fd_sc_hd__a311oi_1".
Reading "sky130_fd_sc_hd__mux4_1".
Reading "sky130_fd_sc_hd__dlymetal6s2s_1".
Reading "sky130_fd_sc_hd__a21boi_1".
Reading "sky130_fd_sc_hd__a22oi_4".
Reading "sky130_fd_sc_hd__o211ai_4".
Reading "sky130_fd_sc_hd__a311o_1".
Reading "sky130_fd_sc_hd__a21o_2".
Reading "sky130_fd_sc_hd__a32oi_4".
Reading "sky130_fd_sc_hd__o311a_1".
Reading "sky130_fd_sc_hd__buf_8".
Reading "sky130_fd_sc_hd__a211o_2".
Reading "sky130_fd_sc_hd__a211oi_1".
Reading "sky130_fd_sc_hd__or3_2".
Reading "sky130_fd_sc_hd__or3_4".
Reading "sky130_fd_sc_hd__o221ai_1".
Reading "sky130_fd_sc_hd__a31o_2".
Reading "sky130_fd_sc_hd__nor2_8".
Reading "sky130_fd_sc_hd__nand3b_2".
Reading "sky130_fd_sc_hd__o2bb2a_2".
Reading "sky130_fd_sc_hd__or2_4".
Reading "sky130_fd_sc_hd__or4b_2".
Reading "sky130_fd_sc_hd__a2bb2o_1".
Reading "sky130_fd_sc_hd__a32oi_2".
Reading "sky130_fd_sc_hd__o31a_1".
Reading "sky130_fd_sc_hd__and2_4".
Reading "sky130_fd_sc_hd__or4b_1".
Reading "sky130_fd_sc_hd__o21bai_2".
Reading "sky130_fd_sc_hd__nor3b_2".
Reading "sky130_fd_sc_hd__clkinv_4".
Reading "sky130_fd_sc_hd__xor2_4".
Reading "sky130_fd_sc_hd__or3b_1".
Reading "sky130_fd_sc_hd__nand2b_2".
Reading "sky130_fd_sc_hd__o31ai_2".
Reading "sky130_fd_sc_hd__or4bb_2".
Reading "sky130_fd_sc_hd__o31ai_4".
Reading "sky130_fd_sc_hd__nor4_1".
Reading "sky130_fd_sc_hd__or4bb_4".
Reading "sky130_fd_sc_hd__or3b_2".
Reading "sky130_fd_sc_hd__o311ai_4".
Reading "sky130_fd_sc_hd__or4b_4".
Reading "sky130_fd_sc_hd__dfxtp_4".
Reading "sky130_fd_sc_hd__a2111oi_1".
CIF file read warning: CIF style sky130(): units rescaled by factor of 5 / 1
CIF file read warning: Input off lambda grid by 2/5; snapped to grid.
Reading "sky130_fd_sc_hd__and4bb_2".
Reading "sky130_fd_sc_hd__nor3_4".
Reading "sky130_fd_sc_hd__clkinv_8".
Reading "sky130_fd_sc_hd__a41o_1".
Reading "sky130_fd_sc_hd__nand3b_4".
Reading "sky130_fd_sc_hd__o22ai_1".
Reading "sky130_fd_sc_hd__o31ai_1".
Reading "sky130_fd_sc_hd__clkbuf_1".
Reading "sky130_fd_sc_hd__a2bb2oi_1".
Reading "sky130_fd_sc_hd__inv_4".
Reading "sky130_fd_sc_hd__and4b_1".
Reading "sky130_fd_sc_hd__o211a_4".
Reading "sky130_fd_sc_hd__a31oi_4".
Reading "sky130_fd_sc_hd__nor3b_1".
Reading "sky130_fd_sc_hd__clkinv_16".
Reading "sky130_fd_sc_hd__inv_12".
Reading "sky130_fd_sc_hd__a311oi_2".
Reading "sky130_fd_sc_hd__o31a_2".
Reading "sky130_fd_sc_hd__inv_16".
Reading "sky130_fd_sc_hd__a21bo_2".
Reading "sky130_fd_sc_hd__a32o_2".
Reading "sky130_fd_sc_hd__o2111a_1".
Reading "sky130_fd_sc_hd__buf_12".
Reading "sky130_fd_sc_hd__nand2b_4".
Reading "sky130_fd_sc_hd__a41o_2".
Reading "sky130_fd_sc_hd__o41ai_1".
Reading "sky130_fd_sc_hd__conb_1".
Reading "sky130_fd_sc_hd__a311oi_4".
Reading "sky130_fd_sc_hd__and2b_4".
Reading "sky130_fd_sc_hd__a2111o_1".
Reading "sky130_fd_sc_hd__mux2_2".
Reading "sky130_fd_sc_hd__o21bai_4".
Reading "sky130_fd_sc_hd__o221a_2".
Reading "sky130_fd_sc_hd__o41a_1".
Reading "sky130_fd_sc_hd__a311o_2".
Reading "sky130_fd_sc_hd__o21ai_4".
Reading "sky130_fd_sc_hd__a21o_4".
Reading "sky130_fd_sc_hd__mux4_2".
Reading "sky130_fd_sc_hd__o21a_4".
Reading "sky130_fd_sc_hd__a41oi_2".
Reading "sky130_fd_sc_hd__o32ai_1".
Reading "sky130_fd_sc_hd__clkdlybuf4s25_1".
Reading "sky130_fd_sc_hd__o221ai_4".
Reading "sky130_fd_sc_hd__or3b_4".
Reading "sky130_fd_sc_hd__o2111ai_4".
Reading "sky130_fd_sc_hd__o32ai_4".
Reading "sky130_fd_sc_hd__nor4b_1".
Reading "sky130_fd_sc_hd__o21a_2".
Reading "sky130_fd_sc_hd__o21ba_4".
Reading "sky130_fd_sc_hd__o2111a_2".
Reading "sky130_fd_sc_hd__a41oi_1".
Reading "sky130_fd_sc_hd__a41oi_4".
Reading "sky130_fd_sc_hd__o22a_2".
Reading "sky130_fd_sc_hd__a31o_4".
Reading "sky130_fd_sc_hd__a2bb2o_2".
Reading "sky130_fd_sc_hd__a221oi_4".
Reading "sky130_fd_sc_hd__inv_8".
Reading "sky130_fd_sc_hd__inv_6".
Reading "sky130_fd_sc_hd__a21boi_4".
Reading "sky130_fd_sc_hd__o22ai_4".
Reading "sky130_fd_sc_hd__o2bb2ai_1".
Reading "sky130_fd_sc_hd__a32oi_1".
Reading "sky130_fd_sc_hd__o2111ai_1".
Reading "sky130_fd_sc_hd__and4_4".
Reading "sky130_fd_sc_hd__a22o_2".
Reading "sky130_fd_sc_hd__o2111ai_2".
Reading "sky130_fd_sc_hd__o32ai_2".
Reading "sky130_fd_sc_hd__a2111o_2".
Reading "sky130_fd_sc_hd__o22a_4".
Reading "sky130_fd_sc_hd__o32a_2".
Reading "sky130_fd_sc_hd__a41o_4".
Reading "sky130_fd_sc_hd__o221ai_2".
Reading "sky130_fd_sc_hd__o311a_4".
Reading "sky130_fd_sc_hd__o311a_2".
Reading "sky130_fd_sc_hd__mux2_4".
Reading "sky130_fd_sc_hd__o311ai_1".
Reading "sky130_fd_sc_hd__a221oi_1".
Reading "sky130_fd_sc_hd__a221o_2".
Reading "sky130_fd_sc_hd__nor3b_4".
Reading "sky130_fd_sc_hd__o41ai_4".
Reading "sky130_fd_sc_hd__nand4b_2".
Reading "sky130_fd_sc_hd__a2111oi_4".
Reading "sky130_fd_sc_hd__a2bb2oi_2".
Reading "sky130_fd_sc_hd__a2111oi_2".
Reading "sky130_fd_sc_hd__o41a_2".
Reading "sky130_fd_sc_hd__a211o_4".
Reading "sky130_fd_sc_hd__nand4b_1".
Reading "sky130_fd_sc_hd__a311o_4".
Reading "sky130_fd_sc_hd__and3b_2".
Reading "sky130_fd_sc_hd__o2bb2ai_2".
Reading "sky130_fd_sc_hd__o311ai_2".
Reading "sky130_fd_sc_hd__o32a_4".
Reading "sky130_fd_sc_hd__mux2_8".
Reading "sky130_fd_sc_hd__o31a_4".
Reading "sky130_fd_sc_hd__and4b_4".
Reading "sky130_fd_sc_hd__a221o_4".
Reading "sky130_fd_sc_hd__and3b_4".
Reading "sky130_fd_sc_hd__o2bb2a_4".
Reading "sky130_fd_sc_hd__and4b_2".
Reading "sky130_fd_sc_hd__a32o_4".
Reading "sky130_fd_sc_hd__o41ai_2".
Reading "sky130_fd_sc_hd__a22o_4".
Reading "user_proj_example".
    5000 uses
    10000 uses
    15000 uses
    20000 uses
    25000 uses
    30000 uses
    35000 uses
    40000 uses
    45000 uses
    50000 uses
    55000 uses
    60000 uses
    65000 uses
    70000 uses
    75000 uses
    80000 uses
    85000 uses
    90000 uses
    95000 uses
    100000 uses
    105000 uses
    110000 uses
    115000 uses
    120000 uses
    125000 uses
    130000 uses
    135000 uses
    140000 uses
    145000 uses
    150000 uses
    155000 uses
    160000 uses
    165000 uses
    170000 uses
    175000 uses
    180000 uses
    185000 uses
    190000 uses
    195000 uses
    200000 uses
    205000 uses
    210000 uses
    215000 uses
    220000 uses
    225000 uses
    230000 uses
    235000 uses
    240000 uses
    245000 uses
    250000 uses
    255000 uses
    260000 uses
    265000 uses
    270000 uses
    275000 uses
    280000 uses
    285000 uses
    290000 uses
    295000 uses
    300000 uses
    305000 uses
    310000 uses
    315000 uses
    320000 uses
    325000 uses
    330000 uses
    335000 uses
    340000 uses
    345000 uses
    350000 uses
    355000 uses
    360000 uses
    365000 uses
    370000 uses
    375000 uses
    380000 uses
    385000 uses
    390000 uses
    395000 uses
    400000 uses
    405000 uses
    410000 uses
    415000 uses
    420000 uses
    425000 uses
    430000 uses
    435000 uses
    440000 uses
    445000 uses
    450000 uses
    455000 uses
    460000 uses
    465000 uses
    470000 uses
    475000 uses
    480000 uses
    485000 uses
    490000 uses
    495000 uses
    500000 uses
    505000 uses
    510000 uses
    515000 uses
    520000 uses
    525000 uses
    530000 uses
    535000 uses
    540000 uses
    545000 uses
    550000 uses
    555000 uses
    560000 uses
    565000 uses
    570000 uses
    575000 uses
    580000 uses
    585000 uses
    590000 uses
    595000 uses
    600000 uses
    605000 uses
    610000 uses
    615000 uses
    620000 uses
    625000 uses
    630000 uses
    635000 uses
    640000 uses
    645000 uses
    650000 uses
    655000 uses
    660000 uses
    665000 uses
    670000 uses
    675000 uses
    680000 uses
    685000 uses
    690000 uses
    695000 uses
    700000 uses
    705000 uses
    710000 uses
    715000 uses
    720000 uses
    725000 uses
    730000 uses
    735000 uses
    740000 uses
    745000 uses
    750000 uses
    755000 uses
    760000 uses
    765000 uses
    770000 uses
    775000 uses
    780000 uses
    785000 uses
    790000 uses
    795000 uses
    800000 uses
    805000 uses
    810000 uses
    815000 uses
    820000 uses
    825000 uses
    830000 uses
    835000 uses
    840000 uses
    845000 uses
    850000 uses
    855000 uses
    860000 uses
    865000 uses
    870000 uses
    875000 uses
    880000 uses
    885000 uses
    890000 uses
    895000 uses
    900000 uses
    905000 uses
    910000 uses
    915000 uses
    920000 uses
    925000 uses
    930000 uses
    935000 uses
    940000 uses
    945000 uses
    950000 uses
    955000 uses
    960000 uses
    965000 uses
    970000 uses
    975000 uses
    980000 uses
    985000 uses
    990000 uses
    995000 uses
    1000000 uses
    1005000 uses
    1010000 uses
    1015000 uses
    1020000 uses
    1025000 uses
    1030000 uses
    1035000 uses
    1040000 uses
    1045000 uses
    1050000 uses
    1055000 uses
    1060000 uses
    1065000 uses
    1070000 uses
    1075000 uses
    1080000 uses
    1085000 uses
    1090000 uses
    1095000 uses
    1100000 uses
    1105000 uses
    1110000 uses
    1115000 uses
    1120000 uses
    1125000 uses
    1130000 uses
    1135000 uses
    1140000 uses
Reading "user_project_wrapper".
The following types are not handled by extraction and will be treated as non-electrical types:
    ubm 
Extraction style is now "ngspice()"
Processing sky130_fd_sc_hd__decap_3
Processing sky130_ef_sc_hd__decap_12
Processing sky130_fd_sc_hd__decap_6
Processing sky130_fd_sc_hd__decap_8
Processing sky130_fd_sc_hd__dlygate4sd3_1
Processing sky130_fd_sc_hd__diode_2
Processing sky130_fd_sc_hd__decap_4
Processing sky130_fd_sc_hd__nor2_1
Processing sky130_fd_sc_hd__or2_1
Processing sky130_fd_sc_hd__nand2_1
Processing sky130_fd_sc_hd__dfxtp_1
Processing sky130_fd_sc_hd__clkbuf_8
Processing sky130_fd_sc_hd__o21ba_1
Processing sky130_fd_sc_hd__buf_6
Processing sky130_fd_sc_hd__a22o_1
Processing sky130_fd_sc_hd__and3_1
Processing sky130_fd_sc_hd__a21o_1
Processing sky130_fd_sc_hd__nand2b_1
Processing sky130_fd_sc_hd__and2_1
Processing sky130_fd_sc_hd__o21bai_1
Processing sky130_fd_sc_hd__or3_1
Processing sky130_fd_sc_hd__o21ai_1
Processing sky130_fd_sc_hd__a21oi_1
Processing sky130_fd_sc_hd__nand4_1
Processing sky130_fd_sc_hd__nand3_1
Processing sky130_fd_sc_hd__a21bo_1
Processing sky130_fd_sc_hd__buf_1
Processing sky130_fd_sc_hd__xnor2_2
Processing sky130_fd_sc_hd__and2b_2
Processing sky130_fd_sc_hd__o221a_1
Processing sky130_fd_sc_hd__o2bb2a_1
Processing sky130_fd_sc_hd__buf_4
Processing sky130_fd_sc_hd__dfxtp_2
Processing sky130_fd_sc_hd__nand4_2
Processing sky130_fd_sc_hd__xor2_2
Processing sky130_fd_sc_hd__o21a_1
Processing sky130_fd_sc_hd__a21oi_2
Processing sky130_fd_sc_hd__a31o_1
Processing sky130_fd_sc_hd__and3b_1
Processing sky130_fd_sc_hd__xnor2_4
Processing sky130_fd_sc_hd__xnor2_1
Processing sky130_fd_sc_hd__nor3_1
Processing sky130_fd_sc_hd__and4_1
Processing sky130_fd_sc_hd__a22oi_1
Processing sky130_fd_sc_hd__nand3_2
Processing sky130_fd_sc_hd__xor2_1
Processing sky130_fd_sc_hd__inv_2
Processing sky130_fd_sc_hd__a211o_1
Processing sky130_fd_sc_hd__o22a_1
Processing sky130_fd_sc_hd__a32o_1
Processing sky130_fd_sc_hd__nand2_2
Processing sky130_fd_sc_hd__and2b_1
Processing sky130_fd_sc_hd__o21ai_2
Processing sky130_fd_sc_hd__and3_2
Processing sky130_fd_sc_hd__nand4_4
Processing sky130_fd_sc_hd__a22oi_2
Processing sky130_fd_sc_hd__a221o_1
Processing sky130_fd_sc_hd__o32a_1
Processing sky130_fd_sc_hd__mux2_1
Processing sky130_fd_sc_hd__a21oi_4
Processing sky130_fd_sc_hd__nand3_4
Processing sky130_fd_sc_hd__buf_2
Processing sky130_fd_sc_hd__clkbuf_16
Processing sky130_fd_sc_hd__nor3_2
Processing sky130_fd_sc_hd__and2_2
Processing sky130_fd_sc_hd__and4bb_1
Processing sky130_fd_sc_hd__o211ai_2
Processing sky130_fd_sc_hd__or4_1
Processing sky130_fd_sc_hd__or4_2
Processing sky130_fd_sc_hd__nand3b_1
Processing sky130_fd_sc_hd__nor2_2
Processing sky130_fd_sc_hd__nor2_4
Processing sky130_fd_sc_hd__nor4_2
Processing sky130_fd_sc_hd__nor4_4
Processing sky130_fd_sc_hd__or4_4
Processing sky130_fd_sc_hd__o22ai_2
Processing sky130_fd_sc_hd__nand2_4
Processing sky130_fd_sc_hd__o21ba_2
Processing sky130_fd_sc_hd__and3_4
Processing sky130_fd_sc_hd__a221oi_2
Processing sky130_fd_sc_hd__nand2_8
Processing sky130_fd_sc_hd__or4bb_1
Processing sky130_fd_sc_hd__o211a_1
Processing sky130_fd_sc_hd__clkbuf_4
Processing sky130_fd_sc_hd__clkbuf_2
Processing sky130_fd_sc_hd__or2_2
Processing sky130_fd_sc_hd__a21bo_4
Processing sky130_fd_sc_hd__a21boi_2
Processing sky130_fd_sc_hd__and4_2
Processing sky130_fd_sc_hd__a211oi_4
Processing sky130_fd_sc_hd__a211oi_2
Processing sky130_fd_sc_hd__o211a_2
Processing sky130_fd_sc_hd__a31oi_2
Processing sky130_fd_sc_hd__a31oi_1
Processing sky130_fd_sc_hd__o211ai_1
Processing sky130_fd_sc_hd__a311oi_1
Processing sky130_fd_sc_hd__mux4_1
Processing sky130_fd_sc_hd__dlymetal6s2s_1
Processing sky130_fd_sc_hd__a21boi_1
Processing sky130_fd_sc_hd__a22oi_4
Processing sky130_fd_sc_hd__o211ai_4
Processing sky130_fd_sc_hd__a311o_1
Processing sky130_fd_sc_hd__a21o_2
Processing sky130_fd_sc_hd__a32oi_4
Processing sky130_fd_sc_hd__o311a_1
Processing sky130_fd_sc_hd__buf_8
Processing sky130_fd_sc_hd__a211o_2
Processing sky130_fd_sc_hd__a211oi_1
Processing sky130_fd_sc_hd__or3_2
Processing sky130_fd_sc_hd__or3_4
Processing sky130_fd_sc_hd__o221ai_1
Processing sky130_fd_sc_hd__a31o_2
Processing sky130_fd_sc_hd__nor2_8
Processing sky130_fd_sc_hd__nand3b_2
Processing sky130_fd_sc_hd__o2bb2a_2
Processing sky130_fd_sc_hd__or2_4
Processing sky130_fd_sc_hd__or4b_2
Processing sky130_fd_sc_hd__a2bb2o_1
Processing sky130_fd_sc_hd__a32oi_2
Processing sky130_fd_sc_hd__o31a_1
Processing sky130_fd_sc_hd__and2_4
Processing sky130_fd_sc_hd__or4b_1
Processing sky130_fd_sc_hd__o21bai_2
Processing sky130_fd_sc_hd__nor3b_2
Processing sky130_fd_sc_hd__clkinv_4
Processing sky130_fd_sc_hd__xor2_4
Processing sky130_fd_sc_hd__or3b_1
Processing sky130_fd_sc_hd__nand2b_2
Processing sky130_fd_sc_hd__o31ai_2
Processing sky130_fd_sc_hd__or4bb_2
Processing sky130_fd_sc_hd__o31ai_4
Processing sky130_fd_sc_hd__nor4_1
Processing sky130_fd_sc_hd__or4bb_4
Processing sky130_fd_sc_hd__or3b_2
Processing sky130_fd_sc_hd__o311ai_4
Processing sky130_fd_sc_hd__or4b_4
Processing sky130_fd_sc_hd__dfxtp_4
Processing sky130_fd_sc_hd__a2111oi_1
Processing sky130_fd_sc_hd__and4bb_2
Processing sky130_fd_sc_hd__nor3_4
Processing sky130_fd_sc_hd__clkinv_8
Processing sky130_fd_sc_hd__a41o_1
Processing sky130_fd_sc_hd__nand3b_4
Processing sky130_fd_sc_hd__o22ai_1
Processing sky130_fd_sc_hd__o31ai_1
Processing sky130_fd_sc_hd__clkbuf_1
Processing sky130_fd_sc_hd__a2bb2oi_1
Processing sky130_fd_sc_hd__inv_4
Processing sky130_fd_sc_hd__and4b_1
Processing sky130_fd_sc_hd__o211a_4
Processing sky130_fd_sc_hd__a31oi_4
Processing sky130_fd_sc_hd__nor3b_1
Processing sky130_fd_sc_hd__clkinv_16
Processing sky130_fd_sc_hd__inv_12
Processing sky130_fd_sc_hd__a311oi_2
Processing sky130_fd_sc_hd__o31a_2
Processing sky130_fd_sc_hd__inv_16
Processing sky130_fd_sc_hd__a21bo_2
Processing sky130_fd_sc_hd__a32o_2
Processing sky130_fd_sc_hd__o2111a_1
Processing sky130_fd_sc_hd__buf_12
Processing sky130_fd_sc_hd__nand2b_4
Processing sky130_fd_sc_hd__a41o_2
Processing sky130_fd_sc_hd__o41ai_1
Processing sky130_fd_sc_hd__conb_1
Processing sky130_fd_sc_hd__a311oi_4
Processing sky130_fd_sc_hd__and2b_4
Processing sky130_fd_sc_hd__a2111o_1
Processing sky130_fd_sc_hd__mux2_2
Processing sky130_fd_sc_hd__o21bai_4
Processing sky130_fd_sc_hd__o221a_2
Processing sky130_fd_sc_hd__o41a_1
Processing sky130_fd_sc_hd__a311o_2
Processing sky130_fd_sc_hd__o21ai_4
Processing sky130_fd_sc_hd__a21o_4
Processing sky130_fd_sc_hd__mux4_2
Processing sky130_fd_sc_hd__o21a_4
Processing sky130_fd_sc_hd__a41oi_2
Processing sky130_fd_sc_hd__o32ai_1
Processing sky130_fd_sc_hd__clkdlybuf4s25_1
Processing sky130_fd_sc_hd__o221ai_4
Processing sky130_fd_sc_hd__or3b_4
Processing sky130_fd_sc_hd__o2111ai_4
Processing sky130_fd_sc_hd__o32ai_4
Processing sky130_fd_sc_hd__nor4b_1
Processing sky130_fd_sc_hd__o21a_2
Processing sky130_fd_sc_hd__o21ba_4
Processing sky130_fd_sc_hd__o2111a_2
Processing sky130_fd_sc_hd__a41oi_1
Processing sky130_fd_sc_hd__a41oi_4
Processing sky130_fd_sc_hd__o22a_2
Processing sky130_fd_sc_hd__a31o_4
Processing sky130_fd_sc_hd__a2bb2o_2
Processing sky130_fd_sc_hd__a221oi_4
Processing sky130_fd_sc_hd__inv_8
Processing sky130_fd_sc_hd__inv_6
Processing sky130_fd_sc_hd__a21boi_4
Processing sky130_fd_sc_hd__o22ai_4
Processing sky130_fd_sc_hd__o2bb2ai_1
Processing sky130_fd_sc_hd__a32oi_1
Processing sky130_fd_sc_hd__o2111ai_1
Processing sky130_fd_sc_hd__and4_4
Processing sky130_fd_sc_hd__a22o_2
Processing sky130_fd_sc_hd__o2111ai_2
Processing sky130_fd_sc_hd__o32ai_2
Processing sky130_fd_sc_hd__a2111o_2
Processing sky130_fd_sc_hd__o22a_4
Processing sky130_fd_sc_hd__o32a_2
Processing sky130_fd_sc_hd__a41o_4
Processing sky130_fd_sc_hd__o221ai_2
Processing sky130_fd_sc_hd__o311a_4
Processing sky130_fd_sc_hd__o311a_2
Processing sky130_fd_sc_hd__mux2_4
Processing sky130_fd_sc_hd__o311ai_1
Processing sky130_fd_sc_hd__a221oi_1
Processing sky130_fd_sc_hd__a221o_2
Processing sky130_fd_sc_hd__nor3b_4
Processing sky130_fd_sc_hd__o41ai_4
Processing sky130_fd_sc_hd__nand4b_2
Processing sky130_fd_sc_hd__a2111oi_4
Processing sky130_fd_sc_hd__a2bb2oi_2
Processing sky130_fd_sc_hd__a2111oi_2
Processing sky130_fd_sc_hd__o41a_2
Processing sky130_fd_sc_hd__a211o_4
Processing sky130_fd_sc_hd__nand4b_1
Processing sky130_fd_sc_hd__a311o_4
Processing sky130_fd_sc_hd__and3b_2
Processing sky130_fd_sc_hd__o2bb2ai_2
Processing sky130_fd_sc_hd__o311ai_2
Processing sky130_fd_sc_hd__o32a_4
Processing sky130_fd_sc_hd__mux2_8
Processing sky130_fd_sc_hd__o31a_4
Processing sky130_fd_sc_hd__and4b_4
Processing sky130_fd_sc_hd__a221o_4
Processing sky130_fd_sc_hd__and3b_4
Processing sky130_fd_sc_hd__o2bb2a_4
Processing sky130_fd_sc_hd__and4b_2
Processing sky130_fd_sc_hd__a32o_4
Processing sky130_fd_sc_hd__o41ai_2
Processing sky130_fd_sc_hd__a22o_4
Processing user_proj_example
Processing user_project_wrapper
Extracting sky130_fd_sc_hd__tapvpwrvgnd_1 into sky130_fd_sc_hd__tapvpwrvgnd_1.ext:
Extracting sky130_fd_sc_hd__decap_3 into sky130_fd_sc_hd__decap_3.ext:
sky130_fd_sc_hd__decap_3: 2 warnings
Extracting sky130_fd_sc_hd__fill_2 into sky130_fd_sc_hd__fill_2.ext:
Extracting sky130_ef_sc_hd__decap_12 into sky130_ef_sc_hd__decap_12.ext:
sky130_ef_sc_hd__decap_12: 2 warnings
Extracting sky130_fd_sc_hd__fill_1 into sky130_fd_sc_hd__fill_1.ext:
Extracting sky130_fd_sc_hd__decap_6 into sky130_fd_sc_hd__decap_6.ext:
sky130_fd_sc_hd__decap_6: 2 warnings
Extracting sky130_fd_sc_hd__decap_8 into sky130_fd_sc_hd__decap_8.ext:
sky130_fd_sc_hd__decap_8: 2 warnings
Extracting sky130_fd_sc_hd__dlygate4sd3_1 into sky130_fd_sc_hd__dlygate4sd3_1.ext:
Extracting sky130_fd_sc_hd__diode_2 into sky130_fd_sc_hd__diode_2.ext:
Extracting sky130_fd_sc_hd__decap_4 into sky130_fd_sc_hd__decap_4.ext:
sky130_fd_sc_hd__decap_4: 2 warnings
Extracting sky130_fd_sc_hd__nor2_1 into sky130_fd_sc_hd__nor2_1.ext:
Extracting sky130_fd_sc_hd__or2_1 into sky130_fd_sc_hd__or2_1.ext:
Extracting sky130_fd_sc_hd__nand2_1 into sky130_fd_sc_hd__nand2_1.ext:
Extracting sky130_fd_sc_hd__dfxtp_1 into sky130_fd_sc_hd__dfxtp_1.ext:
Extracting sky130_fd_sc_hd__clkbuf_8 into sky130_fd_sc_hd__clkbuf_8.ext:
Extracting sky130_fd_sc_hd__o21ba_1 into sky130_fd_sc_hd__o21ba_1.ext:
Extracting sky130_fd_sc_hd__buf_6 into sky130_fd_sc_hd__buf_6.ext:
Extracting sky130_fd_sc_hd__a22o_1 into sky130_fd_sc_hd__a22o_1.ext:
Extracting sky130_fd_sc_hd__and3_1 into sky130_fd_sc_hd__and3_1.ext:
Extracting sky130_fd_sc_hd__a21o_1 into sky130_fd_sc_hd__a21o_1.ext:
Extracting sky130_fd_sc_hd__nand2b_1 into sky130_fd_sc_hd__nand2b_1.ext:
Extracting sky130_fd_sc_hd__and2_1 into sky130_fd_sc_hd__and2_1.ext:
Extracting sky130_fd_sc_hd__o21bai_1 into sky130_fd_sc_hd__o21bai_1.ext:
Extracting sky130_fd_sc_hd__or3_1 into sky130_fd_sc_hd__or3_1.ext:
Extracting sky130_fd_sc_hd__o21ai_1 into sky130_fd_sc_hd__o21ai_1.ext:
Extracting sky130_fd_sc_hd__a21oi_1 into sky130_fd_sc_hd__a21oi_1.ext:
Extracting sky130_fd_sc_hd__nand4_1 into sky130_fd_sc_hd__nand4_1.ext:
Extracting sky130_fd_sc_hd__nand3_1 into sky130_fd_sc_hd__nand3_1.ext:
Extracting sky130_fd_sc_hd__a21bo_1 into sky130_fd_sc_hd__a21bo_1.ext:
Extracting sky130_fd_sc_hd__buf_1 into sky130_fd_sc_hd__buf_1.ext:
Extracting sky130_fd_sc_hd__xnor2_2 into sky130_fd_sc_hd__xnor2_2.ext:
Extracting sky130_fd_sc_hd__and2b_2 into sky130_fd_sc_hd__and2b_2.ext:
Extracting sky130_fd_sc_hd__o221a_1 into sky130_fd_sc_hd__o221a_1.ext:
Extracting sky130_fd_sc_hd__o2bb2a_1 into sky130_fd_sc_hd__o2bb2a_1.ext:
Extracting sky130_fd_sc_hd__buf_4 into sky130_fd_sc_hd__buf_4.ext:
Extracting sky130_fd_sc_hd__dfxtp_2 into sky130_fd_sc_hd__dfxtp_2.ext:
Extracting sky130_fd_sc_hd__nand4_2 into sky130_fd_sc_hd__nand4_2.ext:
Extracting sky130_fd_sc_hd__xor2_2 into sky130_fd_sc_hd__xor2_2.ext:
Extracting sky130_fd_sc_hd__o21a_1 into sky130_fd_sc_hd__o21a_1.ext:
Extracting sky130_fd_sc_hd__a21oi_2 into sky130_fd_sc_hd__a21oi_2.ext:
Extracting sky130_fd_sc_hd__a31o_1 into sky130_fd_sc_hd__a31o_1.ext:
Extracting sky130_fd_sc_hd__and3b_1 into sky130_fd_sc_hd__and3b_1.ext:
Extracting sky130_fd_sc_hd__xnor2_4 into sky130_fd_sc_hd__xnor2_4.ext:
Extracting sky130_fd_sc_hd__xnor2_1 into sky130_fd_sc_hd__xnor2_1.ext:
Extracting sky130_fd_sc_hd__nor3_1 into sky130_fd_sc_hd__nor3_1.ext:
Extracting sky130_fd_sc_hd__and4_1 into sky130_fd_sc_hd__and4_1.ext:
Extracting sky130_fd_sc_hd__a22oi_1 into sky130_fd_sc_hd__a22oi_1.ext:
Extracting sky130_fd_sc_hd__nand3_2 into sky130_fd_sc_hd__nand3_2.ext:
Extracting sky130_fd_sc_hd__xor2_1 into sky130_fd_sc_hd__xor2_1.ext:
Extracting sky130_fd_sc_hd__inv_2 into sky130_fd_sc_hd__inv_2.ext:
Extracting sky130_fd_sc_hd__a211o_1 into sky130_fd_sc_hd__a211o_1.ext:
Extracting sky130_fd_sc_hd__o22a_1 into sky130_fd_sc_hd__o22a_1.ext:
Extracting sky130_fd_sc_hd__a32o_1 into sky130_fd_sc_hd__a32o_1.ext:
Extracting sky130_fd_sc_hd__nand2_2 into sky130_fd_sc_hd__nand2_2.ext:
Extracting sky130_fd_sc_hd__and2b_1 into sky130_fd_sc_hd__and2b_1.ext:
Extracting sky130_fd_sc_hd__o21ai_2 into sky130_fd_sc_hd__o21ai_2.ext:
Extracting sky130_fd_sc_hd__and3_2 into sky130_fd_sc_hd__and3_2.ext:
Extracting sky130_fd_sc_hd__nand4_4 into sky130_fd_sc_hd__nand4_4.ext:
Extracting sky130_fd_sc_hd__a22oi_2 into sky130_fd_sc_hd__a22oi_2.ext:
Extracting sky130_fd_sc_hd__a221o_1 into sky130_fd_sc_hd__a221o_1.ext:
Extracting sky130_fd_sc_hd__o32a_1 into sky130_fd_sc_hd__o32a_1.ext:
Extracting sky130_fd_sc_hd__mux2_1 into sky130_fd_sc_hd__mux2_1.ext:
Extracting sky130_fd_sc_hd__a21oi_4 into sky130_fd_sc_hd__a21oi_4.ext:
Extracting sky130_fd_sc_hd__nand3_4 into sky130_fd_sc_hd__nand3_4.ext:
Extracting sky130_fd_sc_hd__buf_2 into sky130_fd_sc_hd__buf_2.ext:
Extracting sky130_fd_sc_hd__clkbuf_16 into sky130_fd_sc_hd__clkbuf_16.ext:
Extracting sky130_fd_sc_hd__nor3_2 into sky130_fd_sc_hd__nor3_2.ext:
Extracting sky130_fd_sc_hd__and2_2 into sky130_fd_sc_hd__and2_2.ext:
Extracting sky130_fd_sc_hd__and4bb_1 into sky130_fd_sc_hd__and4bb_1.ext:
Extracting sky130_fd_sc_hd__o211ai_2 into sky130_fd_sc_hd__o211ai_2.ext:
Extracting sky130_fd_sc_hd__or4_1 into sky130_fd_sc_hd__or4_1.ext:
Extracting sky130_fd_sc_hd__or4_2 into sky130_fd_sc_hd__or4_2.ext:
Extracting sky130_fd_sc_hd__nand3b_1 into sky130_fd_sc_hd__nand3b_1.ext:
Extracting sky130_fd_sc_hd__nor2_2 into sky130_fd_sc_hd__nor2_2.ext:
Extracting sky130_fd_sc_hd__nor2_4 into sky130_fd_sc_hd__nor2_4.ext:
Extracting sky130_fd_sc_hd__nor4_2 into sky130_fd_sc_hd__nor4_2.ext:
Extracting sky130_fd_sc_hd__nor4_4 into sky130_fd_sc_hd__nor4_4.ext:
Extracting sky130_fd_sc_hd__or4_4 into sky130_fd_sc_hd__or4_4.ext:
Extracting sky130_fd_sc_hd__o22ai_2 into sky130_fd_sc_hd__o22ai_2.ext:
Extracting sky130_fd_sc_hd__nand2_4 into sky130_fd_sc_hd__nand2_4.ext:
Extracting sky130_fd_sc_hd__o21ba_2 into sky130_fd_sc_hd__o21ba_2.ext:
Extracting sky130_fd_sc_hd__and3_4 into sky130_fd_sc_hd__and3_4.ext:
Extracting sky130_fd_sc_hd__a221oi_2 into sky130_fd_sc_hd__a221oi_2.ext:
Extracting sky130_fd_sc_hd__nand2_8 into sky130_fd_sc_hd__nand2_8.ext:
Extracting sky130_fd_sc_hd__or4bb_1 into sky130_fd_sc_hd__or4bb_1.ext:
Extracting sky130_fd_sc_hd__o211a_1 into sky130_fd_sc_hd__o211a_1.ext:
Extracting sky130_fd_sc_hd__clkbuf_4 into sky130_fd_sc_hd__clkbuf_4.ext:
Extracting sky130_fd_sc_hd__clkbuf_2 into sky130_fd_sc_hd__clkbuf_2.ext:
Extracting sky130_fd_sc_hd__or2_2 into sky130_fd_sc_hd__or2_2.ext:
Extracting sky130_fd_sc_hd__a21bo_4 into sky130_fd_sc_hd__a21bo_4.ext:
Extracting sky130_fd_sc_hd__a21boi_2 into sky130_fd_sc_hd__a21boi_2.ext:
Extracting sky130_fd_sc_hd__and4_2 into sky130_fd_sc_hd__and4_2.ext:
Extracting sky130_fd_sc_hd__a211oi_4 into sky130_fd_sc_hd__a211oi_4.ext:
Extracting sky130_fd_sc_hd__a211oi_2 into sky130_fd_sc_hd__a211oi_2.ext:
Extracting sky130_fd_sc_hd__o211a_2 into sky130_fd_sc_hd__o211a_2.ext:
Extracting sky130_fd_sc_hd__a31oi_2 into sky130_fd_sc_hd__a31oi_2.ext:
Extracting sky130_fd_sc_hd__a31oi_1 into sky130_fd_sc_hd__a31oi_1.ext:
Extracting sky130_fd_sc_hd__o211ai_1 into sky130_fd_sc_hd__o211ai_1.ext:
Extracting sky130_fd_sc_hd__a311oi_1 into sky130_fd_sc_hd__a311oi_1.ext:
Extracting sky130_fd_sc_hd__mux4_1 into sky130_fd_sc_hd__mux4_1.ext:
Extracting sky130_fd_sc_hd__dlymetal6s2s_1 into sky130_fd_sc_hd__dlymetal6s2s_1.ext:
Extracting sky130_fd_sc_hd__a21boi_1 into sky130_fd_sc_hd__a21boi_1.ext:
Extracting sky130_fd_sc_hd__a22oi_4 into sky130_fd_sc_hd__a22oi_4.ext:
Extracting sky130_fd_sc_hd__o211ai_4 into sky130_fd_sc_hd__o211ai_4.ext:
Extracting sky130_fd_sc_hd__a311o_1 into sky130_fd_sc_hd__a311o_1.ext:
Extracting sky130_fd_sc_hd__a21o_2 into sky130_fd_sc_hd__a21o_2.ext:
Extracting sky130_fd_sc_hd__a32oi_4 into sky130_fd_sc_hd__a32oi_4.ext:
Extracting sky130_fd_sc_hd__o311a_1 into sky130_fd_sc_hd__o311a_1.ext:
Extracting sky130_fd_sc_hd__buf_8 into sky130_fd_sc_hd__buf_8.ext:
Extracting sky130_fd_sc_hd__a211o_2 into sky130_fd_sc_hd__a211o_2.ext:
Extracting sky130_fd_sc_hd__a211oi_1 into sky130_fd_sc_hd__a211oi_1.ext:
Extracting sky130_fd_sc_hd__or3_2 into sky130_fd_sc_hd__or3_2.ext:
Extracting sky130_fd_sc_hd__or3_4 into sky130_fd_sc_hd__or3_4.ext:
Extracting sky130_fd_sc_hd__o221ai_1 into sky130_fd_sc_hd__o221ai_1.ext:
Extracting sky130_fd_sc_hd__a31o_2 into sky130_fd_sc_hd__a31o_2.ext:
Extracting sky130_fd_sc_hd__nor2_8 into sky130_fd_sc_hd__nor2_8.ext:
Extracting sky130_fd_sc_hd__nand3b_2 into sky130_fd_sc_hd__nand3b_2.ext:
Extracting sky130_fd_sc_hd__o2bb2a_2 into sky130_fd_sc_hd__o2bb2a_2.ext:
Extracting sky130_fd_sc_hd__or2_4 into sky130_fd_sc_hd__or2_4.ext:
Extracting sky130_fd_sc_hd__or4b_2 into sky130_fd_sc_hd__or4b_2.ext:
Extracting sky130_fd_sc_hd__a2bb2o_1 into sky130_fd_sc_hd__a2bb2o_1.ext:
Extracting sky130_fd_sc_hd__a32oi_2 into sky130_fd_sc_hd__a32oi_2.ext:
Extracting sky130_fd_sc_hd__o31a_1 into sky130_fd_sc_hd__o31a_1.ext:
Extracting sky130_fd_sc_hd__and2_4 into sky130_fd_sc_hd__and2_4.ext:
Extracting sky130_fd_sc_hd__or4b_1 into sky130_fd_sc_hd__or4b_1.ext:
Extracting sky130_fd_sc_hd__o21bai_2 into sky130_fd_sc_hd__o21bai_2.ext:
Extracting sky130_fd_sc_hd__nor3b_2 into sky130_fd_sc_hd__nor3b_2.ext:
Extracting sky130_fd_sc_hd__clkinv_4 into sky130_fd_sc_hd__clkinv_4.ext:
Extracting sky130_fd_sc_hd__xor2_4 into sky130_fd_sc_hd__xor2_4.ext:
Extracting sky130_fd_sc_hd__or3b_1 into sky130_fd_sc_hd__or3b_1.ext:
Extracting sky130_fd_sc_hd__nand2b_2 into sky130_fd_sc_hd__nand2b_2.ext:
Extracting sky130_fd_sc_hd__o31ai_2 into sky130_fd_sc_hd__o31ai_2.ext:
Extracting sky130_fd_sc_hd__or4bb_2 into sky130_fd_sc_hd__or4bb_2.ext:
Extracting sky130_fd_sc_hd__o31ai_4 into sky130_fd_sc_hd__o31ai_4.ext:
Extracting sky130_fd_sc_hd__nor4_1 into sky130_fd_sc_hd__nor4_1.ext:
Extracting sky130_fd_sc_hd__or4bb_4 into sky130_fd_sc_hd__or4bb_4.ext:
Extracting sky130_fd_sc_hd__or3b_2 into sky130_fd_sc_hd__or3b_2.ext:
Extracting sky130_fd_sc_hd__o311ai_4 into sky130_fd_sc_hd__o311ai_4.ext:
Extracting sky130_fd_sc_hd__or4b_4 into sky130_fd_sc_hd__or4b_4.ext:
Extracting sky130_fd_sc_hd__dfxtp_4 into sky130_fd_sc_hd__dfxtp_4.ext:
Extracting sky130_fd_sc_hd__a2111oi_1 into sky130_fd_sc_hd__a2111oi_1.ext:
Extracting sky130_fd_sc_hd__and4bb_2 into sky130_fd_sc_hd__and4bb_2.ext:
Extracting sky130_fd_sc_hd__nor3_4 into sky130_fd_sc_hd__nor3_4.ext:
Extracting sky130_fd_sc_hd__clkinv_8 into sky130_fd_sc_hd__clkinv_8.ext:
Extracting sky130_fd_sc_hd__a41o_1 into sky130_fd_sc_hd__a41o_1.ext:
Extracting sky130_fd_sc_hd__nand3b_4 into sky130_fd_sc_hd__nand3b_4.ext:
Extracting sky130_fd_sc_hd__o22ai_1 into sky130_fd_sc_hd__o22ai_1.ext:
Extracting sky130_fd_sc_hd__o31ai_1 into sky130_fd_sc_hd__o31ai_1.ext:
Extracting sky130_fd_sc_hd__clkbuf_1 into sky130_fd_sc_hd__clkbuf_1.ext:
Extracting sky130_fd_sc_hd__a2bb2oi_1 into sky130_fd_sc_hd__a2bb2oi_1.ext:
Extracting sky130_fd_sc_hd__inv_4 into sky130_fd_sc_hd__inv_4.ext:
Extracting sky130_fd_sc_hd__and4b_1 into sky130_fd_sc_hd__and4b_1.ext:
Extracting sky130_fd_sc_hd__o211a_4 into sky130_fd_sc_hd__o211a_4.ext:
Extracting sky130_fd_sc_hd__a31oi_4 into sky130_fd_sc_hd__a31oi_4.ext:
Extracting sky130_fd_sc_hd__nor3b_1 into sky130_fd_sc_hd__nor3b_1.ext:
Extracting sky130_fd_sc_hd__clkinv_16 into sky130_fd_sc_hd__clkinv_16.ext:
Extracting sky130_fd_sc_hd__inv_12 into sky130_fd_sc_hd__inv_12.ext:
Extracting sky130_fd_sc_hd__a311oi_2 into sky130_fd_sc_hd__a311oi_2.ext:
Extracting sky130_fd_sc_hd__o31a_2 into sky130_fd_sc_hd__o31a_2.ext:
Extracting sky130_fd_sc_hd__inv_16 into sky130_fd_sc_hd__inv_16.ext:
Extracting sky130_fd_sc_hd__a21bo_2 into sky130_fd_sc_hd__a21bo_2.ext:
Extracting sky130_fd_sc_hd__a32o_2 into sky130_fd_sc_hd__a32o_2.ext:
Extracting sky130_fd_sc_hd__o2111a_1 into sky130_fd_sc_hd__o2111a_1.ext:
Extracting sky130_fd_sc_hd__buf_12 into sky130_fd_sc_hd__buf_12.ext:
Extracting sky130_fd_sc_hd__nand2b_4 into sky130_fd_sc_hd__nand2b_4.ext:
Extracting sky130_fd_sc_hd__a41o_2 into sky130_fd_sc_hd__a41o_2.ext:
Extracting sky130_fd_sc_hd__o41ai_1 into sky130_fd_sc_hd__o41ai_1.ext:
Extracting sky130_fd_sc_hd__conb_1 into sky130_fd_sc_hd__conb_1.ext:
Extracting sky130_fd_sc_hd__a311oi_4 into sky130_fd_sc_hd__a311oi_4.ext:
Extracting sky130_fd_sc_hd__and2b_4 into sky130_fd_sc_hd__and2b_4.ext:
Extracting sky130_fd_sc_hd__a2111o_1 into sky130_fd_sc_hd__a2111o_1.ext:
Extracting sky130_fd_sc_hd__mux2_2 into sky130_fd_sc_hd__mux2_2.ext:
Extracting sky130_fd_sc_hd__o21bai_4 into sky130_fd_sc_hd__o21bai_4.ext:
Extracting sky130_fd_sc_hd__o221a_2 into sky130_fd_sc_hd__o221a_2.ext:
Extracting sky130_fd_sc_hd__o41a_1 into sky130_fd_sc_hd__o41a_1.ext:
Extracting sky130_fd_sc_hd__a311o_2 into sky130_fd_sc_hd__a311o_2.ext:
Extracting sky130_fd_sc_hd__o21ai_4 into sky130_fd_sc_hd__o21ai_4.ext:
Extracting sky130_fd_sc_hd__a21o_4 into sky130_fd_sc_hd__a21o_4.ext:
Extracting sky130_fd_sc_hd__mux4_2 into sky130_fd_sc_hd__mux4_2.ext:
Extracting sky130_fd_sc_hd__o21a_4 into sky130_fd_sc_hd__o21a_4.ext:
Extracting sky130_fd_sc_hd__a41oi_2 into sky130_fd_sc_hd__a41oi_2.ext:
Extracting sky130_fd_sc_hd__o32ai_1 into sky130_fd_sc_hd__o32ai_1.ext:
Extracting sky130_fd_sc_hd__clkdlybuf4s25_1 into sky130_fd_sc_hd__clkdlybuf4s25_1.ext:
Extracting sky130_fd_sc_hd__o221ai_4 into sky130_fd_sc_hd__o221ai_4.ext:
Extracting sky130_fd_sc_hd__or3b_4 into sky130_fd_sc_hd__or3b_4.ext:
Extracting sky130_fd_sc_hd__o2111ai_4 into sky130_fd_sc_hd__o2111ai_4.ext:
Extracting sky130_fd_sc_hd__o32ai_4 into sky130_fd_sc_hd__o32ai_4.ext:
Extracting sky130_fd_sc_hd__nor4b_1 into sky130_fd_sc_hd__nor4b_1.ext:
Extracting sky130_fd_sc_hd__o21a_2 into sky130_fd_sc_hd__o21a_2.ext:
Extracting sky130_fd_sc_hd__o21ba_4 into sky130_fd_sc_hd__o21ba_4.ext:
Extracting sky130_fd_sc_hd__o2111a_2 into sky130_fd_sc_hd__o2111a_2.ext:
Extracting sky130_fd_sc_hd__a41oi_1 into sky130_fd_sc_hd__a41oi_1.ext:
Extracting sky130_fd_sc_hd__a41oi_4 into sky130_fd_sc_hd__a41oi_4.ext:
Extracting sky130_fd_sc_hd__o22a_2 into sky130_fd_sc_hd__o22a_2.ext:
Extracting sky130_fd_sc_hd__a31o_4 into sky130_fd_sc_hd__a31o_4.ext:
Extracting sky130_fd_sc_hd__a2bb2o_2 into sky130_fd_sc_hd__a2bb2o_2.ext:
Extracting sky130_fd_sc_hd__a221oi_4 into sky130_fd_sc_hd__a221oi_4.ext:
Extracting sky130_fd_sc_hd__inv_8 into sky130_fd_sc_hd__inv_8.ext:
Extracting sky130_fd_sc_hd__inv_6 into sky130_fd_sc_hd__inv_6.ext:
Extracting sky130_fd_sc_hd__a21boi_4 into sky130_fd_sc_hd__a21boi_4.ext:
Extracting sky130_fd_sc_hd__o22ai_4 into sky130_fd_sc_hd__o22ai_4.ext:
Extracting sky130_fd_sc_hd__o2bb2ai_1 into sky130_fd_sc_hd__o2bb2ai_1.ext:
Extracting sky130_fd_sc_hd__a32oi_1 into sky130_fd_sc_hd__a32oi_1.ext:
Extracting sky130_fd_sc_hd__o2111ai_1 into sky130_fd_sc_hd__o2111ai_1.ext:
Extracting sky130_fd_sc_hd__and4_4 into sky130_fd_sc_hd__and4_4.ext:
Extracting sky130_fd_sc_hd__a22o_2 into sky130_fd_sc_hd__a22o_2.ext:
Extracting sky130_fd_sc_hd__o2111ai_2 into sky130_fd_sc_hd__o2111ai_2.ext:
Extracting sky130_fd_sc_hd__o32ai_2 into sky130_fd_sc_hd__o32ai_2.ext:
Extracting sky130_fd_sc_hd__a2111o_2 into sky130_fd_sc_hd__a2111o_2.ext:
Extracting sky130_fd_sc_hd__o22a_4 into sky130_fd_sc_hd__o22a_4.ext:
Extracting sky130_fd_sc_hd__o32a_2 into sky130_fd_sc_hd__o32a_2.ext:
Extracting sky130_fd_sc_hd__a41o_4 into sky130_fd_sc_hd__a41o_4.ext:
Extracting sky130_fd_sc_hd__o221ai_2 into sky130_fd_sc_hd__o221ai_2.ext:
Extracting sky130_fd_sc_hd__o311a_4 into sky130_fd_sc_hd__o311a_4.ext:
Extracting sky130_fd_sc_hd__o311a_2 into sky130_fd_sc_hd__o311a_2.ext:
Extracting sky130_fd_sc_hd__mux2_4 into sky130_fd_sc_hd__mux2_4.ext:
Extracting sky130_fd_sc_hd__o311ai_1 into sky130_fd_sc_hd__o311ai_1.ext:
Extracting sky130_fd_sc_hd__a221oi_1 into sky130_fd_sc_hd__a221oi_1.ext:
Extracting sky130_fd_sc_hd__a221o_2 into sky130_fd_sc_hd__a221o_2.ext:
Extracting sky130_fd_sc_hd__nor3b_4 into sky130_fd_sc_hd__nor3b_4.ext:
Extracting sky130_fd_sc_hd__o41ai_4 into sky130_fd_sc_hd__o41ai_4.ext:
Extracting sky130_fd_sc_hd__nand4b_2 into sky130_fd_sc_hd__nand4b_2.ext:
Extracting sky130_fd_sc_hd__a2111oi_4 into sky130_fd_sc_hd__a2111oi_4.ext:
Extracting sky130_fd_sc_hd__a2bb2oi_2 into sky130_fd_sc_hd__a2bb2oi_2.ext:
Extracting sky130_fd_sc_hd__a2111oi_2 into sky130_fd_sc_hd__a2111oi_2.ext:
Extracting sky130_fd_sc_hd__o41a_2 into sky130_fd_sc_hd__o41a_2.ext:
Extracting sky130_fd_sc_hd__a211o_4 into sky130_fd_sc_hd__a211o_4.ext:
Extracting sky130_fd_sc_hd__nand4b_1 into sky130_fd_sc_hd__nand4b_1.ext:
Extracting sky130_fd_sc_hd__a311o_4 into sky130_fd_sc_hd__a311o_4.ext:
Extracting sky130_fd_sc_hd__and3b_2 into sky130_fd_sc_hd__and3b_2.ext:
Extracting sky130_fd_sc_hd__o2bb2ai_2 into sky130_fd_sc_hd__o2bb2ai_2.ext:
Extracting sky130_fd_sc_hd__o311ai_2 into sky130_fd_sc_hd__o311ai_2.ext:
Extracting sky130_fd_sc_hd__o32a_4 into sky130_fd_sc_hd__o32a_4.ext:
Extracting sky130_fd_sc_hd__mux2_8 into sky130_fd_sc_hd__mux2_8.ext:
Extracting sky130_fd_sc_hd__o31a_4 into sky130_fd_sc_hd__o31a_4.ext:
Extracting sky130_fd_sc_hd__and4b_4 into sky130_fd_sc_hd__and4b_4.ext:
Extracting sky130_fd_sc_hd__a221o_4 into sky130_fd_sc_hd__a221o_4.ext:
Extracting sky130_fd_sc_hd__and3b_4 into sky130_fd_sc_hd__and3b_4.ext:
Extracting sky130_fd_sc_hd__o2bb2a_4 into sky130_fd_sc_hd__o2bb2a_4.ext:
Extracting sky130_fd_sc_hd__and4b_2 into sky130_fd_sc_hd__and4b_2.ext:
Extracting sky130_fd_sc_hd__a32o_4 into sky130_fd_sc_hd__a32o_4.ext:
Extracting sky130_fd_sc_hd__o41ai_2 into sky130_fd_sc_hd__o41ai_2.ext:
Extracting sky130_fd_sc_hd__a22o_4 into sky130_fd_sc_hd__a22o_4.ext:
Extracting user_proj_example into user_proj_example.ext:
Created database crash recovery file /tmp//MAG4256.ik6Dps
Extracting user_project_wrapper into user_project_wrapper.ext:
Total of 10 warnings.
Devs merged: 0
Devs merged: 0
Devs merged: 0
Devs merged: 0
Devs merged: 0
Devs merged: 0
Devs merged: 0
Devs merged: 0
Devs merged: 0
Devs merged: 0
Devs merged: 0
Devs merged: 2
Devs merged: 2
Devs merged: 2
Devs merged: 2
Devs merged: 2
Devs merged: 2
Devs merged: 2
Devs merged: 2
Devs merged: 4
Devs merged: 4
Devs merged: 4
Devs merged: 14
Devs merged: 14
Devs merged: 14
Devs merged: 14
Devs merged: 14
Devs merged: 14
Devs merged: 14
Devs merged: 14
Devs merged: 14
Devs merged: 50
Devs merged: 50
Devs merged: 50
Devs merged: 50
Devs merged: 50
Devs merged: 58
Devs merged: 74
Devs merged: 78
Devs merged: 80
Devs merged: 80
Devs merged: 88
Devs merged: 90
Devs merged: 100
Devs merged: 106
Devs merged: 106
Devs merged: 126
Devs merged: 126
Devs merged: 126
Devs merged: 126
Devs merged: 126
Devs merged: 130
Devs merged: 130
Devs merged: 130
Devs merged: 130
Devs merged: 130
Devs merged: 150
Devs merged: 150
Devs merged: 150
Devs merged: 162
Devs merged: 162
Devs merged: 174
Devs merged: 192
Devs merged: 192
Devs merged: 192
Devs merged: 192
Devs merged: 200
Devs merged: 200
Devs merged: 202
Devs merged: 210
Devs merged: 212
Devs merged: 218
Devs merged: 218
Devs merged: 220
Devs merged: 226
Devs merged: 226
Devs merged: 228
Devs merged: 230
Devs merged: 230
Devs merged: 236
Devs merged: 252
Devs merged: 254
Devs merged: 256
Devs merged: 260
Devs merged: 260
Devs merged: 270
Devs merged: 272
Devs merged: 272
Devs merged: 300
Devs merged: 306
Devs merged: 306
Devs merged: 306
Devs merged: 318
Devs merged: 326
Devs merged: 328
Devs merged: 334
Devs merged: 340
Devs merged: 340
Devs merged: 340
Devs merged: 342
Devs merged: 370
Devs merged: 370
Devs merged: 388
Devs merged: 390
Devs merged: 392
Devs merged: 414
Devs merged: 444
Devs merged: 450
Devs merged: 450
Devs merged: 480
Devs merged: 486
Devs merged: 504
Devs merged: 504
Devs merged: 504
Devs merged: 515
Devs merged: 527
Devs merged: 529
Devs merged: 529
Devs merged: 535
Devs merged: 563
Devs merged: 575
Devs merged: 577
Devs merged: 583
Devs merged: 585
Devs merged: 587
Devs merged: 587
Devs merged: 587
Devs merged: 595
Devs merged: 601
Devs merged: 603
Devs merged: 621
Devs merged: 625
Devs merged: 627
Devs merged: 657
Devs merged: 659
Devs merged: 659
Devs merged: 665
Devs merged: 675
Devs merged: 675
Devs merged: 681
Devs merged: 705
Devs merged: 711
Devs merged: 717
Devs merged: 725
Devs merged: 733
Devs merged: 733
Devs merged: 739
Devs merged: 745
Devs merged: 747
Devs merged: 747
Devs merged: 749
Devs merged: 749
Devs merged: 779
Devs merged: 785
Devs merged: 791
Devs merged: 815
Devs merged: 815
Devs merged: 833
Devs merged: 843
Devs merged: 859
Devs merged: 873
Devs merged: 873
Devs merged: 875
Devs merged: 877
Devs merged: 879
Devs merged: 887
Devs merged: 897
Devs merged: 897
Devs merged: 907
Devs merged: 907
Devs merged: 909
Devs merged: 927
Devs merged: 957
Devs merged: 987
Devs merged: 997
Devs merged: 999
Devs merged: 1003
Devs merged: 1003
Devs merged: 1021
Devs merged: 1039
Devs merged: 1063
Devs merged: 1065
Devs merged: 1095
Devs merged: 1105
Devs merged: 1107
Devs merged: 1109
Devs merged: 1119
Devs merged: 1129
Devs merged: 1159
Devs merged: 1159
Devs merged: 1183
Devs merged: 1185
Devs merged: 1195
Devs merged: 1205
Devs merged: 1223
Devs merged: 1237
Devs merged: 1239
Devs merged: 1245
Devs merged: 1263
Devs merged: 1273
Devs merged: 1275
Devs merged: 1305
Devs merged: 1305
Devs merged: 1307
Devs merged: 1331
Devs merged: 1341
Devs merged: 1347
Devs merged: 1363
Devs merged: 1401
Devs merged: 1407
Devs merged: 1429
Devs merged: 1431
Devs merged: 1461
Devs merged: 1463
Devs merged: 1487
Devs merged: 1487
Devs merged: 1517
Devs merged: 1547
Devs merged: 1555
Devs merged: 1555
Devs merged: 1555
Devs merged: 1585
Devs merged: 1601
Devs merged: 1601
Devs merged: 1603
Devs merged: 1613
Devs merged: 1619
Devs merged: 1621
Devs merged: 1637
Devs merged: 1637
Devs merged: 1637
Devs merged: 1651
Devs merged: 1661
Devs merged: 1661
Devs merged: 1661
Devs merged: 1671
Devs merged: 1687
Devs merged: 1697
Devs merged: 1713
Devs merged: 1727
Devs merged: 1727
Devs merged: 1727
exttospice finished.
Using technology "sky130A", version 1.0.446-0-gdd7771c
Creating layout hierarchy in /home/engtech/Desktop/Openlane_v2/HW_For_AI/precheck_results/22_AUG_2024___05_51_52/tmp/ext/user_project_wrapper.hier...
 
Running CVC for oeb check...
Creating /home/engtech/Desktop/Openlane_v2/HW_For_AI/precheck_results/22_AUG_2024___05_51_52/tmp/ext/user_project_wrapper.cdl
Default cvcrc in default.cvcrc
CVC: Circuit Validation Check  Version 1.1.5
CVC: Log output to /home/engtech/Desktop/Openlane_v2/HW_For_AI/precheck_results/22_AUG_2024___05_51_52/tmp/cvc.oeb.log
CVC: Error output to /home/engtech/Desktop/Openlane_v2/HW_For_AI/precheck_results/22_AUG_2024___05_51_52/tmp/cvc.oeb.error.gz
CVC: Debug output to /home/engtech/Desktop/Openlane_v2/HW_For_AI/precheck_results/22_AUG_2024___05_51_52/tmp/cvc.oeb.debug.gz
CVC: Start: Thu Aug 22 08:12:57 2024

Using the following parameters for CVC (Circuit Validation Check) from /home/engtech/Desktop/Openlane_v2/HW_For_AI/precheck_results/22_AUG_2024___05_51_52/tmp/cvcrc.oeb
CVC_TOP = 'user_project_wrapper'
CVC_NETLIST = '/home/engtech/Desktop/Openlane_v2/HW_For_AI/precheck_results/22_AUG_2024___05_51_52/tmp/ext/user_project_wrapper.cdl.gz'
CVC_MODE = 'user_project_wrapper'
CVC_MODEL_FILE = '/root/mpw_precheck/checks/be_checks//tech/sky130A/cvc.models'
CVC_POWER_FILE = '/home/engtech/Desktop/Openlane_v2/HW_For_AI/precheck_results/22_AUG_2024___05_51_52/tmp/cvc.power.user_project_wrapper'
CVC_FUSE_FILE = ''
CVC_REPORT_FILE = '/home/engtech/Desktop/Openlane_v2/HW_For_AI/precheck_results/22_AUG_2024___05_51_52/tmp/cvc.oeb.log'
CVC_REPORT_TITLE = 'CVC user_project_wrapper'
CVC_CIRCUIT_ERROR_LIMIT = '100'
CVC_SEARCH_LIMIT = '100'
CVC_LEAK_LIMIT = '0.0002'
CVC_SOI = 'false'
CVC_SCRC = 'false'
CVC_VTH_GATES = 'false'
CVC_MIN_VTH_GATES = 'false'
CVC_IGNORE_VTH_FLOATING = 'false'
CVC_IGNORE_NO_LEAK_FLOATING = 'false'
CVC_LEAK_OVERVOLTAGE = 'true'
CVC_LOGIC_DIODES = 'false'
CVC_ANALOG_GATES = 'true'
CVC_BACKUP_RESULTS = 'false'
CVC_MOS_DIODE_ERROR_THRESHOLD = '0'
CVC_SHORT_ERROR_THRESHOLD = '0'
CVC_BIAS_ERROR_THRESHOLD = '0'
CVC_FORWARD_ERROR_THRESHOLD = '0'
CVC_FLOATING_ERROR_THRESHOLD = '0'
CVC_GATE_ERROR_THRESHOLD = '0'
CVC_LEAK?_ERROR_THRESHOLD = '0'
CVC_EXPECTED_ERROR_THRESHOLD = '0'
CVC_OVERVOLTAGE_ERROR_THRESHOLD = '0'
CVC_PARALLEL_CIRCUIT_PORT_LIMIT = '0'
CVC_CELL_ERROR_LIMIT_FILE = ''
CVC_CELL_CHECKSUM_FILE = ''
CVC_LARGE_CIRCUIT_SIZE = '10000000'
CVC_NET_CHECK_FILE = ''
CVC_MODEL_CHECK_FILE = ''
End of parameters

CVC: Reading device model settings...
CVC: Reading power settings...
CVC: Parsing netlist /home/engtech/Desktop/Openlane_v2/HW_For_AI/precheck_results/22_AUG_2024___05_51_52/tmp/ext/user_project_wrapper.cdl.gz

Read 242 circuits, 1143048 instances, 2178 devicesCdl fixed data size 21533502
Usage CDL: Time: 7  Memory: 641692  I/O: 48  Swap: 0
CVC: Counting and linking...
CVC: Assigning IDs ...
Usage DB: Time: 7  Memory: 762528  I/O: 56  Swap: 0
CVC: 1143050(1143050) instances, 932246(932246) nets, 2802333(2802333) devices.
Setting power for mode...
Setting models...
CVC: Setting models ...
Setting model tolerances...
[?1034h** Stage 1/7: Enter command ?> c 6

> c 6
continuing for 6 step(s)
CVC: Shorting switches...
 model short...
	Shorted 0 short
 model sky130_fd_pr__res_generic_l1...
	Shorted 0 sky130_fd_pr__res_generic_l1
 model sky130_fd_pr__res_generic_m1...
	Shorted 0 sky130_fd_pr__res_generic_m1
 model sky130_fd_pr__res_generic_m2...
	Shorted 0 sky130_fd_pr__res_generic_m2
 model sky130_fd_pr__res_generic_m3...
	Shorted 0 sky130_fd_pr__res_generic_m3
 model sky130_fd_pr__res_generic_m4...
	Shorted 0 sky130_fd_pr__res_generic_m4
 model sky130_fd_pr__res_generic_m5...
	Shorted 0 sky130_fd_pr__res_generic_m5
Setting instance power...
CVC: Linking devices...
	Average device/instance: 1000000/902002=1	Average device/instance: 2000000/1043949=1
Usage EQUIV: Time: 8  Memory: 1015968  I/O: 120  Swap: 0
Power nets 382
CVC: Shorting non conducting resistors...
CVC: Calculating resistor voltages...
Usage RES: Time: 8  Memory: 1016352  I/O: 128  Swap: 0
Power nets 382
CVC: Calculating min/max voltages...
Processing trivial nets found 236257 trivial nets
MaximumQueue Counts (size/enqueue/requeue) 667226/833608/0MinimumQueue Counts (size/enqueue/requeue) 654188/827089/0MaximumQueue Counts (size/enqueue/requeue) 646700/1323345/0MinimumQueue Counts (size/enqueue/requeue) 695344/1347667/0CVC: Ignoring invalid calculations...
CVC:   Removed 0 calculations
Copying master nets
CVC: Ignoring non-conducting devices...
CVC:   Ignored 0 devices
Usage MIN/MAX1: Time: 12  Memory: 1045728  I/O: 128  Swap: 0
Power nets 378315
! Checking forward bias diode errors: 

! Checking nmos source/drain vs bias errors: 

! Checking nmos gate vs source errors: 

! Checking pmos source/drain vs bias errors: 

! Checking pmos gate vs source errors: 

Usage ERROR: Time: 14  Memory: 1045728  I/O: 128  Swap: 0
Saving min/max voltages...
CVC: Propagating Simulation voltages 1...
Usage SIM1: Time: 15  Memory: 1064928  I/O: 128  Swap: 0
Power nets 378315
Saving simulation voltages...
CVC: Propagating Simulation voltages 3...
Usage SIM2: Time: 15  Memory: 1073184  I/O: 128  Swap: 0
Power nets 378315
Added 0 latch voltages
CVC: Calculating min/max voltages...
Processing trivial nets found 236257 trivial nets
MinimumQueue Counts (size/enqueue/requeue) 236842/236842/0MaximumQueue Counts (size/enqueue/requeue) 236842/236842/0MinimumQueue Counts (size/enqueue/requeue) 641416/939129/0MaximumQueue Counts (size/enqueue/requeue) 643966/940404/0MinimumQueue Counts (size/enqueue/requeue) 489134/1362988/0MaximumQueue Counts (size/enqueue/requeue) 468164/1352503/0CVC: Ignoring invalid calculations...
CVC:   Removed 0 calculations
Copying master nets
CVC: Ignoring non-conducting devices...
CVC:   Ignored 0 devices
Usage MIN/MAX2: Time: 20  Memory: 1102752  I/O: 128  Swap: 0
Power nets 756248
! Checking overvoltage errors

! Checking nmos possible leak errors: 

! Checking pmos possible leak errors: 

! Checking mos floating input errors:

! Checking expected values:

CVC: Error Counts
CVC: Fuse Problems:         0
CVC: Min Voltage Conflicts: 0
CVC: Max Voltage Conflicts: 0
CVC: Leaks:                 0
CVC: LDD drain->source:     0
CVC: HI-Z Inputs:           0
CVC: Forward Bias Diodes:   0
CVC: NMOS Source vs Bulk:   0
CVC: NMOS Gate vs Source:   0
CVC: NMOS Possible Leaks:   0
CVC: PMOS Source vs Bulk:   0
CVC: PMOS Gate vs Source:   0
CVC: PMOS Possible Leaks:   0
CVC: Overvoltage-VBG:       0
CVC: Overvoltage-VBS:       0
CVC: Overvoltage-VDS:       0
CVC: Overvoltage-VGS:       0
CVC: Model errors:          0
CVC: Unexpected voltage :   0
CVC: Total:                 0
Usage Total: Time: 23  Memory: 1103328  I/O: 176  Swap: 0
Virtual net update/access 9745536/255945868
CVC: Log output to /home/engtech/Desktop/Openlane_v2/HW_For_AI/precheck_results/22_AUG_2024___05_51_52/tmp/cvc.oeb.log
CVC: End: Thu Aug 22 08:13:21 2024

** Stage 7/7: Enter command ?> gn io_in[0]

> gn io_in[0]
Net io_in[0]: 29
 connections: gate 0 source 0 drain 0 bulk 0
 base definition io_in[*]
  default min unknown
  default sim unknown
  default max unknown
 defined as  input min@0.0 max@1.8 =>  min@0.0 max@1.8 input

** Stage 7/7: Enter command ?> gn io_in[1]

> gn io_in[1]
Net io_in[1]: 40
 connections: gate 0 source 0 drain 0 bulk 0
 base definition io_in[*]
  default min unknown
  default sim unknown
  default max unknown
 defined as  input min@0.0 max@1.8 =>  min@0.0 max@1.8 input

** Stage 7/7: Enter command ?> gn io_in[2]

> gn io_in[2]
Net io_in[2]: 51
 connections: gate 0 source 0 drain 0 bulk 0
 base definition io_in[*]
  default min unknown
  default sim unknown
  default max unknown
 defined as  input min@0.0 max@1.8 =>  min@0.0 max@1.8 input

** Stage 7/7: Enter command ?> gn io_in[3]

> gn io_in[3]
Net io_in[3]: 60
 connections: gate 0 source 0 drain 0 bulk 0
 base definition io_in[*]
  default min unknown
  default sim unknown
  default max unknown
 defined as  input min@0.0 max@1.8 =>  min@0.0 max@1.8 input

** Stage 7/7: Enter command ?> gn io_in[4]

> gn io_in[4]
Net io_in[4]: 61
 connections: gate 0 source 0 drain 0 bulk 0
 base definition io_in[*]
  default min unknown
  default sim unknown
  default max unknown
 defined as  input min@0.0 max@1.8 =>  min@0.0 max@1.8 input

** Stage 7/7: Enter command ?> gn io_in[5]

> gn io_in[5]
Net io_in[5]: 62
 connections: gate 2 source 0 drain 0 bulk 0
 base definition io_in[*]
  default min unknown
  default sim unknown
  default max unknown
 defined as  input min@0.0 max@1.8 =>  min@0.0 max@1.8 input

** Stage 7/7: Enter command ?> gn io_in[6]

> gn io_in[6]
Net io_in[6]: 63
 connections: gate 2 source 0 drain 0 bulk 0
 base definition io_in[*]
  default min unknown
  default sim unknown
  default max unknown
 defined as  input min@0.0 max@1.8 =>  min@0.0 max@1.8 input

** Stage 7/7: Enter command ?> gn io_in[7]

> gn io_in[7]
Net io_in[7]: 64
 connections: gate 2 source 0 drain 0 bulk 0
 base definition io_in[*]
  default min unknown
  default sim unknown
  default max unknown
 defined as  input min@0.0 max@1.8 =>  min@0.0 max@1.8 input

** Stage 7/7: Enter command ?> gn io_in[8]

> gn io_in[8]
Net io_in[8]: 65
 connections: gate 2 source 0 drain 0 bulk 0
 base definition io_in[*]
  default min unknown
  default sim unknown
  default max unknown
 defined as  input min@0.0 max@1.8 =>  min@0.0 max@1.8 input

** Stage 7/7: Enter command ?> gn io_in[9]

> gn io_in[9]
Net io_in[9]: 66
 connections: gate 2 source 0 drain 0 bulk 0
 base definition io_in[*]
  default min unknown
  default sim unknown
  default max unknown
 defined as  input min@0.0 max@1.8 =>  min@0.0 max@1.8 input

** Stage 7/7: Enter command ?> gn io_in[10]

> gn io_in[10]
Net io_in[10]: 30
 connections: gate 2 source 0 drain 0 bulk 0
 base definition io_in[*]
  default min unknown
  default sim unknown
  default max unknown
 defined as  input min@0.0 max@1.8 =>  min@0.0 max@1.8 input

** Stage 7/7: Enter command ?> gn io_in[11]

> gn io_in[11]
Net io_in[11]: 31
 connections: gate 2 source 0 drain 0 bulk 0
 base definition io_in[*]
  default min unknown
  default sim unknown
  default max unknown
 defined as  input min@0.0 max@1.8 =>  min@0.0 max@1.8 input

** Stage 7/7: Enter command ?> gn io_in[12]

> gn io_in[12]
Net io_in[12]: 32
 connections: gate 2 source 0 drain 0 bulk 0
 base definition io_in[*]
  default min unknown
  default sim unknown
  default max unknown
 defined as  input min@0.0 max@1.8 =>  min@0.0 max@1.8 input

** Stage 7/7: Enter command ?> gn io_in[13]

> gn io_in[13]
Net io_in[13]: 33
 connections: gate 2 source 0 drain 0 bulk 0
 base definition io_in[*]
  default min unknown
  default sim unknown
  default max unknown
 defined as  input min@0.0 max@1.8 =>  min@0.0 max@1.8 input

** Stage 7/7: Enter command ?> gn io_in[14]

> gn io_in[14]
Net io_in[14]: 34
 connections: gate 2 source 0 drain 0 bulk 0
 base definition io_in[*]
  default min unknown
  default sim unknown
  default max unknown
 defined as  input min@0.0 max@1.8 =>  min@0.0 max@1.8 input

** Stage 7/7: Enter command ?> gn io_in[15]

> gn io_in[15]
Net io_in[15]: 35
 connections: gate 2 source 0 drain 0 bulk 0
 base definition io_in[*]
  default min unknown
  default sim unknown
  default max unknown
 defined as  input min@0.0 max@1.8 =>  min@0.0 max@1.8 input

** Stage 7/7: Enter command ?> gn io_in[16]

> gn io_in[16]
Net io_in[16]: 36
 connections: gate 2 source 0 drain 0 bulk 0
 base definition io_in[*]
  default min unknown
  default sim unknown
  default max unknown
 defined as  input min@0.0 max@1.8 =>  min@0.0 max@1.8 input

** Stage 7/7: Enter command ?> gn io_in[17]

> gn io_in[17]
Net io_in[17]: 37
 connections: gate 2 source 0 drain 0 bulk 0
 base definition io_in[*]
  default min unknown
  default sim unknown
  default max unknown
 defined as  input min@0.0 max@1.8 =>  min@0.0 max@1.8 input

** Stage 7/7: Enter command ?> gn io_in[18]

> gn io_in[18]
Net io_in[18]: 38
 connections: gate 2 source 0 drain 0 bulk 0
 base definition io_in[*]
  default min unknown
  default sim unknown
  default max unknown
 defined as  input min@0.0 max@1.8 =>  min@0.0 max@1.8 input

** Stage 7/7: Enter command ?> gn io_in[19]

> gn io_in[19]
Net io_in[19]: 39
 connections: gate 2 source 0 drain 0 bulk 0
 base definition io_in[*]
  default min unknown
  default sim unknown
  default max unknown
 defined as  input min@0.0 max@1.8 =>  min@0.0 max@1.8 input

** Stage 7/7: Enter command ?> gn io_in[20]

> gn io_in[20]
Net io_in[20]: 41
 connections: gate 2 source 0 drain 0 bulk 0
 base definition io_in[*]
  default min unknown
  default sim unknown
  default max unknown
 defined as  input min@0.0 max@1.8 =>  min@0.0 max@1.8 input

** Stage 7/7: Enter command ?> gn io_in[21]

> gn io_in[21]
Net io_in[21]: 42
 connections: gate 2 source 0 drain 0 bulk 0
 base definition io_in[*]
  default min unknown
  default sim unknown
  default max unknown
 defined as  input min@0.0 max@1.8 =>  min@0.0 max@1.8 input

** Stage 7/7: Enter command ?> gn io_in[22]

> gn io_in[22]
Net io_in[22]: 43
 connections: gate 0 source 0 drain 0 bulk 0
 base definition io_in[*]
  default min unknown
  default sim unknown
  default max unknown
 defined as  input min@0.0 max@1.8 =>  min@0.0 max@1.8 input

** Stage 7/7: Enter command ?> gn io_in[23]

> gn io_in[23]
Net io_in[23]: 44
 connections: gate 0 source 0 drain 0 bulk 0
 base definition io_in[*]
  default min unknown
  default sim unknown
  default max unknown
 defined as  input min@0.0 max@1.8 =>  min@0.0 max@1.8 input

** Stage 7/7: Enter command ?> gn io_in[24]

> gn io_in[24]
Net io_in[24]: 45
 connections: gate 0 source 0 drain 0 bulk 0
 base definition io_in[*]
  default min unknown
  default sim unknown
  default max unknown
 defined as  input min@0.0 max@1.8 =>  min@0.0 max@1.8 input

** Stage 7/7: Enter command ?> gn io_in[25]

> gn io_in[25]
Net io_in[25]: 46
 connections: gate 0 source 0 drain 0 bulk 0
 base definition io_in[*]
  default min unknown
  default sim unknown
  default max unknown
 defined as  input min@0.0 max@1.8 =>  min@0.0 max@1.8 input

** Stage 7/7: Enter command ?> gn io_in[26]

> gn io_in[26]
Net io_in[26]: 47
 connections: gate 0 source 0 drain 0 bulk 0
 base definition io_in[*]
  default min unknown
  default sim unknown
  default max unknown
 defined as  input min@0.0 max@1.8 =>  min@0.0 max@1.8 input

** Stage 7/7: Enter command ?> gn io_in[27]

> gn io_in[27]
Net io_in[27]: 48
 connections: gate 0 source 0 drain 0 bulk 0
 base definition io_in[*]
  default min unknown
  default sim unknown
  default max unknown
 defined as  input min@0.0 max@1.8 =>  min@0.0 max@1.8 input

** Stage 7/7: Enter command ?> gn io_in[28]

> gn io_in[28]
Net io_in[28]: 49
 connections: gate 0 source 0 drain 0 bulk 0
 base definition io_in[*]
  default min unknown
  default sim unknown
  default max unknown
 defined as  input min@0.0 max@1.8 =>  min@0.0 max@1.8 input

** Stage 7/7: Enter command ?> gn io_in[29]

> gn io_in[29]
Net io_in[29]: 50
 connections: gate 0 source 0 drain 0 bulk 0
 base definition io_in[*]
  default min unknown
  default sim unknown
  default max unknown
 defined as  input min@0.0 max@1.8 =>  min@0.0 max@1.8 input

** Stage 7/7: Enter command ?> gn io_in[30]

> gn io_in[30]
Net io_in[30]: 52
 connections: gate 0 source 0 drain 0 bulk 0
 base definition io_in[*]
  default min unknown
  default sim unknown
  default max unknown
 defined as  input min@0.0 max@1.8 =>  min@0.0 max@1.8 input

** Stage 7/7: Enter command ?> gn io_in[31]

> gn io_in[31]
Net io_in[31]: 53
 connections: gate 0 source 0 drain 0 bulk 0
 base definition io_in[*]
  default min unknown
  default sim unknown
  default max unknown
 defined as  input min@0.0 max@1.8 =>  min@0.0 max@1.8 input

** Stage 7/7: Enter command ?> gn io_in[32]

> gn io_in[32]
Net io_in[32]: 54
 connections: gate 0 source 0 drain 0 bulk 0
 base definition io_in[*]
  default min unknown
  default sim unknown
  default max unknown
 defined as  input min@0.0 max@1.8 =>  min@0.0 max@1.8 input

** Stage 7/7: Enter command ?> gn io_in[33]

> gn io_in[33]
Net io_in[33]: 55
 connections: gate 0 source 0 drain 0 bulk 0
 base definition io_in[*]
  default min unknown
  default sim unknown
  default max unknown
 defined as  input min@0.0 max@1.8 =>  min@0.0 max@1.8 input

** Stage 7/7: Enter command ?> gn io_in[34]

> gn io_in[34]
Net io_in[34]: 56
 connections: gate 0 source 0 drain 0 bulk 0
 base definition io_in[*]
  default min unknown
  default sim unknown
  default max unknown
 defined as  input min@0.0 max@1.8 =>  min@0.0 max@1.8 input

** Stage 7/7: Enter command ?> gn io_in[35]

> gn io_in[35]
Net io_in[35]: 57
 connections: gate 0 source 0 drain 0 bulk 0
 base definition io_in[*]
  default min unknown
  default sim unknown
  default max unknown
 defined as  input min@0.0 max@1.8 =>  min@0.0 max@1.8 input

** Stage 7/7: Enter command ?> gn io_in[36]

> gn io_in[36]
Net io_in[36]: 58
 connections: gate 0 source 0 drain 0 bulk 0
 base definition io_in[*]
  default min unknown
  default sim unknown
  default max unknown
 defined as  input min@0.0 max@1.8 =>  min@0.0 max@1.8 input

** Stage 7/7: Enter command ?> gn io_in[37]

> gn io_in[37]
Net io_in[37]: 59
 connections: gate 0 source 0 drain 0 bulk 0
 base definition io_in[*]
  default min unknown
  default sim unknown
  default max unknown
 defined as  input min@0.0 max@1.8 =>  min@0.0 max@1.8 input

** Stage 7/7: Enter command ?> gn io_out[0]

> gn io_out[0]
Net io_out[0]: 105
 connections: gate 0 source 0 drain 0 bulk 0

** Stage 7/7: Enter command ?> gn io_out[1]

> gn io_out[1]
Net io_out[1]: 116
 connections: gate 0 source 0 drain 0 bulk 0

** Stage 7/7: Enter command ?> gn io_out[2]

> gn io_out[2]
Net io_out[2]: 127
 connections: gate 0 source 0 drain 0 bulk 0

** Stage 7/7: Enter command ?> gn io_out[3]

> gn io_out[3]
Net io_out[3]: 136
 connections: gate 0 source 0 drain 0 bulk 0

** Stage 7/7: Enter command ?> gn io_out[4]

> gn io_out[4]
Net io_out[4]: 137
 connections: gate 0 source 0 drain 0 bulk 0

** Stage 7/7: Enter command ?> gn io_out[5]

> gn io_out[5]
Net io_out[5]: 138
 connections: gate 0 source 0 drain 0 bulk 0

** Stage 7/7: Enter command ?> gn io_out[6]

> gn io_out[6]
Net io_out[6]: 139
 connections: gate 0 source 0 drain 0 bulk 0

** Stage 7/7: Enter command ?> gn io_out[7]

> gn io_out[7]
Net io_out[7]: 140
 connections: gate 0 source 0 drain 0 bulk 0

** Stage 7/7: Enter command ?> gn io_out[8]

> gn io_out[8]
Net io_out[8]: 141
 connections: gate 0 source 0 drain 0 bulk 0

** Stage 7/7: Enter command ?> gn io_out[9]

> gn io_out[9]
Net io_out[9]: 142
 connections: gate 0 source 0 drain 0 bulk 0

** Stage 7/7: Enter command ?> gn io_out[10]

> gn io_out[10]
Net io_out[10]: 106
 connections: gate 0 source 0 drain 0 bulk 0

** Stage 7/7: Enter command ?> gn io_out[11]

> gn io_out[11]
Net io_out[11]: 107
 connections: gate 0 source 0 drain 0 bulk 0

** Stage 7/7: Enter command ?> gn io_out[12]

> gn io_out[12]
Net io_out[12]: 108
 connections: gate 0 source 0 drain 0 bulk 0

** Stage 7/7: Enter command ?> gn io_out[13]

> gn io_out[13]
Net io_out[13]: 109
 connections: gate 0 source 0 drain 0 bulk 0

** Stage 7/7: Enter command ?> gn io_out[14]

> gn io_out[14]
Net io_out[14]: 110
 connections: gate 0 source 0 drain 0 bulk 0

** Stage 7/7: Enter command ?> gn io_out[15]

> gn io_out[15]
Net io_out[15]: 111
 connections: gate 0 source 0 drain 0 bulk 0

** Stage 7/7: Enter command ?> gn io_out[16]

> gn io_out[16]
Net io_out[16]: 112
 connections: gate 0 source 0 drain 0 bulk 0

** Stage 7/7: Enter command ?> gn io_out[17]

> gn io_out[17]
Net io_out[17]: 113
 connections: gate 0 source 0 drain 0 bulk 0

** Stage 7/7: Enter command ?> gn io_out[18]

> gn io_out[18]
Net io_out[18]: 114
 connections: gate 0 source 0 drain 0 bulk 0

** Stage 7/7: Enter command ?> gn io_out[19]

> gn io_out[19]
Net io_out[19]: 115
 connections: gate 0 source 0 drain 0 bulk 0

** Stage 7/7: Enter command ?> gn io_out[20]

> gn io_out[20]
Net io_out[20]: 117
 connections: gate 0 source 0 drain 0 bulk 0

** Stage 7/7: Enter command ?> gn io_out[21]

> gn io_out[21]
Net io_out[21]: 118
 connections: gate 0 source 0 drain 0 bulk 0

** Stage 7/7: Enter command ?> gn io_out[22]

> gn io_out[22]
Net io_out[22]: 119
 connections: gate 0 source 1 drain 1 bulk 0

Initial min path
io_out[22]
->vssd1
vssd* power 0.0 -> 0.0 power

Initial max path
io_out[22]
->vccd1
vccd* power 1.8 -> 1.8 power

Min path
io_out[22]
->vssd1 r=1615
vssd* power 0.0 -> 0.0 power

Max path
io_out[22]
->vccd1 r=1050
vccd* power 1.8 -> 1.8 power

** Stage 7/7: Enter command ?> gn io_out[23]

> gn io_out[23]
Net io_out[23]: 120
 connections: gate 0 source 1 drain 1 bulk 0

Initial min path
io_out[23]
->vssd1
vssd* power 0.0 -> 0.0 power

Initial max path
io_out[23]
->vccd1
vccd* power 1.8 -> 1.8 power

Min path
io_out[23]
->vssd1 r=1615
vssd* power 0.0 -> 0.0 power

Max path
io_out[23]
->vccd1 r=1050
vccd* power 1.8 -> 1.8 power

** Stage 7/7: Enter command ?> gn io_out[24]

> gn io_out[24]
Net io_out[24]: 121
 connections: gate 0 source 1 drain 1 bulk 0

Initial min path
io_out[24]
->vssd1
vssd* power 0.0 -> 0.0 power

Initial max path
io_out[24]
->vccd1
vccd* power 1.8 -> 1.8 power

Min path
io_out[24]
->vssd1 r=1615
vssd* power 0.0 -> 0.0 power

Max path
io_out[24]
->vccd1 r=1050
vccd* power 1.8 -> 1.8 power

** Stage 7/7: Enter command ?> gn io_out[25]

> gn io_out[25]
Net io_out[25]: 122
 connections: gate 0 source 1 drain 1 bulk 0

Initial min path
io_out[25]
->vssd1
vssd* power 0.0 -> 0.0 power

Initial max path
io_out[25]
->vccd1
vccd* power 1.8 -> 1.8 power

Min path
io_out[25]
->vssd1 r=1615
vssd* power 0.0 -> 0.0 power

Max path
io_out[25]
->vccd1 r=1050
vccd* power 1.8 -> 1.8 power

** Stage 7/7: Enter command ?> gn io_out[26]

> gn io_out[26]
Net io_out[26]: 123
 connections: gate 0 source 1 drain 1 bulk 0

Initial min path
io_out[26]
->vssd1
vssd* power 0.0 -> 0.0 power

Initial max path
io_out[26]
->vccd1
vccd* power 1.8 -> 1.8 power

Min path
io_out[26]
->vssd1 r=1615
vssd* power 0.0 -> 0.0 power

Max path
io_out[26]
->vccd1 r=1050
vccd* power 1.8 -> 1.8 power

** Stage 7/7: Enter command ?> gn io_out[27]

> gn io_out[27]
Net io_out[27]: 124
 connections: gate 0 source 0 drain 0 bulk 0

** Stage 7/7: Enter command ?> gn io_out[28]

> gn io_out[28]
Net io_out[28]: 125
 connections: gate 0 source 0 drain 0 bulk 0

** Stage 7/7: Enter command ?> gn io_out[29]

> gn io_out[29]
Net io_out[29]: 126
 connections: gate 0 source 0 drain 0 bulk 0

** Stage 7/7: Enter command ?> gn io_out[30]

> gn io_out[30]
Net io_out[30]: 128
 connections: gate 0 source 0 drain 0 bulk 0

** Stage 7/7: Enter command ?> gn io_out[31]

> gn io_out[31]
Net io_out[31]: 129
 connections: gate 0 source 0 drain 0 bulk 0

** Stage 7/7: Enter command ?> gn io_out[32]

> gn io_out[32]
Net io_out[32]: 130
 connections: gate 0 source 0 drain 0 bulk 0

** Stage 7/7: Enter command ?> gn io_out[33]

> gn io_out[33]
Net io_out[33]: 131
 connections: gate 0 source 0 drain 0 bulk 0

** Stage 7/7: Enter command ?> gn io_out[34]

> gn io_out[34]
Net io_out[34]: 132
 connections: gate 0 source 0 drain 0 bulk 0

** Stage 7/7: Enter command ?> gn io_out[35]

> gn io_out[35]
Net io_out[35]: 133
 connections: gate 0 source 0 drain 0 bulk 0

** Stage 7/7: Enter command ?> gn io_out[36]

> gn io_out[36]
Net io_out[36]: 134
 connections: gate 0 source 0 drain 0 bulk 0

** Stage 7/7: Enter command ?> gn io_out[37]

> gn io_out[37]
Net io_out[37]: 135
 connections: gate 0 source 0 drain 0 bulk 0

** Stage 7/7: Enter command ?> gn io_oeb[0]

> gn io_oeb[0]
Net io_oeb[0]: 67
 connections: gate 0 source 0 drain 0 bulk 0

** Stage 7/7: Enter command ?> gn io_oeb[1]

> gn io_oeb[1]
Net io_oeb[1]: 78
 connections: gate 0 source 0 drain 0 bulk 0

** Stage 7/7: Enter command ?> gn io_oeb[2]

> gn io_oeb[2]
Net io_oeb[2]: 89
 connections: gate 0 source 0 drain 0 bulk 0

** Stage 7/7: Enter command ?> gn io_oeb[3]

> gn io_oeb[3]
Net io_oeb[3]: 98
 connections: gate 0 source 0 drain 0 bulk 0

** Stage 7/7: Enter command ?> gn io_oeb[4]

> gn io_oeb[4]
Net io_oeb[4]: 99
 connections: gate 0 source 0 drain 0 bulk 0

** Stage 7/7: Enter command ?> gn io_oeb[5]

> gn io_oeb[5]
Net io_oeb[5]: 100
 connections: gate 0 source 0 drain 0 bulk 0

** Stage 7/7: Enter command ?> gn io_oeb[6]

> gn io_oeb[6]
Net io_oeb[6]: 101
 connections: gate 0 source 0 drain 0 bulk 0

** Stage 7/7: Enter command ?> gn io_oeb[7]

> gn io_oeb[7]
Net io_oeb[7]: 102
 connections: gate 0 source 0 drain 0 bulk 0

** Stage 7/7: Enter command ?> gn io_oeb[8]

> gn io_oeb[8]
Net io_oeb[8]: 103
 connections: gate 0 source 0 drain 0 bulk 0

** Stage 7/7: Enter command ?> gn io_oeb[9]

> gn io_oeb[9]
Net io_oeb[9]: 104
 connections: gate 0 source 0 drain 0 bulk 0

** Stage 7/7: Enter command ?> gn io_oeb[10]

> gn io_oeb[10]
Net io_oeb[10]: 68
 connections: gate 0 source 0 drain 0 bulk 0

** Stage 7/7: Enter command ?> gn io_oeb[11]

> gn io_oeb[11]
Net io_oeb[11]: 69
 connections: gate 0 source 0 drain 0 bulk 0

** Stage 7/7: Enter command ?> gn io_oeb[12]

> gn io_oeb[12]
Net io_oeb[12]: 70
 connections: gate 0 source 0 drain 0 bulk 0

** Stage 7/7: Enter command ?> gn io_oeb[13]

> gn io_oeb[13]
Net io_oeb[13]: 71
 connections: gate 0 source 0 drain 0 bulk 0

** Stage 7/7: Enter command ?> gn io_oeb[14]

> gn io_oeb[14]
Net io_oeb[14]: 72
 connections: gate 0 source 0 drain 0 bulk 0

** Stage 7/7: Enter command ?> gn io_oeb[15]

> gn io_oeb[15]
Net io_oeb[15]: 73
 connections: gate 0 source 0 drain 0 bulk 0

** Stage 7/7: Enter command ?> gn io_oeb[16]

> gn io_oeb[16]
Net io_oeb[16]: 74
 connections: gate 0 source 0 drain 0 bulk 0

** Stage 7/7: Enter command ?> gn io_oeb[17]

> gn io_oeb[17]
Net io_oeb[17]: 75
 connections: gate 0 source 0 drain 0 bulk 0

** Stage 7/7: Enter command ?> gn io_oeb[18]

> gn io_oeb[18]
Net io_oeb[18]: 76
 connections: gate 0 source 0 drain 0 bulk 0

** Stage 7/7: Enter command ?> gn io_oeb[19]

> gn io_oeb[19]
Net io_oeb[19]: 77
 connections: gate 0 source 0 drain 0 bulk 0

** Stage 7/7: Enter command ?> gn io_oeb[20]

> gn io_oeb[20]
Net io_oeb[20]: 79
 connections: gate 0 source 0 drain 0 bulk 0

** Stage 7/7: Enter command ?> gn io_oeb[21]

> gn io_oeb[21]
Net io_oeb[21]: 80
 connections: gate 0 source 0 drain 0 bulk 0

** Stage 7/7: Enter command ?> gn io_oeb[22]

> gn io_oeb[22]
Net io_oeb[22]: 81
 connections: gate 0 source 1 drain 0 bulk 0

Initial min path
io_oeb[22]
->vssd1
vssd* power 0.0 -> 0.0 power

Initial max path
io_oeb[22]
->vssd1
vssd* power 0.0 -> 0.0 power

Initial sim path
io_oeb[22]
->vssd1
vssd* power 0.0 -> 0.0 power

Min path
io_oeb[22]
->vssd1 r=5
vssd* power 0.0 -> 0.0 power

Max path
io_oeb[22]
->vssd1 r=5
vssd* power 0.0 -> 0.0 power

Sim path
io_oeb[22]
->vssd1 r=5
vssd* power 0.0 -> 0.0 power

** Stage 7/7: Enter command ?> gn io_oeb[23]

> gn io_oeb[23]
Net io_oeb[23]: 82
 connections: gate 0 source 1 drain 0 bulk 0

Initial min path
io_oeb[23]
->vssd1
vssd* power 0.0 -> 0.0 power

Initial max path
io_oeb[23]
->vssd1
vssd* power 0.0 -> 0.0 power

Initial sim path
io_oeb[23]
->vssd1
vssd* power 0.0 -> 0.0 power

Min path
io_oeb[23]
->vssd1 r=5
vssd* power 0.0 -> 0.0 power

Max path
io_oeb[23]
->vssd1 r=5
vssd* power 0.0 -> 0.0 power

Sim path
io_oeb[23]
->vssd1 r=5
vssd* power 0.0 -> 0.0 power

** Stage 7/7: Enter command ?> gn io_oeb[24]

> gn io_oeb[24]
Net io_oeb[24]: 83
 connections: gate 0 source 1 drain 0 bulk 0

Initial min path
io_oeb[24]
->vssd1
vssd* power 0.0 -> 0.0 power

Initial max path
io_oeb[24]
->vssd1
vssd* power 0.0 -> 0.0 power

Initial sim path
io_oeb[24]
->vssd1
vssd* power 0.0 -> 0.0 power

Min path
io_oeb[24]
->vssd1 r=5
vssd* power 0.0 -> 0.0 power

Max path
io_oeb[24]
->vssd1 r=5
vssd* power 0.0 -> 0.0 power

Sim path
io_oeb[24]
->vssd1 r=5
vssd* power 0.0 -> 0.0 power

** Stage 7/7: Enter command ?> gn io_oeb[25]

> gn io_oeb[25]
Net io_oeb[25]: 84
 connections: gate 0 source 1 drain 0 bulk 0

Initial min path
io_oeb[25]
->vssd1
vssd* power 0.0 -> 0.0 power

Initial max path
io_oeb[25]
->vssd1
vssd* power 0.0 -> 0.0 power

Initial sim path
io_oeb[25]
->vssd1
vssd* power 0.0 -> 0.0 power

Min path
io_oeb[25]
->vssd1 r=5
vssd* power 0.0 -> 0.0 power

Max path
io_oeb[25]
->vssd1 r=5
vssd* power 0.0 -> 0.0 power

Sim path
io_oeb[25]
->vssd1 r=5
vssd* power 0.0 -> 0.0 power

** Stage 7/7: Enter command ?> gn io_oeb[26]

> gn io_oeb[26]
Net io_oeb[26]: 85
 connections: gate 0 source 1 drain 0 bulk 0

Initial min path
io_oeb[26]
->vssd1
vssd* power 0.0 -> 0.0 power

Initial max path
io_oeb[26]
->vssd1
vssd* power 0.0 -> 0.0 power

Initial sim path
io_oeb[26]
->vssd1
vssd* power 0.0 -> 0.0 power

Min path
io_oeb[26]
->vssd1 r=5
vssd* power 0.0 -> 0.0 power

Max path
io_oeb[26]
->vssd1 r=5
vssd* power 0.0 -> 0.0 power

Sim path
io_oeb[26]
->vssd1 r=5
vssd* power 0.0 -> 0.0 power

** Stage 7/7: Enter command ?> gn io_oeb[27]

> gn io_oeb[27]
Net io_oeb[27]: 86
 connections: gate 0 source 0 drain 0 bulk 0

** Stage 7/7: Enter command ?> gn io_oeb[28]

> gn io_oeb[28]
Net io_oeb[28]: 87
 connections: gate 0 source 0 drain 0 bulk 0

** Stage 7/7: Enter command ?> gn io_oeb[29]

> gn io_oeb[29]
Net io_oeb[29]: 88
 connections: gate 0 source 0 drain 0 bulk 0

** Stage 7/7: Enter command ?> gn io_oeb[30]

> gn io_oeb[30]
Net io_oeb[30]: 90
 connections: gate 0 source 0 drain 0 bulk 0

** Stage 7/7: Enter command ?> gn io_oeb[31]

> gn io_oeb[31]
Net io_oeb[31]: 91
 connections: gate 0 source 0 drain 0 bulk 0

** Stage 7/7: Enter command ?> gn io_oeb[32]

> gn io_oeb[32]
Net io_oeb[32]: 92
 connections: gate 0 source 0 drain 0 bulk 0

** Stage 7/7: Enter command ?> gn io_oeb[33]

> gn io_oeb[33]
Net io_oeb[33]: 93
 connections: gate 0 source 0 drain 0 bulk 0

** Stage 7/7: Enter command ?> gn io_oeb[34]

> gn io_oeb[34]
Net io_oeb[34]: 94
 connections: gate 0 source 0 drain 0 bulk 0

** Stage 7/7: Enter command ?> gn io_oeb[35]

> gn io_oeb[35]
Net io_oeb[35]: 95
 connections: gate 0 source 0 drain 0 bulk 0

** Stage 7/7: Enter command ?> gn io_oeb[36]

> gn io_oeb[36]
Net io_oeb[36]: 96
 connections: gate 0 source 0 drain 0 bulk 0

** Stage 7/7: Enter command ?> gn io_oeb[37]

> gn io_oeb[37]
Net io_oeb[37]: 97
 connections: gate 0 source 0 drain 0 bulk 0

** Stage 7/7: Enter command ?> gn io_in[0]

> gn io_in[0]
Net io_in[0]: 29
 connections: gate 0 source 0 drain 0 bulk 0
 base definition io_in[*]
  default min unknown
  default sim unknown
  default max unknown
 defined as  input min@0.0 max@1.8 =>  min@0.0 max@1.8 input

** Stage 7/7: Enter command ?> gn io_in[1]

> gn io_in[1]
Net io_in[1]: 40
 connections: gate 0 source 0 drain 0 bulk 0
 base definition io_in[*]
  default min unknown
  default sim unknown
  default max unknown
 defined as  input min@0.0 max@1.8 =>  min@0.0 max@1.8 input

** Stage 7/7: Enter command ?> gn io_in[2]

> gn io_in[2]
Net io_in[2]: 51
 connections: gate 0 source 0 drain 0 bulk 0
 base definition io_in[*]
  default min unknown
  default sim unknown
  default max unknown
 defined as  input min@0.0 max@1.8 =>  min@0.0 max@1.8 input

** Stage 7/7: Enter command ?> gn io_in[3]

> gn io_in[3]
Net io_in[3]: 60
 connections: gate 0 source 0 drain 0 bulk 0
 base definition io_in[*]
  default min unknown
  default sim unknown
  default max unknown
 defined as  input min@0.0 max@1.8 =>  min@0.0 max@1.8 input

** Stage 7/7: Enter command ?> gn io_in[4]

> gn io_in[4]
Net io_in[4]: 61
 connections: gate 0 source 0 drain 0 bulk 0
 base definition io_in[*]
  default min unknown
  default sim unknown
  default max unknown
 defined as  input min@0.0 max@1.8 =>  min@0.0 max@1.8 input

** Stage 7/7: Enter command ?> gn io_in[5]

> gn io_in[5]
Net io_in[5]: 62
 connections: gate 2 source 0 drain 0 bulk 0
 base definition io_in[*]
  default min unknown
  default sim unknown
  default max unknown
 defined as  input min@0.0 max@1.8 =>  min@0.0 max@1.8 input

** Stage 7/7: Enter command ?> gn io_in[6]

> gn io_in[6]
Net io_in[6]: 63
 connections: gate 2 source 0 drain 0 bulk 0
 base definition io_in[*]
  default min unknown
  default sim unknown
  default max unknown
 defined as  input min@0.0 max@1.8 =>  min@0.0 max@1.8 input

** Stage 7/7: Enter command ?> gn io_in[7]

> gn io_in[7]
Net io_in[7]: 64
 connections: gate 2 source 0 drain 0 bulk 0
 base definition io_in[*]
  default min unknown
  default sim unknown
  default max unknown
 defined as  input min@0.0 max@1.8 =>  min@0.0 max@1.8 input

** Stage 7/7: Enter command ?> gn io_in[8]

> gn io_in[8]
Net io_in[8]: 65
 connections: gate 2 source 0 drain 0 bulk 0
 base definition io_in[*]
  default min unknown
  default sim unknown
  default max unknown
 defined as  input min@0.0 max@1.8 =>  min@0.0 max@1.8 input

** Stage 7/7: Enter command ?> gn io_in[9]

> gn io_in[9]
Net io_in[9]: 66
 connections: gate 2 source 0 drain 0 bulk 0
 base definition io_in[*]
  default min unknown
  default sim unknown
  default max unknown
 defined as  input min@0.0 max@1.8 =>  min@0.0 max@1.8 input

** Stage 7/7: Enter command ?> gn io_in[10]

> gn io_in[10]
Net io_in[10]: 30
 connections: gate 2 source 0 drain 0 bulk 0
 base definition io_in[*]
  default min unknown
  default sim unknown
  default max unknown
 defined as  input min@0.0 max@1.8 =>  min@0.0 max@1.8 input

** Stage 7/7: Enter command ?> gn io_in[11]

> gn io_in[11]
Net io_in[11]: 31
 connections: gate 2 source 0 drain 0 bulk 0
 base definition io_in[*]
  default min unknown
  default sim unknown
  default max unknown
 defined as  input min@0.0 max@1.8 =>  min@0.0 max@1.8 input

** Stage 7/7: Enter command ?> gn io_in[12]

> gn io_in[12]
Net io_in[12]: 32
 connections: gate 2 source 0 drain 0 bulk 0
 base definition io_in[*]
  default min unknown
  default sim unknown
  default max unknown
 defined as  input min@0.0 max@1.8 =>  min@0.0 max@1.8 input

** Stage 7/7: Enter command ?> gn io_in[13]

> gn io_in[13]
Net io_in[13]: 33
 connections: gate 2 source 0 drain 0 bulk 0
 base definition io_in[*]
  default min unknown
  default sim unknown
  default max unknown
 defined as  input min@0.0 max@1.8 =>  min@0.0 max@1.8 input

** Stage 7/7: Enter command ?> gn io_in[14]

> gn io_in[14]
Net io_in[14]: 34
 connections: gate 2 source 0 drain 0 bulk 0
 base definition io_in[*]
  default min unknown
  default sim unknown
  default max unknown
 defined as  input min@0.0 max@1.8 =>  min@0.0 max@1.8 input

** Stage 7/7: Enter command ?> gn io_in[15]

> gn io_in[15]
Net io_in[15]: 35
 connections: gate 2 source 0 drain 0 bulk 0
 base definition io_in[*]
  default min unknown
  default sim unknown
  default max unknown
 defined as  input min@0.0 max@1.8 =>  min@0.0 max@1.8 input

** Stage 7/7: Enter command ?> gn io_in[16]

> gn io_in[16]
Net io_in[16]: 36
 connections: gate 2 source 0 drain 0 bulk 0
 base definition io_in[*]
  default min unknown
  default sim unknown
  default max unknown
 defined as  input min@0.0 max@1.8 =>  min@0.0 max@1.8 input

** Stage 7/7: Enter command ?> gn io_in[17]

> gn io_in[17]
Net io_in[17]: 37
 connections: gate 2 source 0 drain 0 bulk 0
 base definition io_in[*]
  default min unknown
  default sim unknown
  default max unknown
 defined as  input min@0.0 max@1.8 =>  min@0.0 max@1.8 input

** Stage 7/7: Enter command ?> gn io_in[18]

> gn io_in[18]
Net io_in[18]: 38
 connections: gate 2 source 0 drain 0 bulk 0
 base definition io_in[*]
  default min unknown
  default sim unknown
  default max unknown
 defined as  input min@0.0 max@1.8 =>  min@0.0 max@1.8 input

** Stage 7/7: Enter command ?> gn io_in[19]

> gn io_in[19]
Net io_in[19]: 39
 connections: gate 2 source 0 drain 0 bulk 0
 base definition io_in[*]
  default min unknown
  default sim unknown
  default max unknown
 defined as  input min@0.0 max@1.8 =>  min@0.0 max@1.8 input

** Stage 7/7: Enter command ?> gn io_in[20]

> gn io_in[20]
Net io_in[20]: 41
 connections: gate 2 source 0 drain 0 bulk 0
 base definition io_in[*]
  default min unknown
  default sim unknown
  default max unknown
 defined as  input min@0.0 max@1.8 =>  min@0.0 max@1.8 input

** Stage 7/7: Enter command ?> gn io_in[21]

> gn io_in[21]
Net io_in[21]: 42
 connections: gate 2 source 0 drain 0 bulk 0
 base definition io_in[*]
  default min unknown
  default sim unknown
  default max unknown
 defined as  input min@0.0 max@1.8 =>  min@0.0 max@1.8 input

** Stage 7/7: Enter command ?> gn io_in[22]

> gn io_in[22]
Net io_in[22]: 43
 connections: gate 0 source 0 drain 0 bulk 0
 base definition io_in[*]
  default min unknown
  default sim unknown
  default max unknown
 defined as  input min@0.0 max@1.8 =>  min@0.0 max@1.8 input

** Stage 7/7: Enter command ?> gn io_in[23]

> gn io_in[23]
Net io_in[23]: 44
 connections: gate 0 source 0 drain 0 bulk 0
 base definition io_in[*]
  default min unknown
  default sim unknown
  default max unknown
 defined as  input min@0.0 max@1.8 =>  min@0.0 max@1.8 input

** Stage 7/7: Enter command ?> gn io_in[24]

> gn io_in[24]
Net io_in[24]: 45
 connections: gate 0 source 0 drain 0 bulk 0
 base definition io_in[*]
  default min unknown
  default sim unknown
  default max unknown
 defined as  input min@0.0 max@1.8 =>  min@0.0 max@1.8 input

** Stage 7/7: Enter command ?> gn io_in[25]

> gn io_in[25]
Net io_in[25]: 46
 connections: gate 0 source 0 drain 0 bulk 0
 base definition io_in[*]
  default min unknown
  default sim unknown
  default max unknown
 defined as  input min@0.0 max@1.8 =>  min@0.0 max@1.8 input

** Stage 7/7: Enter command ?> gn io_in[26]

> gn io_in[26]
Net io_in[26]: 47
 connections: gate 0 source 0 drain 0 bulk 0
 base definition io_in[*]
  default min unknown
  default sim unknown
  default max unknown
 defined as  input min@0.0 max@1.8 =>  min@0.0 max@1.8 input

** Stage 7/7: Enter command ?> gn io_in[27]

> gn io_in[27]
Net io_in[27]: 48
 connections: gate 0 source 0 drain 0 bulk 0
 base definition io_in[*]
  default min unknown
  default sim unknown
  default max unknown
 defined as  input min@0.0 max@1.8 =>  min@0.0 max@1.8 input

** Stage 7/7: Enter command ?> gn io_in[28]

> gn io_in[28]
Net io_in[28]: 49
 connections: gate 0 source 0 drain 0 bulk 0
 base definition io_in[*]
  default min unknown
  default sim unknown
  default max unknown
 defined as  input min@0.0 max@1.8 =>  min@0.0 max@1.8 input

** Stage 7/7: Enter command ?> gn io_in[29]

> gn io_in[29]
Net io_in[29]: 50
 connections: gate 0 source 0 drain 0 bulk 0
 base definition io_in[*]
  default min unknown
  default sim unknown
  default max unknown
 defined as  input min@0.0 max@1.8 =>  min@0.0 max@1.8 input

** Stage 7/7: Enter command ?> gn io_in[30]

> gn io_in[30]
Net io_in[30]: 52
 connections: gate 0 source 0 drain 0 bulk 0
 base definition io_in[*]
  default min unknown
  default sim unknown
  default max unknown
 defined as  input min@0.0 max@1.8 =>  min@0.0 max@1.8 input

** Stage 7/7: Enter command ?> gn io_in[31]

> gn io_in[31]
Net io_in[31]: 53
 connections: gate 0 source 0 drain 0 bulk 0
 base definition io_in[*]
  default min unknown
  default sim unknown
  default max unknown
 defined as  input min@0.0 max@1.8 =>  min@0.0 max@1.8 input

** Stage 7/7: Enter command ?> gn io_in[32]

> gn io_in[32]
Net io_in[32]: 54
 connections: gate 0 source 0 drain 0 bulk 0
 base definition io_in[*]
  default min unknown
  default sim unknown
  default max unknown
 defined as  input min@0.0 max@1.8 =>  min@0.0 max@1.8 input

** Stage 7/7: Enter command ?> gn io_in[33]

> gn io_in[33]
Net io_in[33]: 55
 connections: gate 0 source 0 drain 0 bulk 0
 base definition io_in[*]
  default min unknown
  default sim unknown
  default max unknown
 defined as  input min@0.0 max@1.8 =>  min@0.0 max@1.8 input

** Stage 7/7: Enter command ?> gn io_in[34]

> gn io_in[34]
Net io_in[34]: 56
 connections: gate 0 source 0 drain 0 bulk 0
 base definition io_in[*]
  default min unknown
  default sim unknown
  default max unknown
 defined as  input min@0.0 max@1.8 =>  min@0.0 max@1.8 input

** Stage 7/7: Enter command ?> gn io_in[35]

> gn io_in[35]
Net io_in[35]: 57
 connections: gate 0 source 0 drain 0 bulk 0
 base definition io_in[*]
  default min unknown
  default sim unknown
  default max unknown
 defined as  input min@0.0 max@1.8 =>  min@0.0 max@1.8 input

** Stage 7/7: Enter command ?> gn io_in[36]

> gn io_in[36]
Net io_in[36]: 58
 connections: gate 0 source 0 drain 0 bulk 0
 base definition io_in[*]
  default min unknown
  default sim unknown
  default max unknown
 defined as  input min@0.0 max@1.8 =>  min@0.0 max@1.8 input

** Stage 7/7: Enter command ?> gn io_in[37]

> gn io_in[37]
Net io_in[37]: 59
 connections: gate 0 source 0 drain 0 bulk 0
 base definition io_in[*]
  default min unknown
  default sim unknown
  default max unknown
 defined as  input min@0.0 max@1.8 =>  min@0.0 max@1.8 input

** Stage 7/7: Enter command ?> gn analog_io[0]

> gn analog_io[0]
Net analog_io[0]: 0
 connections: gate 0 source 0 drain 0 bulk 0

** Stage 7/7: Enter command ?> gn analog_io[1]

> gn analog_io[1]
Net analog_io[1]: 11
 connections: gate 0 source 0 drain 0 bulk 0

** Stage 7/7: Enter command ?> gn analog_io[2]

> gn analog_io[2]
Net analog_io[2]: 21
 connections: gate 0 source 0 drain 0 bulk 0

** Stage 7/7: Enter command ?> gn analog_io[3]

> gn analog_io[3]
Net analog_io[3]: 22
 connections: gate 0 source 0 drain 0 bulk 0

** Stage 7/7: Enter command ?> gn analog_io[4]

> gn analog_io[4]
Net analog_io[4]: 23
 connections: gate 0 source 0 drain 0 bulk 0

** Stage 7/7: Enter command ?> gn analog_io[5]

> gn analog_io[5]
Net analog_io[5]: 24
 connections: gate 0 source 0 drain 0 bulk 0

** Stage 7/7: Enter command ?> gn analog_io[6]

> gn analog_io[6]
Net analog_io[6]: 25
 connections: gate 0 source 0 drain 0 bulk 0

** Stage 7/7: Enter command ?> gn analog_io[7]

> gn analog_io[7]
Net analog_io[7]: 26
 connections: gate 0 source 0 drain 0 bulk 0

** Stage 7/7: Enter command ?> gn analog_io[8]

> gn analog_io[8]
Net analog_io[8]: 27
 connections: gate 0 source 0 drain 0 bulk 0

** Stage 7/7: Enter command ?> gn analog_io[9]

> gn analog_io[9]
Net analog_io[9]: 28
 connections: gate 0 source 0 drain 0 bulk 0

** Stage 7/7: Enter command ?> gn analog_io[10]

> gn analog_io[10]
Net analog_io[10]: 1
 connections: gate 0 source 0 drain 0 bulk 0

** Stage 7/7: Enter command ?> gn analog_io[11]

> gn analog_io[11]
Net analog_io[11]: 2
 connections: gate 0 source 0 drain 0 bulk 0

** Stage 7/7: Enter command ?> gn analog_io[12]

> gn analog_io[12]
Net analog_io[12]: 3
 connections: gate 0 source 0 drain 0 bulk 0

** Stage 7/7: Enter command ?> gn analog_io[13]

> gn analog_io[13]
Net analog_io[13]: 4
 connections: gate 0 source 0 drain 0 bulk 0

** Stage 7/7: Enter command ?> gn analog_io[14]

> gn analog_io[14]
Net analog_io[14]: 5
 connections: gate 0 source 0 drain 0 bulk 0

** Stage 7/7: Enter command ?> gn analog_io[15]

> gn analog_io[15]
Net analog_io[15]: 6
 connections: gate 0 source 0 drain 0 bulk 0

** Stage 7/7: Enter command ?> gn analog_io[16]

> gn analog_io[16]
Net analog_io[16]: 7
 connections: gate 0 source 0 drain 0 bulk 0

** Stage 7/7: Enter command ?> gn analog_io[17]

> gn analog_io[17]
Net analog_io[17]: 8
 connections: gate 0 source 0 drain 0 bulk 0

** Stage 7/7: Enter command ?> gn analog_io[18]

> gn analog_io[18]
Net analog_io[18]: 9
 connections: gate 0 source 0 drain 0 bulk 0

** Stage 7/7: Enter command ?> gn analog_io[19]

> gn analog_io[19]
Net analog_io[19]: 10
 connections: gate 0 source 0 drain 0 bulk 0

** Stage 7/7: Enter command ?> gn analog_io[20]

> gn analog_io[20]
Net analog_io[20]: 12
 connections: gate 0 source 0 drain 0 bulk 0

** Stage 7/7: Enter command ?> gn analog_io[21]

> gn analog_io[21]
Net analog_io[21]: 13
 connections: gate 0 source 0 drain 0 bulk 0

** Stage 7/7: Enter command ?> gn analog_io[22]

> gn analog_io[22]
Net analog_io[22]: 14
 connections: gate 0 source 0 drain 0 bulk 0

** Stage 7/7: Enter command ?> gn analog_io[23]

> gn analog_io[23]
Net analog_io[23]: 15
 connections: gate 0 source 0 drain 0 bulk 0

** Stage 7/7: Enter command ?> gn analog_io[24]

> gn analog_io[24]
Net analog_io[24]: 16
 connections: gate 0 source 0 drain 0 bulk 0

** Stage 7/7: Enter command ?> gn analog_io[25]

> gn analog_io[25]
Net analog_io[25]: 17
 connections: gate 0 source 0 drain 0 bulk 0

** Stage 7/7: Enter command ?> gn analog_io[26]

> gn analog_io[26]
Net analog_io[26]: 18
 connections: gate 0 source 0 drain 0 bulk 0

** Stage 7/7: Enter command ?> gn analog_io[27]

> gn analog_io[27]
Net analog_io[27]: 19
 connections: gate 0 source 0 drain 0 bulk 0

** Stage 7/7: Enter command ?> gn analog_io[28]

> gn analog_io[28]
Net analog_io[28]: 20
 connections: gate 0 source 0 drain 0 bulk 0

** Stage 7/7: Enter command ?> q

> q
 gpio |   in   |   out  | analog |  oeb min/sim/max  | Message
  35  |        |        |        |      /     /      | 
  26  |        |      2 |        | vssd*/vssd*/vssd* | 
  17  |      4 |        |        |      /     /      | Warning: oeb expected high for input only
   4  |        |        |        |      /     /      | 
  36  |        |        |        |      /     /      | 
  27  |        |        |        |      /     /      | 
  18  |      4 |        |        |      /     /      | Warning: oeb expected high for input only
   5  |      4 |        |        |      /     /      | Warning: oeb expected high for input only
  37  |        |        |        |      /     /      | 
  28  |        |        |        |      /     /      | 
  19  |      4 |        |        |      /     /      | Warning: oeb expected high for input only
   6  |      4 |        |        |      /     /      | Warning: oeb expected high for input only
  29  |        |        |        |      /     /      | 
   7  |      4 |        |        |      /     /      | Warning: oeb expected high for input only
   8  |      4 |        |        |      /     /      | Warning: oeb expected high for input only
   9  |      4 |        |        |      /     /      | Warning: oeb expected high for input only
  10  |      4 |        |        |      /     /      | Warning: oeb expected high for input only
  20  |      4 |        |        |      /     /      | Warning: oeb expected high for input only
  11  |      4 |        |        |      /     /      | Warning: oeb expected high for input only
  30  |        |        |        |      /     /      | 
  21  |      4 |        |        |      /     /      | Warning: oeb expected high for input only
  12  |      4 |        |        |      /     /      | Warning: oeb expected high for input only
  31  |        |        |        |      /     /      | 
  22  |        |      2 |        | vssd*/vssd*/vssd* | 
  13  |      4 |        |        |      /     /      | Warning: oeb expected high for input only
   0  |        |        |        |      /     /      | 
  32  |        |        |        |      /     /      | 
  23  |        |      2 |        | vssd*/vssd*/vssd* | 
  14  |      4 |        |        |      /     /      | Warning: oeb expected high for input only
   1  |        |        |        |      /     /      | 
  33  |        |        |        |      /     /      | 
  24  |        |      2 |        | vssd*/vssd*/vssd* | 
  15  |      4 |        |        |      /     /      | Warning: oeb expected high for input only
   2  |        |        |        |      /     /      | 
  34  |        |        |        |      /     /      | 
  25  |        |      2 |        | vssd*/vssd*/vssd* | 
  16  |      4 |        |        |      /     /      | Warning: oeb expected high for input only
   3  |        |        |        |      /     /      | 
