Instance name,  X location,  Y location,  Voltage 
mprj, 2539.44, 2895.88, 1.8
mprj, 2539.44, 2715.88, 1.8
mprj, 2539.44, 2535.88, 1.8
mprj, 2539.44, 2355.88, 1.8
mprj, 2539.44, 2175.88, 1.8
mprj, 2539.44, 1995.88, 1.8
mprj, 2539.44, 1815.88, 1.8
mprj, 2539.44, 1635.88, 1.8
mprj, 2539.44, 1455.88, 1.8
mprj, 2539.44, 1275.88, 1.8
mprj, 2539.44, 1095.88, 1.8
mprj, 2539.44, 915.88, 1.8
mprj, 2539.44, 735.88, 1.8
mprj, 2539.44, 555.88, 1.8
mprj, 2539.44, 375.88, 1.8
mprj, 2539.44, 195.88, 1.8
mprj, 2385.84, 2895.88, 1.8
mprj, 2385.84, 2715.88, 1.8
mprj, 2385.84, 2535.88, 1.8
mprj, 2385.84, 2355.88, 1.8
mprj, 2385.84, 2175.88, 1.8
mprj, 2385.84, 1995.88, 1.8
mprj, 2385.84, 1815.88, 1.8
mprj, 2385.84, 1635.88, 1.8
mprj, 2385.84, 1455.88, 1.8
mprj, 2385.84, 1275.88, 1.8
mprj, 2385.84, 1095.88, 1.8
mprj, 2385.84, 915.88, 1.8
mprj, 2385.84, 735.88, 1.8
mprj, 2385.84, 555.88, 1.8
mprj, 2385.84, 375.88, 1.8
mprj, 2385.84, 195.88, 1.8
mprj, 2232.24, 2895.88, 1.8
mprj, 2232.24, 2715.88, 1.8
mprj, 2232.24, 2535.88, 1.8
mprj, 2232.24, 2355.88, 1.8
mprj, 2232.24, 2175.88, 1.8
mprj, 2232.24, 1995.88, 1.8
mprj, 2232.24, 1815.88, 1.8
mprj, 2232.24, 1635.88, 1.8
mprj, 2232.24, 1455.88, 1.8
mprj, 2232.24, 1275.88, 1.8
mprj, 2232.24, 1095.88, 1.8
mprj, 2232.24, 915.88, 1.8
mprj, 2232.24, 735.88, 1.8
mprj, 2232.24, 555.88, 1.8
mprj, 2232.24, 375.88, 1.8
mprj, 2232.24, 195.88, 1.8
mprj, 2078.64, 2895.88, 1.8
mprj, 2078.64, 2715.88, 1.8
mprj, 2078.64, 2535.88, 1.8
mprj, 2078.64, 2355.88, 1.8
mprj, 2078.64, 2175.88, 1.8
mprj, 2078.64, 1995.88, 1.8
mprj, 2078.64, 1815.88, 1.8
mprj, 2078.64, 1635.88, 1.8
mprj, 2078.64, 1455.88, 1.8
mprj, 2078.64, 1275.88, 1.8
mprj, 2078.64, 1095.88, 1.8
mprj, 2078.64, 915.88, 1.8
mprj, 2078.64, 735.88, 1.8
mprj, 2078.64, 555.88, 1.8
mprj, 2078.64, 375.88, 1.8
mprj, 2078.64, 195.88, 1.8
mprj, 1925.04, 2895.88, 1.8
mprj, 1925.04, 2715.88, 1.8
mprj, 1925.04, 2535.88, 1.8
mprj, 1925.04, 2355.88, 1.8
mprj, 1925.04, 2175.88, 1.8
mprj, 1925.04, 1995.88, 1.8
mprj, 1925.04, 1815.88, 1.8
mprj, 1925.04, 1635.88, 1.8
mprj, 1925.04, 1455.88, 1.8
mprj, 1925.04, 1275.88, 1.8
mprj, 1925.04, 1095.88, 1.8
mprj, 1925.04, 915.88, 1.8
mprj, 1925.04, 735.88, 1.8
mprj, 1925.04, 555.88, 1.8
mprj, 1925.04, 375.88, 1.8
mprj, 1925.04, 195.88, 1.8
mprj, 1771.44, 2895.88, 1.8
mprj, 1771.44, 2715.88, 1.8
mprj, 1771.44, 2535.88, 1.8
mprj, 1771.44, 2355.88, 1.8
mprj, 1771.44, 2175.88, 1.8
mprj, 1771.44, 1995.88, 1.8
mprj, 1771.44, 1815.88, 1.8
mprj, 1771.44, 1635.88, 1.8
mprj, 1771.44, 1455.88, 1.8
mprj, 1771.44, 1275.88, 1.8
mprj, 1771.44, 1095.88, 1.8
mprj, 1771.44, 915.88, 1.8
mprj, 1771.44, 735.88, 1.8
mprj, 1771.44, 555.88, 1.8
mprj, 1771.44, 375.88, 1.8
mprj, 1771.44, 195.88, 1.8
mprj, 1617.84, 2895.88, 1.8
mprj, 1617.84, 2715.88, 1.8
mprj, 1617.84, 2535.88, 1.8
mprj, 1617.84, 2355.88, 1.8
mprj, 1617.84, 2175.88, 1.8
mprj, 1617.84, 1995.88, 1.8
mprj, 1617.84, 1815.88, 1.8
mprj, 1617.84, 1635.88, 1.8
mprj, 1617.84, 1455.88, 1.8
mprj, 1617.84, 1275.88, 1.8
mprj, 1617.84, 1095.88, 1.8
mprj, 1617.84, 915.88, 1.8
mprj, 1617.84, 735.88, 1.8
mprj, 1617.84, 555.88, 1.8
mprj, 1617.84, 375.88, 1.8
mprj, 1617.84, 195.88, 1.8
mprj, 1464.24, 2895.88, 1.8
mprj, 1464.24, 2715.88, 1.8
mprj, 1464.24, 2535.88, 1.8
mprj, 1464.24, 2355.88, 1.8
mprj, 1464.24, 2175.88, 1.8
mprj, 1464.24, 1995.88, 1.8
mprj, 1464.24, 1815.88, 1.8
mprj, 1464.24, 1635.88, 1.8
mprj, 1464.24, 1455.88, 1.8
mprj, 1464.24, 1275.88, 1.8
mprj, 1464.24, 1095.88, 1.8
mprj, 1464.24, 915.88, 1.8
mprj, 1464.24, 735.88, 1.8
mprj, 1464.24, 555.88, 1.8
mprj, 1464.24, 375.88, 1.8
mprj, 1464.24, 195.88, 1.8
mprj, 1310.64, 2895.88, 1.8
mprj, 1310.64, 2715.88, 1.8
mprj, 1310.64, 2535.88, 1.8
mprj, 1310.64, 2355.88, 1.8
mprj, 1310.64, 2175.88, 1.8
mprj, 1310.64, 1995.88, 1.8
mprj, 1310.64, 1815.88, 1.8
mprj, 1310.64, 1635.88, 1.8
mprj, 1310.64, 1455.88, 1.8
mprj, 1310.64, 1275.88, 1.8
mprj, 1310.64, 1095.88, 1.8
mprj, 1310.64, 915.88, 1.8
mprj, 1310.64, 735.88, 1.8
mprj, 1310.64, 555.88, 1.8
mprj, 1310.64, 375.88, 1.8
mprj, 1310.64, 195.88, 1.8
mprj, 1157.04, 2895.88, 1.8
mprj, 1157.04, 2715.88, 1.8
mprj, 1157.04, 2535.88, 1.8
mprj, 1157.04, 2355.88, 1.8
mprj, 1157.04, 2175.88, 1.8
mprj, 1157.04, 1995.88, 1.8
mprj, 1157.04, 1815.88, 1.8
mprj, 1157.04, 1635.88, 1.8
mprj, 1157.04, 1455.88, 1.8
mprj, 1157.04, 1275.88, 1.8
mprj, 1157.04, 1095.88, 1.8
mprj, 1157.04, 915.88, 1.8
mprj, 1157.04, 735.88, 1.8
mprj, 1157.04, 555.88, 1.8
mprj, 1157.04, 375.88, 1.8
mprj, 1157.04, 195.88, 1.8
mprj, 1003.44, 2895.88, 1.8
mprj, 1003.44, 2715.88, 1.8
mprj, 1003.44, 2535.88, 1.8
mprj, 1003.44, 2355.88, 1.8
mprj, 1003.44, 2175.88, 1.8
mprj, 1003.44, 1995.88, 1.8
mprj, 1003.44, 1815.88, 1.8
mprj, 1003.44, 1635.88, 1.8
mprj, 1003.44, 1455.88, 1.8
mprj, 1003.44, 1275.88, 1.8
mprj, 1003.44, 1095.88, 1.8
mprj, 1003.44, 915.88, 1.8
mprj, 1003.44, 735.88, 1.8
mprj, 1003.44, 555.88, 1.8
mprj, 1003.44, 375.88, 1.8
mprj, 1003.44, 195.88, 1.8
mprj, 849.84, 2895.88, 1.8
mprj, 849.84, 2715.88, 1.8
mprj, 849.84, 2535.88, 1.8
mprj, 849.84, 2355.88, 1.8
mprj, 849.84, 2175.88, 1.8
mprj, 849.84, 1995.88, 1.8
mprj, 849.84, 1815.88, 1.8
mprj, 849.84, 1635.88, 1.8
mprj, 849.84, 1455.88, 1.8
mprj, 849.84, 1275.88, 1.8
mprj, 849.84, 1095.88, 1.8
mprj, 849.84, 915.88, 1.8
mprj, 849.84, 735.88, 1.8
mprj, 849.84, 555.88, 1.8
mprj, 849.84, 375.88, 1.8
mprj, 849.84, 195.88, 1.8
mprj, 696.24, 2895.88, 1.8
mprj, 696.24, 2715.88, 1.8
mprj, 696.24, 2535.88, 1.8
mprj, 696.24, 2355.88, 1.8
mprj, 696.24, 2175.88, 1.8
mprj, 696.24, 1995.88, 1.8
mprj, 696.24, 1815.88, 1.8
mprj, 696.24, 1635.88, 1.8
mprj, 696.24, 1455.88, 1.8
mprj, 696.24, 1275.88, 1.8
mprj, 696.24, 1095.88, 1.8
mprj, 696.24, 915.88, 1.8
mprj, 696.24, 735.88, 1.8
mprj, 696.24, 555.88, 1.8
mprj, 696.24, 375.88, 1.8
mprj, 696.24, 195.88, 1.8
mprj, 542.64, 2895.88, 1.8
mprj, 542.64, 2715.88, 1.8
mprj, 542.64, 2535.88, 1.8
mprj, 542.64, 2355.88, 1.8
mprj, 542.64, 2175.88, 1.8
mprj, 542.64, 1995.88, 1.8
mprj, 542.64, 1815.88, 1.8
mprj, 542.64, 1635.88, 1.8
mprj, 542.64, 1455.88, 1.8
mprj, 542.64, 1275.88, 1.8
mprj, 542.64, 1095.88, 1.8
mprj, 542.64, 915.88, 1.8
mprj, 542.64, 735.88, 1.8
mprj, 542.64, 555.88, 1.8
mprj, 542.64, 375.88, 1.8
mprj, 542.64, 195.88, 1.8
mprj, 389.04, 2895.88, 1.8
mprj, 389.04, 2715.88, 1.8
mprj, 389.04, 2535.88, 1.8
mprj, 389.04, 2355.88, 1.8
mprj, 389.04, 2175.88, 1.8
mprj, 389.04, 1995.88, 1.8
mprj, 389.04, 1815.88, 1.8
mprj, 389.04, 1635.88, 1.8
mprj, 389.04, 1455.88, 1.8
mprj, 389.04, 1275.88, 1.8
mprj, 389.04, 1095.88, 1.8
mprj, 389.04, 915.88, 1.8
mprj, 389.04, 735.88, 1.8
mprj, 389.04, 555.88, 1.8
mprj, 389.04, 375.88, 1.8
mprj, 389.04, 195.88, 1.8
mprj, 235.44, 2895.88, 1.8
mprj, 235.44, 2715.88, 1.8
mprj, 235.44, 2535.88, 1.8
mprj, 235.44, 2355.88, 1.8
mprj, 235.44, 2175.88, 1.8
mprj, 235.44, 1995.88, 1.8
mprj, 235.44, 1815.88, 1.8
mprj, 235.44, 1635.88, 1.8
mprj, 235.44, 1455.88, 1.8
mprj, 235.44, 1275.88, 1.8
mprj, 235.44, 1095.88, 1.8
mprj, 235.44, 915.88, 1.8
mprj, 235.44, 735.88, 1.8
mprj, 235.44, 555.88, 1.8
mprj, 235.44, 375.88, 1.8
mprj, 235.44, 195.88, 1.8
mprj, 81.84, 2895.88, 1.8
mprj, 81.84, 2715.88, 1.8
mprj, 81.84, 2535.88, 1.8
mprj, 81.84, 2355.88, 1.8
mprj, 81.84, 2175.88, 1.8
mprj, 81.84, 1995.88, 1.8
mprj, 81.84, 1815.88, 1.8
mprj, 81.84, 1635.88, 1.8
mprj, 81.84, 1455.88, 1.8
mprj, 81.84, 1275.88, 1.8
mprj, 81.84, 1095.88, 1.8
mprj, 81.84, 915.88, 1.8
mprj, 81.84, 735.88, 1.8
mprj, 81.84, 555.88, 1.8
mprj, 81.84, 375.88, 1.8
mprj, 81.84, 195.88, 1.8

