Instance name,  X location,  Y location,  Voltage 
mprj, 2462.64, 2914.48, 0
mprj, 2462.64, 2734.48, 0
mprj, 2462.64, 2554.48, 0
mprj, 2462.64, 2374.48, 0
mprj, 2462.64, 2194.48, 0
mprj, 2462.64, 2014.48, 0
mprj, 2462.64, 1834.48, 0
mprj, 2462.64, 1654.48, 0
mprj, 2462.64, 1474.48, 0
mprj, 2462.64, 1294.48, 0
mprj, 2462.64, 1114.48, 0
mprj, 2462.64, 934.48, 0
mprj, 2462.64, 754.48, 0
mprj, 2462.64, 574.48, 0
mprj, 2462.64, 394.48, 0
mprj, 2462.64, 214.48, 0
mprj, 2462.64, 34.48, 0
mprj, 2309.04, 2914.48, 0
mprj, 2309.04, 2734.48, 0
mprj, 2309.04, 2554.48, 0
mprj, 2309.04, 2374.48, 0
mprj, 2309.04, 2194.48, 0
mprj, 2309.04, 2014.48, 0
mprj, 2309.04, 1834.48, 0
mprj, 2309.04, 1654.48, 0
mprj, 2309.04, 1474.48, 0
mprj, 2309.04, 1294.48, 0
mprj, 2309.04, 1114.48, 0
mprj, 2309.04, 934.48, 0
mprj, 2309.04, 754.48, 0
mprj, 2309.04, 574.48, 0
mprj, 2309.04, 394.48, 0
mprj, 2309.04, 214.48, 0
mprj, 2309.04, 34.48, 0
mprj, 2155.44, 2914.48, 0
mprj, 2155.44, 2734.48, 0
mprj, 2155.44, 2554.48, 0
mprj, 2155.44, 2374.48, 0
mprj, 2155.44, 2194.48, 0
mprj, 2155.44, 2014.48, 0
mprj, 2155.44, 1834.48, 0
mprj, 2155.44, 1654.48, 0
mprj, 2155.44, 1474.48, 0
mprj, 2155.44, 1294.48, 0
mprj, 2155.44, 1114.48, 0
mprj, 2155.44, 934.48, 0
mprj, 2155.44, 754.48, 0
mprj, 2155.44, 574.48, 0
mprj, 2155.44, 394.48, 0
mprj, 2155.44, 214.48, 0
mprj, 2155.44, 34.48, 0
mprj, 2001.84, 2914.48, 0
mprj, 2001.84, 2734.48, 0
mprj, 2001.84, 2554.48, 0
mprj, 2001.84, 2374.48, 0
mprj, 2001.84, 2194.48, 0
mprj, 2001.84, 2014.48, 0
mprj, 2001.84, 1834.48, 0
mprj, 2001.84, 1654.48, 0
mprj, 2001.84, 1474.48, 0
mprj, 2001.84, 1294.48, 0
mprj, 2001.84, 1114.48, 0
mprj, 2001.84, 934.48, 0
mprj, 2001.84, 754.48, 0
mprj, 2001.84, 574.48, 0
mprj, 2001.84, 394.48, 0
mprj, 2001.84, 214.48, 0
mprj, 2001.84, 34.48, 0
mprj, 1848.24, 2914.48, 0
mprj, 1848.24, 2734.48, 0
mprj, 1848.24, 2554.48, 0
mprj, 1848.24, 2374.48, 0
mprj, 1848.24, 2194.48, 0
mprj, 1848.24, 2014.48, 0
mprj, 1848.24, 1834.48, 0
mprj, 1848.24, 1654.48, 0
mprj, 1848.24, 1474.48, 0
mprj, 1848.24, 1294.48, 0
mprj, 1848.24, 1114.48, 0
mprj, 1848.24, 934.48, 0
mprj, 1848.24, 754.48, 0
mprj, 1848.24, 574.48, 0
mprj, 1848.24, 394.48, 0
mprj, 1848.24, 214.48, 0
mprj, 1848.24, 34.48, 0
mprj, 1694.64, 2914.48, 0
mprj, 1694.64, 2734.48, 0
mprj, 1694.64, 2554.48, 0
mprj, 1694.64, 2374.48, 0
mprj, 1694.64, 2194.48, 0
mprj, 1694.64, 2014.48, 0
mprj, 1694.64, 1834.48, 0
mprj, 1694.64, 1654.48, 0
mprj, 1694.64, 1474.48, 0
mprj, 1694.64, 1294.48, 0
mprj, 1694.64, 1114.48, 0
mprj, 1694.64, 934.48, 0
mprj, 1694.64, 754.48, 0
mprj, 1694.64, 574.48, 0
mprj, 1694.64, 394.48, 0
mprj, 1694.64, 214.48, 0
mprj, 1694.64, 34.48, 0
mprj, 1541.04, 2914.48, 0
mprj, 1541.04, 2734.48, 0
mprj, 1541.04, 2554.48, 0
mprj, 1541.04, 2374.48, 0
mprj, 1541.04, 2194.48, 0
mprj, 1541.04, 2014.48, 0
mprj, 1541.04, 1834.48, 0
mprj, 1541.04, 1654.48, 0
mprj, 1541.04, 1474.48, 0
mprj, 1541.04, 1294.48, 0
mprj, 1541.04, 1114.48, 0
mprj, 1541.04, 934.48, 0
mprj, 1541.04, 754.48, 0
mprj, 1541.04, 574.48, 0
mprj, 1541.04, 394.48, 0
mprj, 1541.04, 214.48, 0
mprj, 1541.04, 34.48, 0
mprj, 1387.44, 2914.48, 0
mprj, 1387.44, 2734.48, 0
mprj, 1387.44, 2554.48, 0
mprj, 1387.44, 2374.48, 0
mprj, 1387.44, 2194.48, 0
mprj, 1387.44, 2014.48, 0
mprj, 1387.44, 1834.48, 0
mprj, 1387.44, 1654.48, 0
mprj, 1387.44, 1474.48, 0
mprj, 1387.44, 1294.48, 0
mprj, 1387.44, 1114.48, 0
mprj, 1387.44, 934.48, 0
mprj, 1387.44, 754.48, 0
mprj, 1387.44, 574.48, 0
mprj, 1387.44, 394.48, 0
mprj, 1387.44, 214.48, 0
mprj, 1387.44, 34.48, 0
mprj, 1233.84, 2914.48, 0
mprj, 1233.84, 2734.48, 0
mprj, 1233.84, 2554.48, 0
mprj, 1233.84, 2374.48, 0
mprj, 1233.84, 2194.48, 0
mprj, 1233.84, 2014.48, 0
mprj, 1233.84, 1834.48, 0
mprj, 1233.84, 1654.48, 0
mprj, 1233.84, 1474.48, 0
mprj, 1233.84, 1294.48, 0
mprj, 1233.84, 1114.48, 0
mprj, 1233.84, 934.48, 0
mprj, 1233.84, 754.48, 0
mprj, 1233.84, 574.48, 0
mprj, 1233.84, 394.48, 0
mprj, 1233.84, 214.48, 0
mprj, 1233.84, 34.48, 0
mprj, 1080.24, 2914.48, 0
mprj, 1080.24, 2734.48, 0
mprj, 1080.24, 2554.48, 0
mprj, 1080.24, 2374.48, 0
mprj, 1080.24, 2194.48, 0
mprj, 1080.24, 2014.48, 0
mprj, 1080.24, 1834.48, 0
mprj, 1080.24, 1654.48, 0
mprj, 1080.24, 1474.48, 0
mprj, 1080.24, 1294.48, 0
mprj, 1080.24, 1114.48, 0
mprj, 1080.24, 934.48, 0
mprj, 1080.24, 754.48, 0
mprj, 1080.24, 574.48, 0
mprj, 1080.24, 394.48, 0
mprj, 1080.24, 214.48, 0
mprj, 1080.24, 34.48, 0
mprj, 926.64, 2914.48, 0
mprj, 926.64, 2734.48, 0
mprj, 926.64, 2554.48, 0
mprj, 926.64, 2374.48, 0
mprj, 926.64, 2194.48, 0
mprj, 926.64, 2014.48, 0
mprj, 926.64, 1834.48, 0
mprj, 926.64, 1654.48, 0
mprj, 926.64, 1474.48, 0
mprj, 926.64, 1294.48, 0
mprj, 926.64, 1114.48, 0
mprj, 926.64, 934.48, 0
mprj, 926.64, 754.48, 0
mprj, 926.64, 574.48, 0
mprj, 926.64, 394.48, 0
mprj, 926.64, 214.48, 0
mprj, 926.64, 34.48, 0
mprj, 773.04, 2914.48, 0
mprj, 773.04, 2734.48, 0
mprj, 773.04, 2554.48, 0
mprj, 773.04, 2374.48, 0
mprj, 773.04, 2194.48, 0
mprj, 773.04, 2014.48, 0
mprj, 773.04, 1834.48, 0
mprj, 773.04, 1654.48, 0
mprj, 773.04, 1474.48, 0
mprj, 773.04, 1294.48, 0
mprj, 773.04, 1114.48, 0
mprj, 773.04, 934.48, 0
mprj, 773.04, 754.48, 0
mprj, 773.04, 574.48, 0
mprj, 773.04, 394.48, 0
mprj, 773.04, 214.48, 0
mprj, 773.04, 34.48, 0
mprj, 619.44, 2914.48, 0
mprj, 619.44, 2734.48, 0
mprj, 619.44, 2554.48, 0
mprj, 619.44, 2374.48, 0
mprj, 619.44, 2194.48, 0
mprj, 619.44, 2014.48, 0
mprj, 619.44, 1834.48, 0
mprj, 619.44, 1654.48, 0
mprj, 619.44, 1474.48, 0
mprj, 619.44, 1294.48, 0
mprj, 619.44, 1114.48, 0
mprj, 619.44, 934.48, 0
mprj, 619.44, 754.48, 0
mprj, 619.44, 574.48, 0
mprj, 619.44, 394.48, 0
mprj, 619.44, 214.48, 0
mprj, 619.44, 34.48, 0
mprj, 465.84, 2914.48, 0
mprj, 465.84, 2734.48, 0
mprj, 465.84, 2554.48, 0
mprj, 465.84, 2374.48, 0
mprj, 465.84, 2194.48, 0
mprj, 465.84, 2014.48, 0
mprj, 465.84, 1834.48, 0
mprj, 465.84, 1654.48, 0
mprj, 465.84, 1474.48, 0
mprj, 465.84, 1294.48, 0
mprj, 465.84, 1114.48, 0
mprj, 465.84, 934.48, 0
mprj, 465.84, 754.48, 0
mprj, 465.84, 574.48, 0
mprj, 465.84, 394.48, 0
mprj, 465.84, 214.48, 0
mprj, 465.84, 34.48, 0
mprj, 312.24, 2914.48, 0
mprj, 312.24, 2734.48, 0
mprj, 312.24, 2554.48, 0
mprj, 312.24, 2374.48, 0
mprj, 312.24, 2194.48, 0
mprj, 312.24, 2014.48, 0
mprj, 312.24, 1834.48, 0
mprj, 312.24, 1654.48, 0
mprj, 312.24, 1474.48, 0
mprj, 312.24, 1294.48, 0
mprj, 312.24, 1114.48, 0
mprj, 312.24, 934.48, 0
mprj, 312.24, 754.48, 0
mprj, 312.24, 574.48, 0
mprj, 312.24, 394.48, 0
mprj, 312.24, 214.48, 0
mprj, 312.24, 34.48, 0
mprj, 158.64, 2914.48, 0
mprj, 158.64, 2734.48, 0
mprj, 158.64, 2554.48, 0
mprj, 158.64, 2374.48, 0
mprj, 158.64, 2194.48, 0
mprj, 158.64, 2014.48, 0
mprj, 158.64, 1834.48, 0
mprj, 158.64, 1654.48, 0
mprj, 158.64, 1474.48, 0
mprj, 158.64, 1294.48, 0
mprj, 158.64, 1114.48, 0
mprj, 158.64, 934.48, 0
mprj, 158.64, 754.48, 0
mprj, 158.64, 574.48, 0
mprj, 158.64, 394.48, 0
mprj, 158.64, 214.48, 0
mprj, 158.64, 34.48, 0

