
===========================================================================
report_checks -path_delay min (Hold)
============================================================================
======================= Typical Corner ===================================

Startpoint: wb_rst_i (input port clocked by clk)
Endpoint: mprj (rising edge-triggered flip-flop clocked by clk)
Path Group: clk
Path Type: min

Fanout     Cap    Slew   Delay    Time   Description
-----------------------------------------------------------------------------
                          0.00    0.00   clock clk (rise edge)
                          4.65    4.65   clock network delay (propagated)
                         12.50   17.15 v input external delay
                  0.00    0.00   17.15 v wb_rst_i (in)
     1    0.00                           wb_rst_i (net)
                  0.00    0.00   17.15 v mprj/wb_rst_i (user_proj_example)
                                 17.15   data arrival time

                          0.00    0.00   clock clk (rise edge)
                          5.57    5.57   clock source latency
                  0.61    0.00    5.57 ^ wb_clk_i (in)
     1    0.28                           wb_clk_i (net)
                  0.61    0.00    5.57 ^ mprj/clk (user_proj_example)
                          0.25    5.82   clock uncertainty
                          0.00    5.82   clock reconvergence pessimism
                          6.40   12.22   library hold time
                                 12.22   data required time
-----------------------------------------------------------------------------
                                 12.22   data required time
                                -17.15   data arrival time
-----------------------------------------------------------------------------
                                  4.93   slack (MET)



