OpenROAD 41a51eaf4ca2171c92ff38afb91eb37bbd3f36da 
This program is licensed under the BSD-3 license. See the LICENSE file for details.
Components of this program may be licensed under more restrictive licenses which must be honored.
[INFO ODB-0222] Reading LEF file: /home/engtech/Desktop/Openlane_v2/HW_For_AI/openlane/user_project_wrapper/runs/24_08_21_21_23/tmp/merged.min.lef
[WARNING ODB-0220] WARNING (LEFPARS-2036): SOURCE statement is obsolete in version 5.6 and later.
The LEF parser will ignore this statement.
To avoid this warning in the future, remove this statement from the LEF file with version 5.6 or later. See file /home/engtech/Desktop/Openlane_v2/HW_For_AI/openlane/user_project_wrapper/runs/24_08_21_21_23/tmp/merged.min.lef at line 68353.

[INFO ODB-0223]     Created 13 technology layers
[INFO ODB-0224]     Created 25 technology vias
[INFO ODB-0225]     Created 442 library cells
[INFO ODB-0226] Finished LEF file:  /home/engtech/Desktop/Openlane_v2/HW_For_AI/openlane/user_project_wrapper/runs/24_08_21_21_23/tmp/merged.min.lef
[INFO ODB-0127] Reading DEF file: /home/engtech/Desktop/Openlane_v2/HW_For_AI/openlane/user_project_wrapper/runs/24_08_21_21_23/results/routing/user_project_wrapper.def
[INFO ODB-0128] Design: user_project_wrapper
[INFO ODB-0130]     Created 645 pins.
[INFO ODB-0131]     Created 1 components and 31 component-terminals.
[INFO ODB-0132]     Created 8 special nets and 2 connections.
[INFO ODB-0133]     Created 637 nets and 29 connections.
[INFO ODB-0134] Finished DEF file: /home/engtech/Desktop/Openlane_v2/HW_For_AI/openlane/user_project_wrapper/runs/24_08_21_21_23/results/routing/user_project_wrapper.def
define_corners Typical
read_liberty -corner Typical /home/engtech/Desktop/Openlane_v2/HW_For_AI/dependencies/pdks/sky130A/libs.ref/sky130_fd_sc_hd/lib/sky130_fd_sc_hd__tt_025C_1v80.lib
read_liberty -corner Typical /home/engtech/Desktop/Openlane_v2/HW_For_AI/openlane/user_project_wrapper/../../lib/user_proj_example.lib
Using 1e-12 for capacitance...
Using 1e+03 for resistance...
Using 1e-09 for time...
Using 1e+00 for voltage...
Using 1e-03 for current...
Using 1e-09 for power...
Using 1e-06 for distance...
Using RCX ruleset '/home/engtech/Desktop/Openlane_v2/HW_For_AI/dependencies/pdks/sky130A/libs.tech/openlane/rules.openrcx.sky130A.min.calibre'...
[INFO RCX-0431] Defined process_corner X with ext_model_index 0
[INFO RCX-0029] Defined extraction corner X
[INFO RCX-0008] extracting parasitics of user_project_wrapper ...
[INFO RCX-0435] Reading extraction model file /home/engtech/Desktop/Openlane_v2/HW_For_AI/dependencies/pdks/sky130A/libs.tech/openlane/rules.openrcx.sky130A.min.calibre ...
[INFO RCX-0436] RC segment generation user_project_wrapper (max_merge_res 50.0) ...
[WARNING RCX-0111] Net 37 io_in[16] has a loop at x=2558980 y=2040340 , on iterm 4 mprj/io_in[11].
[WARNING RCX-0111] Net 38 io_in[17] has a loop at x=2558980 y=2215780 , on iterm 5 mprj/io_in[12].
[WARNING RCX-0111] Net 39 io_in[18] has a loop at x=2558980 y=2391220 , on iterm 6 mprj/io_in[13].
[WARNING RCX-0111] Net 42 io_in[20] has a loop at x=2558980 y=2742100 , on iterm 8 mprj/io_in[15].
[INFO RCX-0040] Final 103 rc segments
[INFO RCX-0439] Coupling Cap extraction user_project_wrapper ...
[INFO RCX-0440] Coupling threshhold is 0.1000 fF, coupling capacitance less than 0.1000 fF will be grounded.
[INFO RCX-0043] 437 wires to be extracted
[INFO RCX-0442] 8% completion -- 38 wires have been extracted
[INFO RCX-0442] 14% completion -- 63 wires have been extracted
[INFO RCX-0442] 20% completion -- 91 wires have been extracted
[INFO RCX-0442] 26% completion -- 116 wires have been extracted
[INFO RCX-0442] 33% completion -- 147 wires have been extracted
[INFO RCX-0442] 39% completion -- 174 wires have been extracted
[INFO RCX-0442] 54% completion -- 236 wires have been extracted
[INFO RCX-0442] 64% completion -- 281 wires have been extracted
[INFO RCX-0442] 70% completion -- 306 wires have been extracted
[INFO RCX-0442] 75% completion -- 330 wires have been extracted
[INFO RCX-0442] 81% completion -- 355 wires have been extracted
[INFO RCX-0442] 87% completion -- 381 wires have been extracted
[INFO RCX-0442] 100% completion -- 437 wires have been extracted
[INFO RCX-0045] Extract 643 nets, 128 rsegs, 128 caps, 31 ccs
[INFO RCX-0015] Finished extracting user_project_wrapper.
Writing result to /home/engtech/Desktop/Openlane_v2/HW_For_AI/openlane/user_project_wrapper/runs/24_08_21_21_23/results/routing/mca/process_corner_min/user_project_wrapper.spef...
Setting global connections for newly added cells…
[WARNING] Did not save OpenROAD database!
Writing extracted parasitics to '/home/engtech/Desktop/Openlane_v2/HW_For_AI/openlane/user_project_wrapper/runs/24_08_21_21_23/results/routing/mca/process_corner_min/user_project_wrapper.spef'…
[INFO RCX-0016] Writing SPEF ...
[INFO RCX-0443] 637 nets finished
[INFO RCX-0017] Finished writing SPEF ...
