Reading /home/engtech/Desktop/Openlane_v2/HW_For_AI/openlane/user_project_wrapper/runs/24_08_21_21_23/results/signoff/user_project_wrapper.gds ..
Reading /home/engtech/Desktop/Openlane_v2/HW_For_AI/openlane/user_project_wrapper/runs/24_08_21_21_23/results/signoff/user_project_wrapper.klayout.gds ..
--- Running XOR for layer 122/16 ---
"input" in: xor.drc:94
    Polygons (raw): 1049451 (flat)  250 (hierarchical)
    Elapsed: 0.000s  Memory: 2613.00M
"input" in: xor.drc:94
    Polygons (raw): 2098902 (flat)  500 (hierarchical)
    Elapsed: 0.000s  Memory: 2613.00M
"^" in: xor.drc:94
    Polygons (raw): 0 (flat)  0 (hierarchical)
    Elapsed: 12.870s  Memory: 2613.00M
XOR differences: 0
"output" in: xor.drc:69
    Polygons (raw): 0 (flat)  0 (hierarchical)
    Elapsed: 0.000s  Memory: 2613.00M
--- Running XOR for layer 235/4 ---
"input" in: xor.drc:94
    Polygons (raw): 2 (flat)  2 (hierarchical)
    Elapsed: 0.000s  Memory: 2613.00M
"input" in: xor.drc:94
    Polygons (raw): 2 (flat)  2 (hierarchical)
    Elapsed: 0.000s  Memory: 2613.00M
"^" in: xor.drc:94
    Polygons (raw): 0 (flat)  0 (hierarchical)
    Elapsed: 0.850s  Memory: 2613.00M
XOR differences: 0
"output" in: xor.drc:69
    Polygons (raw): 0 (flat)  0 (hierarchical)
    Elapsed: 0.000s  Memory: 2613.00M
--- Running XOR for layer 236/0 ---
"input" in: xor.drc:94
    Polygons (raw): 785393 (flat)  240 (hierarchical)
    Elapsed: 0.000s  Memory: 2613.00M
"input" in: xor.drc:94
    Polygons (raw): 1570786 (flat)  480 (hierarchical)
    Elapsed: 0.000s  Memory: 2613.00M
"^" in: xor.drc:94
    Polygons (raw): 0 (flat)  0 (hierarchical)
    Elapsed: 10.140s  Memory: 2780.00M
XOR differences: 0
"output" in: xor.drc:69
    Polygons (raw): 0 (flat)  0 (hierarchical)
    Elapsed: 0.010s  Memory: 2780.00M
--- Running XOR for layer 64/16 ---
"input" in: xor.drc:94
    Polygons (raw): 1049387 (flat)  248 (hierarchical)
    Elapsed: 0.000s  Memory: 2780.00M
"input" in: xor.drc:94
    Polygons (raw): 2098774 (flat)  496 (hierarchical)
    Elapsed: 0.000s  Memory: 2780.00M
"^" in: xor.drc:94
    Polygons (raw): 0 (flat)  0 (hierarchical)
    Elapsed: 12.840s  Memory: 2780.00M
XOR differences: 0
"output" in: xor.drc:69
    Polygons (raw): 0 (flat)  0 (hierarchical)
    Elapsed: 0.000s  Memory: 2780.00M
--- Running XOR for layer 64/20 ---
"input" in: xor.drc:94
    Polygons (raw): 1143048 (flat)  243 (hierarchical)
    Elapsed: 0.000s  Memory: 2780.00M
"input" in: xor.drc:94
    Polygons (raw): 2286096 (flat)  486 (hierarchical)
    Elapsed: 0.000s  Memory: 2780.00M
"^" in: xor.drc:94
    Polygons (raw): 0 (flat)  0 (hierarchical)
    Elapsed: 19.450s  Memory: 3327.00M
XOR differences: 0
"output" in: xor.drc:69
    Polygons (raw): 0 (flat)  0 (hierarchical)
    Elapsed: 0.010s  Memory: 3327.00M
--- Running XOR for layer 64/5 ---
"input" in: xor.drc:94
    Polygons (raw): 0 (flat)  0 (hierarchical)
    Elapsed: 0.000s  Memory: 3327.00M
"input" in: xor.drc:94
    Polygons (raw): 0 (flat)  0 (hierarchical)
    Elapsed: 0.000s  Memory: 3327.00M
"^" in: xor.drc:94
    Polygons (raw): 0 (flat)  0 (hierarchical)
    Elapsed: 3.020s  Memory: 3327.00M
XOR differences: 0
"output" in: xor.drc:69
    Polygons (raw): 0 (flat)  0 (hierarchical)
    Elapsed: 0.000s  Memory: 3327.00M
--- Running XOR for layer 64/59 ---
"input" in: xor.drc:94
    Polygons (raw): 0 (flat)  0 (hierarchical)
    Elapsed: 0.000s  Memory: 3327.00M
"input" in: xor.drc:94
    Polygons (raw): 0 (flat)  0 (hierarchical)
    Elapsed: 0.000s  Memory: 3327.00M
"^" in: xor.drc:94
    Polygons (raw): 0 (flat)  0 (hierarchical)
    Elapsed: 3.050s  Memory: 3327.00M
XOR differences: 0
"output" in: xor.drc:69
    Polygons (raw): 0 (flat)  0 (hierarchical)
    Elapsed: 0.000s  Memory: 3327.00M
--- Running XOR for layer 65/20 ---
"input" in: xor.drc:94
    Polygons (raw): 1620204 (flat)  731 (hierarchical)
    Elapsed: 0.000s  Memory: 3327.00M
"input" in: xor.drc:94
    Polygons (raw): 3240408 (flat)  1462 (hierarchical)
    Elapsed: 0.000s  Memory: 3327.00M
"^" in: xor.drc:94
    Polygons (raw): 0 (flat)  0 (hierarchical)
    Elapsed: 17.480s  Memory: 2613.00M
XOR differences: 0
"output" in: xor.drc:69
    Polygons (raw): 0 (flat)  0 (hierarchical)
    Elapsed: 0.000s  Memory: 2613.00M
--- Running XOR for layer 65/44 ---
"input" in: xor.drc:94
    Polygons (raw): 211528 (flat)  2 (hierarchical)
    Elapsed: 0.000s  Memory: 2613.00M
"input" in: xor.drc:94
    Polygons (raw): 423056 (flat)  4 (hierarchical)
    Elapsed: 0.000s  Memory: 2613.00M
"^" in: xor.drc:94
    Polygons (raw): 0 (flat)  0 (hierarchical)
    Elapsed: 2.500s  Memory: 2613.00M
XOR differences: 0
"output" in: xor.drc:69
    Polygons (raw): 0 (flat)  0 (hierarchical)
    Elapsed: 0.010s  Memory: 2613.00M
--- Running XOR for layer 66/15 ---
"input" in: xor.drc:94
    Polygons (raw): 170 (flat)  2 (hierarchical)
    Elapsed: 0.000s  Memory: 2613.00M
"input" in: xor.drc:94
    Polygons (raw): 340 (flat)  4 (hierarchical)
    Elapsed: 0.000s  Memory: 2613.00M
"^" in: xor.drc:94
    Polygons (raw): 0 (flat)  0 (hierarchical)
    Elapsed: 0.850s  Memory: 2613.00M
XOR differences: 0
"output" in: xor.drc:69
    Polygons (raw): 0 (flat)  0 (hierarchical)
    Elapsed: 0.000s  Memory: 2613.00M
--- Running XOR for layer 66/20 ---
"input" in: xor.drc:94
    Polygons (raw): 1816560 (flat)  1229 (hierarchical)
    Elapsed: 0.000s  Memory: 2613.00M
"input" in: xor.drc:94
    Polygons (raw): 3633120 (flat)  2458 (hierarchical)
    Elapsed: 0.000s  Memory: 2613.00M
"^" in: xor.drc:94
    Polygons (raw): 0 (flat)  0 (hierarchical)
    Elapsed: 40.070s  Memory: 2656.00M
XOR differences: 0
"output" in: xor.drc:69
    Polygons (raw): 0 (flat)  0 (hierarchical)
    Elapsed: 0.000s  Memory: 2656.00M
--- Running XOR for layer 66/44 ---
"input" in: xor.drc:94
    Polygons (raw): 9372074 (flat)  8606 (hierarchical)
    Elapsed: 0.000s  Memory: 2656.00M
"input" in: xor.drc:94
    Polygons (raw): 18744148 (flat)  17212 (hierarchical)
    Elapsed: 0.000s  Memory: 2656.00M
"^" in: xor.drc:94
    Polygons (raw): 0 (flat)  0 (hierarchical)
    Elapsed: 85.770s  Memory: 2680.00M
XOR differences: 0
"output" in: xor.drc:69
    Polygons (raw): 0 (flat)  0 (hierarchical)
    Elapsed: 0.010s  Memory: 2680.00M
--- Running XOR for layer 67/16 ---
"input" in: xor.drc:94
    Polygons (raw): 3666240 (flat)  2218 (hierarchical)
    Elapsed: 0.000s  Memory: 2680.00M
"input" in: xor.drc:94
    Polygons (raw): 7332480 (flat)  4436 (hierarchical)
    Elapsed: 0.000s  Memory: 2680.00M
"^" in: xor.drc:94
    Polygons (raw): 0 (flat)  0 (hierarchical)
    Elapsed: 25.880s  Memory: 2613.00M
XOR differences: 0
"output" in: xor.drc:69
    Polygons (raw): 0 (flat)  0 (hierarchical)
    Elapsed: 0.000s  Memory: 2613.00M
--- Running XOR for layer 67/20 ---
"input" in: xor.drc:94
    Polygons (raw): 5881036 (flat)  987446 (hierarchical)
    Elapsed: 0.000s  Memory: 2613.00M
"input" in: xor.drc:94
    Polygons (raw): 10776767 (flat)  989587 (hierarchical)
    Elapsed: 0.000s  Memory: 2613.00M
"^" in: xor.drc:94
    Polygons (raw): 0 (flat)  0 (hierarchical)
    Elapsed: 116.630s  Memory: 4586.00M
XOR differences: 0
"output" in: xor.drc:69
    Polygons (raw): 0 (flat)  0 (hierarchical)
    Elapsed: 0.000s  Memory: 4586.00M
--- Running XOR for layer 67/44 ---
"input" in: xor.drc:94
    Polygons (raw): 12903228 (flat)  990245 (hierarchical)
    Elapsed: 0.000s  Memory: 4586.00M
"input" in: xor.drc:94
    Polygons (raw): 24821151 (flat)  995185 (hierarchical)
    Elapsed: 0.000s  Memory: 4586.00M
"^" in: xor.drc:94
    Polygons (raw): 0 (flat)  0 (hierarchical)
    Elapsed: 90.390s  Memory: 4586.00M
XOR differences: 0
"output" in: xor.drc:69
    Polygons (raw): 0 (flat)  0 (hierarchical)
    Elapsed: 0.000s  Memory: 4586.00M
--- Running XOR for layer 67/5 ---
"input" in: xor.drc:94
    Polygons (raw): 0 (flat)  0 (hierarchical)
    Elapsed: 0.000s  Memory: 4586.00M
"input" in: xor.drc:94
    Polygons (raw): 0 (flat)  0 (hierarchical)
    Elapsed: 0.000s  Memory: 4586.00M
"^" in: xor.drc:94
    Polygons (raw): 0 (flat)  0 (hierarchical)
    Elapsed: 2.670s  Memory: 4586.00M
XOR differences: 0
"output" in: xor.drc:69
    Polygons (raw): 0 (flat)  0 (hierarchical)
    Elapsed: 0.000s  Memory: 4586.00M
--- Running XOR for layer 68/16 ---
"input" in: xor.drc:94
    Polygons (raw): 2289911 (flat)  497 (hierarchical)
    Elapsed: 0.000s  Memory: 4586.00M
"input" in: xor.drc:94
    Polygons (raw): 4579822 (flat)  994 (hierarchical)
    Elapsed: 0.000s  Memory: 4586.00M
"^" in: xor.drc:94
    Polygons (raw): 0 (flat)  0 (hierarchical)
    Elapsed: 22.820s  Memory: 3505.00M
XOR differences: 0
"output" in: xor.drc:69
    Polygons (raw): 0 (flat)  0 (hierarchical)
    Elapsed: 0.000s  Memory: 3505.00M
--- Running XOR for layer 68/20 ---
"input" in: xor.drc:94
    Polygons (raw): 6605988 (flat)  4290042 (hierarchical)
    Elapsed: 0.000s  Memory: 3505.00M
"input" in: xor.drc:94
    Polygons (raw): 8922450 (flat)  4290558 (hierarchical)
    Elapsed: 0.000s  Memory: 3505.00M
"^" in: xor.drc:94
    Polygons (raw): 0 (flat)  0 (hierarchical)
    Elapsed: 54.000s  Memory: 3694.00M
XOR differences: 0
"output" in: xor.drc:69
    Polygons (raw): 0 (flat)  0 (hierarchical)
    Elapsed: 0.000s  Memory: 3694.00M
--- Running XOR for layer 68/44 ---
"input" in: xor.drc:94
    Polygons (raw): 1122155 (flat)  1122155 (hierarchical)
    Elapsed: 0.000s  Memory: 3694.00M
"input" in: xor.drc:94
    Polygons (raw): 1122155 (flat)  1122155 (hierarchical)
    Elapsed: 0.000s  Memory: 3694.00M
"^" in: xor.drc:94
    Polygons (raw): 0 (flat)  0 (hierarchical)
    Elapsed: 5.240s  Memory: 3694.00M
XOR differences: 0
"output" in: xor.drc:69
    Polygons (raw): 0 (flat)  0 (hierarchical)
    Elapsed: 0.000s  Memory: 3694.00M
--- Running XOR for layer 68/5 ---
"input" in: xor.drc:94
    Polygons (raw): 0 (flat)  0 (hierarchical)
    Elapsed: 0.000s  Memory: 3694.00M
"input" in: xor.drc:94
    Polygons (raw): 0 (flat)  0 (hierarchical)
    Elapsed: 0.000s  Memory: 3694.00M
"^" in: xor.drc:94
    Polygons (raw): 0 (flat)  0 (hierarchical)
    Elapsed: 3.530s  Memory: 3694.00M
XOR differences: 0
"output" in: xor.drc:69
    Polygons (raw): 0 (flat)  0 (hierarchical)
    Elapsed: 0.000s  Memory: 3694.00M
--- Running XOR for layer 69/16 ---
"input" in: xor.drc:94
    Polygons (raw): 532 (flat)  532 (hierarchical)
    Elapsed: 0.000s  Memory: 3694.00M
"input" in: xor.drc:94
    Polygons (raw): 532 (flat)  532 (hierarchical)
    Elapsed: 0.000s  Memory: 3694.00M
"^" in: xor.drc:94
    Polygons (raw): 0 (flat)  0 (hierarchical)
    Elapsed: 0.920s  Memory: 2613.00M
XOR differences: 0
"output" in: xor.drc:69
    Polygons (raw): 0 (flat)  0 (hierarchical)
    Elapsed: 0.010s  Memory: 2613.00M
--- Running XOR for layer 69/20 ---
"input" in: xor.drc:94
    Polygons (raw): 1903909 (flat)  1903909 (hierarchical)
    Elapsed: 0.000s  Memory: 2613.00M
"input" in: xor.drc:94
    Polygons (raw): 1903905 (flat)  1903871 (hierarchical)
    Elapsed: 0.000s  Memory: 2613.00M
"^" in: xor.drc:94
    Polygons (raw): 0 (flat)  0 (hierarchical)
    Elapsed: 15.910s  Memory: 2769.00M
XOR differences: 0
"output" in: xor.drc:69
    Polygons (raw): 0 (flat)  0 (hierarchical)
    Elapsed: 0.000s  Memory: 2769.00M
--- Running XOR for layer 69/44 ---
"input" in: xor.drc:94
    Polygons (raw): 133253 (flat)  133253 (hierarchical)
    Elapsed: 0.000s  Memory: 2769.00M
"input" in: xor.drc:94
    Polygons (raw): 133253 (flat)  133219 (hierarchical)
    Elapsed: 0.000s  Memory: 2769.00M
"^" in: xor.drc:94
    Polygons (raw): 0 (flat)  0 (hierarchical)
    Elapsed: 1.330s  Memory: 2769.00M
XOR differences: 0
"output" in: xor.drc:69
    Polygons (raw): 0 (flat)  0 (hierarchical)
    Elapsed: 0.000s  Memory: 2769.00M
--- Running XOR for layer 69/5 ---
"input" in: xor.drc:94
    Polygons (raw): 0 (flat)  0 (hierarchical)
    Elapsed: 0.000s  Memory: 2769.00M
"input" in: xor.drc:94
    Polygons (raw): 0 (flat)  0 (hierarchical)
    Elapsed: 0.000s  Memory: 2769.00M
"^" in: xor.drc:94
    Polygons (raw): 0 (flat)  0 (hierarchical)
    Elapsed: 0.780s  Memory: 2769.00M
XOR differences: 0
"output" in: xor.drc:69
    Polygons (raw): 0 (flat)  0 (hierarchical)
    Elapsed: 0.010s  Memory: 2769.00M
--- Running XOR for layer 70/16 ---
"input" in: xor.drc:94
    Polygons (raw): 134 (flat)  134 (hierarchical)
    Elapsed: 0.000s  Memory: 2769.00M
"input" in: xor.drc:94
    Polygons (raw): 134 (flat)  134 (hierarchical)
    Elapsed: 0.000s  Memory: 2769.00M
"^" in: xor.drc:94
    Polygons (raw): 0 (flat)  0 (hierarchical)
    Elapsed: 0.840s  Memory: 2769.00M
XOR differences: 0
"output" in: xor.drc:69
    Polygons (raw): 0 (flat)  0 (hierarchical)
    Elapsed: 0.000s  Memory: 2769.00M
--- Running XOR for layer 70/20 ---
"input" in: xor.drc:94
    Polygons (raw): 213342 (flat)  213342 (hierarchical)
    Elapsed: 0.000s  Memory: 2769.00M
"input" in: xor.drc:94
    Polygons (raw): 213266 (flat)  213201 (hierarchical)
    Elapsed: 0.000s  Memory: 2769.00M
"^" in: xor.drc:94
    Polygons (raw): 0 (flat)  0 (hierarchical)
    Elapsed: 1.810s  Memory: 2613.00M
XOR differences: 0
"output" in: xor.drc:69
    Polygons (raw): 0 (flat)  0 (hierarchical)
    Elapsed: 0.000s  Memory: 2613.00M
--- Running XOR for layer 70/44 ---
"input" in: xor.drc:94
    Polygons (raw): 88180 (flat)  88180 (hierarchical)
    Elapsed: 0.000s  Memory: 2613.00M
"input" in: xor.drc:94
    Polygons (raw): 88180 (flat)  88149 (hierarchical)
    Elapsed: 0.000s  Memory: 2613.00M
"^" in: xor.drc:94
    Polygons (raw): 0 (flat)  0 (hierarchical)
    Elapsed: 1.180s  Memory: 2635.00M
XOR differences: 0
"output" in: xor.drc:69
    Polygons (raw): 0 (flat)  0 (hierarchical)
    Elapsed: 0.000s  Memory: 2635.00M
--- Running XOR for layer 70/5 ---
"input" in: xor.drc:94
    Polygons (raw): 0 (flat)  0 (hierarchical)
    Elapsed: 0.000s  Memory: 2635.00M
"input" in: xor.drc:94
    Polygons (raw): 0 (flat)  0 (hierarchical)
    Elapsed: 0.000s  Memory: 2635.00M
"^" in: xor.drc:94
    Polygons (raw): 0 (flat)  0 (hierarchical)
    Elapsed: 0.770s  Memory: 2635.00M
XOR differences: 0
"output" in: xor.drc:69
    Polygons (raw): 0 (flat)  0 (hierarchical)
    Elapsed: 0.010s  Memory: 2635.00M
--- Running XOR for layer 71/16 ---
"input" in: xor.drc:94
    Polygons (raw): 193 (flat)  193 (hierarchical)
    Elapsed: 0.000s  Memory: 2635.00M
"input" in: xor.drc:94
    Polygons (raw): 193 (flat)  193 (hierarchical)
    Elapsed: 0.000s  Memory: 2635.00M
"^" in: xor.drc:94
    Polygons (raw): 0 (flat)  0 (hierarchical)
    Elapsed: 0.840s  Memory: 2635.00M
XOR differences: 0
"output" in: xor.drc:69
    Polygons (raw): 0 (flat)  0 (hierarchical)
    Elapsed: 0.000s  Memory: 2635.00M
--- Running XOR for layer 71/20 ---
"input" in: xor.drc:94
    Polygons (raw): 26060 (flat)  26060 (hierarchical)
    Elapsed: 0.000s  Memory: 2635.00M
"input" in: xor.drc:94
    Polygons (raw): 27396 (flat)  25647 (hierarchical)
    Elapsed: 0.000s  Memory: 2635.00M
"^" in: xor.drc:94
    Polygons (raw): 0 (flat)  0 (hierarchical)
    Elapsed: 1.090s  Memory: 2635.00M
XOR differences: 0
"output" in: xor.drc:69
    Polygons (raw): 0 (flat)  0 (hierarchical)
    Elapsed: 0.000s  Memory: 2635.00M
--- Running XOR for layer 71/44 ---
"input" in: xor.drc:94
    Polygons (raw): 5744 (flat)  5744 (hierarchical)
    Elapsed: 0.000s  Memory: 2635.00M
"input" in: xor.drc:94
    Polygons (raw): 5792 (flat)  6 (hierarchical)
    Elapsed: 0.000s  Memory: 2635.00M
"^" in: xor.drc:94
    Polygons (raw): 0 (flat)  0 (hierarchical)
    Elapsed: 0.020s  Memory: 2635.00M
XOR differences: 0
"output" in: xor.drc:69
    Polygons (raw): 0 (flat)  0 (hierarchical)
    Elapsed: 0.000s  Memory: 2635.00M
--- Running XOR for layer 71/5 ---
"input" in: xor.drc:94
    Polygons (raw): 0 (flat)  0 (hierarchical)
    Elapsed: 0.000s  Memory: 2635.00M
"input" in: xor.drc:94
    Polygons (raw): 0 (flat)  0 (hierarchical)
    Elapsed: 0.000s  Memory: 2635.00M
"^" in: xor.drc:94
    Polygons (raw): 0 (flat)  0 (hierarchical)
    Elapsed: 0.780s  Memory: 2635.00M
XOR differences: 0
"output" in: xor.drc:69
    Polygons (raw): 0 (flat)  0 (hierarchical)
    Elapsed: 0.000s  Memory: 2635.00M
--- Running XOR for layer 72/16 ---
"input" in: xor.drc:94
    Polygons (raw): 172 (flat)  172 (hierarchical)
    Elapsed: 0.000s  Memory: 2635.00M
"input" in: xor.drc:94
    Polygons (raw): 172 (flat)  172 (hierarchical)
    Elapsed: 0.000s  Memory: 2635.00M
"^" in: xor.drc:94
    Polygons (raw): 0 (flat)  0 (hierarchical)
    Elapsed: 0.000s  Memory: 2635.00M
XOR differences: 0
"output" in: xor.drc:69
    Polygons (raw): 0 (flat)  0 (hierarchical)
    Elapsed: 0.000s  Memory: 2635.00M
--- Running XOR for layer 72/20 ---
"input" in: xor.drc:94
    Polygons (raw): 172 (flat)  172 (hierarchical)
    Elapsed: 0.000s  Memory: 2635.00M
"input" in: xor.drc:94
    Polygons (raw): 2064 (flat)  346 (hierarchical)
    Elapsed: 0.000s  Memory: 2635.00M
"^" in: xor.drc:94
    Polygons (raw): 0 (flat)  0 (hierarchical)
    Elapsed: 0.000s  Memory: 2635.00M
XOR differences: 0
"output" in: xor.drc:69
    Polygons (raw): 0 (flat)  0 (hierarchical)
    Elapsed: 0.010s  Memory: 2635.00M
--- Running XOR for layer 72/5 ---
"input" in: xor.drc:94
    Polygons (raw): 0 (flat)  0 (hierarchical)
    Elapsed: 0.000s  Memory: 2635.00M
"input" in: xor.drc:94
    Polygons (raw): 0 (flat)  0 (hierarchical)
    Elapsed: 0.000s  Memory: 2635.00M
"^" in: xor.drc:94
    Polygons (raw): 0 (flat)  0 (hierarchical)
    Elapsed: 0.220s  Memory: 2635.00M
XOR differences: 0
"output" in: xor.drc:69
    Polygons (raw): 0 (flat)  0 (hierarchical)
    Elapsed: 0.000s  Memory: 2635.00M
--- Running XOR for layer 78/44 ---
"input" in: xor.drc:94
    Polygons (raw): 1144994 (flat)  246 (hierarchical)
    Elapsed: 0.000s  Memory: 2635.00M
"input" in: xor.drc:94
    Polygons (raw): 2289988 (flat)  492 (hierarchical)
    Elapsed: 0.000s  Memory: 2635.00M
"^" in: xor.drc:94
    Polygons (raw): 0 (flat)  0 (hierarchical)
    Elapsed: 13.440s  Memory: 2753.00M
XOR differences: 0
"output" in: xor.drc:69
    Polygons (raw): 0 (flat)  0 (hierarchical)
    Elapsed: 0.010s  Memory: 2753.00M
Warning: Skipping 81/14
--- Running XOR for layer 81/23 ---
"input" in: xor.drc:94
    Polygons (raw): 170840 (flat)  1 (hierarchical)
    Elapsed: 0.000s  Memory: 2753.00M
"input" in: xor.drc:94
    Polygons (raw): 341680 (flat)  2 (hierarchical)
    Elapsed: 0.000s  Memory: 2753.00M
"^" in: xor.drc:94
    Polygons (raw): 0 (flat)  0 (hierarchical)
    Elapsed: 2.440s  Memory: 2753.00M
XOR differences: 0
"output" in: xor.drc:69
    Polygons (raw): 0 (flat)  0 (hierarchical)
    Elapsed: 0.000s  Memory: 2753.00M
--- Running XOR for layer 81/4 ---
"input" in: xor.drc:94
    Polygons (raw): 1143048 (flat)  243 (hierarchical)
    Elapsed: 0.000s  Memory: 2753.00M
"input" in: xor.drc:94
    Polygons (raw): 2286096 (flat)  486 (hierarchical)
    Elapsed: 0.000s  Memory: 2753.00M
"^" in: xor.drc:94
    Polygons (raw): 0 (flat)  0 (hierarchical)
    Elapsed: 14.510s  Memory: 2875.00M
XOR differences: 0
"output" in: xor.drc:69
    Polygons (raw): 0 (flat)  0 (hierarchical)
    Elapsed: 0.000s  Memory: 2875.00M
--- Running XOR for layer 83/44 ---
"input" in: xor.drc:94
    Polygons (raw): 0 (flat)  0 (hierarchical)
    Elapsed: 0.000s  Memory: 2875.00M
"input" in: xor.drc:94
    Polygons (raw): 0 (flat)  0 (hierarchical)
    Elapsed: 0.000s  Memory: 2875.00M
"^" in: xor.drc:94
    Polygons (raw): 0 (flat)  0 (hierarchical)
    Elapsed: 3.230s  Memory: 2875.00M
XOR differences: 0
"output" in: xor.drc:69
    Polygons (raw): 0 (flat)  0 (hierarchical)
    Elapsed: 0.000s  Memory: 2875.00M
--- Running XOR for layer 93/44 ---
"input" in: xor.drc:94
    Polygons (raw): 1248812 (flat)  244 (hierarchical)
    Elapsed: 0.000s  Memory: 2875.00M
"input" in: xor.drc:94
    Polygons (raw): 2497624 (flat)  488 (hierarchical)
    Elapsed: 0.000s  Memory: 2875.00M
"^" in: xor.drc:94
    Polygons (raw): 0 (flat)  0 (hierarchical)
    Elapsed: 17.410s  Memory: 3122.00M
XOR differences: 0
"output" in: xor.drc:69
    Polygons (raw): 0 (flat)  0 (hierarchical)
    Elapsed: 0.010s  Memory: 3122.00M
--- Running XOR for layer 94/20 ---
"input" in: xor.drc:94
    Polygons (raw): 1248812 (flat)  244 (hierarchical)
    Elapsed: 0.000s  Memory: 3122.00M
"input" in: xor.drc:94
    Polygons (raw): 2497624 (flat)  488 (hierarchical)
    Elapsed: 0.000s  Memory: 3122.00M
"^" in: xor.drc:94
    Polygons (raw): 0 (flat)  0 (hierarchical)
    Elapsed: 19.730s  Memory: 3223.00M
XOR differences: 0
"output" in: xor.drc:69
    Polygons (raw): 0 (flat)  0 (hierarchical)
    Elapsed: 0.000s  Memory: 3223.00M
--- Running XOR for layer 95/20 ---
"input" in: xor.drc:94
    Polygons (raw): 639939 (flat)  256 (hierarchical)
    Elapsed: 0.000s  Memory: 3223.00M
"input" in: xor.drc:94
    Polygons (raw): 1279878 (flat)  512 (hierarchical)
    Elapsed: 0.000s  Memory: 3223.00M
"^" in: xor.drc:94
    Polygons (raw): 0 (flat)  0 (hierarchical)
    Elapsed: 10.000s  Memory: 3223.00M
XOR differences: 0
"output" in: xor.drc:69
    Polygons (raw): 0 (flat)  0 (hierarchical)
    Elapsed: 0.000s  Memory: 3223.00M
---
Total XOR differences: 0
Writing report database: /home/engtech/Desktop/Openlane_v2/HW_For_AI/openlane/user_project_wrapper/runs/24_08_21_21_23/reports/signoff/25-xor.xml ..
Total elapsed: 660.500s  Memory: 3223.00M
