OpenROAD 41a51eaf4ca2171c92ff38afb91eb37bbd3f36da 
This program is licensed under the BSD-3 license. See the LICENSE file for details.
Components of this program may be licensed under more restrictive licenses which must be honored.
[INFO]: Reading ODB at '/home/engtech/Desktop/Openlane_v2/HW_For_AI/openlane/user_project_wrapper/runs/24_08_21_21_23/results/routing/user_project_wrapper.odb'…
define_corners Typical
read_liberty -corner Typical /home/engtech/Desktop/Openlane_v2/HW_For_AI/dependencies/pdks/sky130A/libs.ref/sky130_fd_sc_hd/lib/sky130_fd_sc_hd__tt_025C_1v80.lib
read_liberty -corner Typical /home/engtech/Desktop/Openlane_v2/HW_For_AI/openlane/user_project_wrapper/../../lib/user_proj_example.lib
Using 1e-12 for capacitance...
Using 1e+03 for resistance...
Using 1e-09 for time...
Using 1e+00 for voltage...
Using 1e-03 for current...
Using 1e-09 for power...
Using 1e-06 for distance...
Reading design constraints file at '/home/engtech/Desktop/Openlane_v2/HW_For_AI/openlane/user_project_wrapper/runs/24_08_21_21_23/tmp/floorplan/3-initial_fp.sdc'…
Net: io_in[10]
  Pin: mprj/io_in[5] (user_proj_example)
    Layer: met4
      Partial area ratio: 1989.59
      Required ratio:    0.00 (Gate area) 
      Partial area ratio: 10613.58
      Required ratio:  400.00 (Side area) (VIOLATED)
      Cumulative area ratio: 2513.95
      Required ratio:    0.00 (Cumulative area) 
      Cumulative area ratio: 13412.64
      Required ratio:    0.00 (Cumulative side area) 

    Layer: met3
      Partial area ratio:  524.37
      Required ratio:    0.00 (Gate area) 
      Partial area ratio: 2799.06
      Required ratio:  400.00 (Side area) (VIOLATED)
      Cumulative area ratio:  524.37
      Required ratio:    0.00 (Cumulative area) 
      Cumulative area ratio: 2799.06
      Required ratio:    0.00 (Cumulative side area) 

    Via: M3M4_PR
      Partial area ratio:    0.20
      Required ratio:    6.00 (Gate area) 
      Cumulative area ratio:    0.20
      Required ratio:    0.00 (Cumulative area) 


Net: io_in[11]
  Pin: mprj/io_in[6] (user_proj_example)
    Layer: met4
      Partial area ratio: 2127.66
      Required ratio:    0.00 (Gate area) 
      Partial area ratio: 11349.98
      Required ratio:  400.00 (Side area) (VIOLATED)
      Cumulative area ratio: 2650.63
      Required ratio:    0.00 (Cumulative area) 
      Cumulative area ratio: 14141.56
      Required ratio:    0.00 (Cumulative side area) 

    Layer: met3
      Partial area ratio:  522.96
      Required ratio:    0.00 (Gate area) 
      Partial area ratio: 2791.57
      Required ratio:  400.00 (Side area) (VIOLATED)
      Cumulative area ratio:  522.96
      Required ratio:    0.00 (Cumulative area) 
      Cumulative area ratio: 2791.57
      Required ratio:    0.00 (Cumulative side area) 

    Via: M3M4_PR
      Partial area ratio:    0.20
      Required ratio:    6.00 (Gate area) 
      Cumulative area ratio:    0.20
      Required ratio:    0.00 (Cumulative area) 


Net: io_in[12]
  Pin: mprj/io_in[7] (user_proj_example)
    Layer: met4
      Partial area ratio: 2264.70
      Required ratio:    0.00 (Gate area) 
      Partial area ratio: 12080.85
      Required ratio:  400.00 (Side area) (VIOLATED)
      Cumulative area ratio: 2786.26
      Required ratio:    0.00 (Cumulative area) 
      Cumulative area ratio: 14864.94
      Required ratio:    0.00 (Cumulative side area) 

    Layer: met3
      Partial area ratio:  521.56
      Required ratio:    0.00 (Gate area) 
      Partial area ratio: 2784.08
      Required ratio:  400.00 (Side area) (VIOLATED)
      Cumulative area ratio:  521.56
      Required ratio:    0.00 (Cumulative area) 
      Cumulative area ratio: 2784.08
      Required ratio:    0.00 (Cumulative side area) 

    Via: M3M4_PR
      Partial area ratio:    0.20
      Required ratio:    6.00 (Gate area) 
      Cumulative area ratio:    0.20
      Required ratio:    0.00 (Cumulative area) 


Net: io_in[13]
  Pin: mprj/io_in[8] (user_proj_example)
    Layer: met4
      Partial area ratio: 2402.78
      Required ratio:    0.00 (Gate area) 
      Partial area ratio: 12817.26
      Required ratio:  400.00 (Side area) (VIOLATED)
      Cumulative area ratio: 2428.52
      Required ratio:    0.00 (Cumulative area) 
      Cumulative area ratio: 12956.99
      Required ratio:    0.00 (Cumulative side area) 

    Layer: met3
      Partial area ratio:   25.74
      Required ratio:    0.00 (Gate area) 
      Partial area ratio:  139.73
      Required ratio:  400.00 (Side area) 
      Cumulative area ratio:   25.74
      Required ratio:    0.00 (Cumulative area) 
      Cumulative area ratio:  139.73
      Required ratio:    0.00 (Cumulative side area) 

    Via: M3M4_PR
      Partial area ratio:    0.20
      Required ratio:    6.00 (Gate area) 
      Cumulative area ratio:    0.20
      Required ratio:    0.00 (Cumulative area) 


Net: io_in[14]
  Pin: mprj/io_in[9] (user_proj_example)
    Layer: met4
      Partial area ratio: 2540.85
      Required ratio:    0.00 (Gate area) 
      Partial area ratio: 13553.67
      Required ratio:  400.00 (Side area) (VIOLATED)
      Cumulative area ratio: 2587.66
      Required ratio:    0.00 (Cumulative area) 
      Cumulative area ratio: 13805.76
      Required ratio:    0.00 (Cumulative side area) 

    Layer: met3
      Partial area ratio:   46.81
      Required ratio:    0.00 (Gate area) 
      Partial area ratio:  252.09
      Required ratio:  400.00 (Side area) 
      Cumulative area ratio:   46.81
      Required ratio:    0.00 (Cumulative area) 
      Cumulative area ratio:  252.09
      Required ratio:    0.00 (Cumulative side area) 

    Via: M3M4_PR
      Partial area ratio:    0.20
      Required ratio:    6.00 (Gate area) 
      Cumulative area ratio:    0.20
      Required ratio:    0.00 (Cumulative area) 


Net: io_in[15]
  Pin: mprj/io_in[10] (user_proj_example)
    Layer: met3
      Partial area ratio:  365.05
      Required ratio:    0.00 (Gate area) 
      Partial area ratio: 1951.84
      Required ratio:  400.00 (Side area) (VIOLATED)
      Cumulative area ratio:  365.05
      Required ratio:    0.00 (Cumulative area) 
      Cumulative area ratio: 1951.84
      Required ratio:    0.00 (Cumulative side area) 


Net: io_in[17]
  Pin: mprj/io_in[12] (user_proj_example)
    Layer: met3
      Partial area ratio:  315.84
      Required ratio:    0.00 (Gate area) 
      Partial area ratio: 1688.14
      Required ratio:  400.00 (Side area) (VIOLATED)
      Cumulative area ratio:  315.84
      Required ratio:    0.00 (Cumulative area) 
      Cumulative area ratio: 1688.14
      Required ratio:    0.00 (Cumulative side area) 

  Pin: mprj/io_in[12] (user_proj_example)
    Layer: met3
      Partial area ratio:  315.84
      Required ratio:    0.00 (Gate area) 
      Partial area ratio: 1688.14
      Required ratio:  400.00 (Side area) (VIOLATED)
      Cumulative area ratio:  315.84
      Required ratio:    0.00 (Cumulative area) 
      Cumulative area ratio: 1688.14
      Required ratio:    0.00 (Cumulative side area) 


Net: io_in[18]
  Pin: mprj/io_in[13] (user_proj_example)
    Layer: met3
      Partial area ratio:  564.10
      Required ratio:    0.00 (Gate area) 
      Partial area ratio: 3012.19
      Required ratio:  400.00 (Side area) (VIOLATED)
      Cumulative area ratio:  564.10
      Required ratio:    0.00 (Cumulative area) 
      Cumulative area ratio: 3012.19
      Required ratio:    0.00 (Cumulative side area) 

  Pin: mprj/io_in[13] (user_proj_example)
    Layer: met3
      Partial area ratio:  564.10
      Required ratio:    0.00 (Gate area) 
      Partial area ratio: 3012.19
      Required ratio:  400.00 (Side area) (VIOLATED)
      Cumulative area ratio:  564.10
      Required ratio:    0.00 (Cumulative area) 
      Cumulative area ratio: 3012.19
      Required ratio:    0.00 (Cumulative side area) 


Net: io_in[19]
  Pin: mprj/io_in[14] (user_proj_example)
    Layer: met3
      Partial area ratio: 1639.71
      Required ratio:    0.00 (Gate area) 
      Partial area ratio: 8750.01
      Required ratio:  400.00 (Side area) (VIOLATED)
      Cumulative area ratio: 1639.71
      Required ratio:    0.00 (Cumulative area) 
      Cumulative area ratio: 8750.01
      Required ratio:    0.00 (Cumulative side area) 


Net: io_in[20]
  Pin: mprj/io_in[15] (user_proj_example)
    Layer: met3
      Partial area ratio: 1060.27
      Required ratio:    0.00 (Gate area) 
      Partial area ratio: 5658.42
      Required ratio:  400.00 (Side area) (VIOLATED)
      Cumulative area ratio: 1060.27
      Required ratio:    0.00 (Cumulative area) 
      Cumulative area ratio: 5658.42
      Required ratio:    0.00 (Cumulative side area) 

  Pin: mprj/io_in[15] (user_proj_example)
    Layer: met3
      Partial area ratio: 1060.27
      Required ratio:    0.00 (Gate area) 
      Partial area ratio: 5658.42
      Required ratio:  400.00 (Side area) (VIOLATED)
      Cumulative area ratio: 1060.27
      Required ratio:    0.00 (Cumulative area) 
      Cumulative area ratio: 5658.42
      Required ratio:    0.00 (Cumulative side area) 


Net: io_in[21]
  Pin: mprj/io_in[16] (user_proj_example)
    Layer: met3
      Partial area ratio: 2632.05
      Required ratio:    0.00 (Gate area) 
      Partial area ratio: 14042.46
      Required ratio:  400.00 (Side area) (VIOLATED)
      Cumulative area ratio: 2632.05
      Required ratio:    0.00 (Cumulative area) 
      Cumulative area ratio: 14042.46
      Required ratio:    0.00 (Cumulative side area) 


Net: io_in[5]
  Pin: mprj/io_in[0] (user_proj_example)
    Layer: met4
      Partial area ratio: 1293.38
      Required ratio:    0.00 (Gate area) 
      Partial area ratio: 6900.28
      Required ratio:  400.00 (Side area) (VIOLATED)
      Cumulative area ratio: 1775.83
      Required ratio:    0.00 (Cumulative area) 
      Cumulative area ratio: 9475.61
      Required ratio:    0.00 (Cumulative side area) 

    Layer: met3
      Partial area ratio:  482.45
      Required ratio:    0.00 (Gate area) 
      Partial area ratio: 2575.32
      Required ratio:  400.00 (Side area) (VIOLATED)
      Cumulative area ratio:  482.45
      Required ratio:    0.00 (Cumulative area) 
      Cumulative area ratio: 2575.32
      Required ratio:    0.00 (Cumulative side area) 

    Via: M3M4_PR
      Partial area ratio:    0.19
      Required ratio:    6.00 (Gate area) 
      Cumulative area ratio:    0.19
      Required ratio:    0.00 (Cumulative area) 


Net: io_in[6]
  Pin: mprj/io_in[1] (user_proj_example)
    Layer: met4
      Partial area ratio: 1438.32
      Required ratio:    0.00 (Gate area) 
      Partial area ratio: 7673.49
      Required ratio:  400.00 (Side area) (VIOLATED)
      Cumulative area ratio: 1959.88
      Required ratio:    0.00 (Cumulative area) 
      Cumulative area ratio: 10457.57
      Required ratio:    0.00 (Cumulative side area) 

    Layer: met3
      Partial area ratio:  521.56
      Required ratio:    0.00 (Gate area) 
      Partial area ratio: 2784.08
      Required ratio:  400.00 (Side area) (VIOLATED)
      Cumulative area ratio:  521.56
      Required ratio:    0.00 (Cumulative area) 
      Cumulative area ratio: 2784.08
      Required ratio:    0.00 (Cumulative side area) 

    Via: M3M4_PR
      Partial area ratio:    0.20
      Required ratio:    6.00 (Gate area) 
      Cumulative area ratio:    0.20
      Required ratio:    0.00 (Cumulative area) 


Net: io_in[7]
  Pin: mprj/io_in[2] (user_proj_example)
    Layer: met4
      Partial area ratio: 1576.40
      Required ratio:    0.00 (Gate area) 
      Partial area ratio: 8409.89
      Required ratio:  400.00 (Side area) (VIOLATED)
      Cumulative area ratio: 1595.11
      Required ratio:    0.00 (Cumulative area) 
      Cumulative area ratio: 8512.16
      Required ratio:    0.00 (Cumulative side area) 

    Layer: met3
      Partial area ratio:   18.72
      Required ratio:    0.00 (Gate area) 
      Partial area ratio:  102.27
      Required ratio:  400.00 (Side area) 
      Cumulative area ratio:   18.72
      Required ratio:    0.00 (Cumulative area) 
      Cumulative area ratio:  102.27
      Required ratio:    0.00 (Cumulative side area) 

    Via: M3M4_PR
      Partial area ratio:    0.20
      Required ratio:    6.00 (Gate area) 
      Cumulative area ratio:    0.20
      Required ratio:    0.00 (Cumulative area) 


Net: io_in[8]
  Pin: mprj/io_in[3] (user_proj_example)
    Layer: met4
      Partial area ratio: 1714.47
      Required ratio:    0.00 (Gate area) 
      Partial area ratio: 9146.30
      Required ratio:  400.00 (Side area) (VIOLATED)
      Cumulative area ratio: 1731.79
      Required ratio:    0.00 (Cumulative area) 
      Cumulative area ratio: 9241.08
      Required ratio:    0.00 (Cumulative side area) 

    Layer: met3
      Partial area ratio:   17.31
      Required ratio:    0.00 (Gate area) 
      Partial area ratio:   94.78
      Required ratio:  400.00 (Side area) 
      Cumulative area ratio:   17.31
      Required ratio:    0.00 (Cumulative area) 
      Cumulative area ratio:   94.78
      Required ratio:    0.00 (Cumulative side area) 

    Via: M3M4_PR
      Partial area ratio:    0.20
      Required ratio:    6.00 (Gate area) 
      Cumulative area ratio:    0.20
      Required ratio:    0.00 (Cumulative area) 


Net: io_in[9]
  Pin: mprj/io_in[4] (user_proj_example)
    Layer: met4
      Partial area ratio: 1851.51
      Required ratio:    0.00 (Gate area) 
      Partial area ratio: 9877.17
      Required ratio:  400.00 (Side area) (VIOLATED)
      Cumulative area ratio: 1867.42
      Required ratio:    0.00 (Cumulative area) 
      Cumulative area ratio: 9964.46
      Required ratio:    0.00 (Cumulative side area) 

    Layer: met3
      Partial area ratio:   15.91
      Required ratio:    0.00 (Gate area) 
      Partial area ratio:   87.29
      Required ratio:  400.00 (Side area) 
      Cumulative area ratio:   15.91
      Required ratio:    0.00 (Cumulative area) 
      Cumulative area ratio:   87.29
      Required ratio:    0.00 (Cumulative side area) 

    Via: M3M4_PR
      Partial area ratio:    0.20
      Required ratio:    6.00 (Gate area) 
      Cumulative area ratio:    0.20
      Required ratio:    0.00 (Cumulative area) 


Net: wb_rst_i
  Pin: mprj/wb_rst_i (user_proj_example)
    Layer: met3
      Partial area ratio: 3633.70
      Required ratio:    0.00 (Gate area) 
      Partial area ratio: 19382.74
      Required ratio:  400.00 (Side area) (VIOLATED)
      Cumulative area ratio: 3647.94
      Required ratio:    0.00 (Cumulative area) 
      Cumulative area ratio: 19455.16
      Required ratio:    0.00 (Cumulative side area) 

    Layer: met2
      Partial area ratio:   14.24
      Required ratio:    0.00 (Gate area) 
      Partial area ratio:   72.42
      Required ratio:  400.00 (Side area) 
      Cumulative area ratio:   14.24
      Required ratio:    0.00 (Cumulative area) 
      Cumulative area ratio:   72.42
      Required ratio:    0.00 (Cumulative side area) 

    Via: M2M3_PR
      Partial area ratio:    0.25
      Required ratio:    6.00 (Gate area) 
      Cumulative area ratio:    0.25
      Required ratio:    0.00 (Cumulative area) 


[INFO ANT-0002] Found 17 net violations.
[INFO ANT-0001] Found 20 pin violations.
