
===========================================================================
 report_power
============================================================================
======================= Fastest Corner ===================================

Group                  Internal  Switching    Leakage      Total
                          Power      Power      Power      Power (Watts)
----------------------------------------------------------------
Sequential             2.65e-02   6.20e-03   1.46e-07   3.27e-02   7.7%
Combinational          1.66e-01   2.26e-01   2.48e-06   3.92e-01  92.3%
Macro                  0.00e+00   0.00e+00   0.00e+00   0.00e+00   0.0%
Pad                    0.00e+00   0.00e+00   0.00e+00   0.00e+00   0.0%
----------------------------------------------------------------
Total                  1.92e-01   2.33e-01   2.63e-06   4.25e-01 100.0%
                          45.2%      54.8%       0.0%

======================= Slowest Corner ===================================

Group                  Internal  Switching    Leakage      Total
                          Power      Power      Power      Power (Watts)
----------------------------------------------------------------
Sequential             1.79e-02   4.14e-03   1.43e-04   2.22e-02   7.5%
Combinational          1.20e-01   1.51e-01   9.83e-04   2.72e-01  92.5%
Macro                  0.00e+00   0.00e+00   0.00e+00   0.00e+00   0.0%
Pad                    0.00e+00   0.00e+00   0.00e+00   0.00e+00   0.0%
----------------------------------------------------------------
Total                  1.38e-01   1.55e-01   1.13e-03   2.94e-01 100.0%
                          47.0%      52.7%       0.4%

======================= Typical Corner ===================================

Group                  Internal  Switching    Leakage      Total
                          Power      Power      Power      Power (Watts)
----------------------------------------------------------------
Sequential             2.29e-02   5.26e-03   8.21e-08   2.82e-02   7.6%
Combinational          1.48e-01   1.92e-01   1.37e-06   3.40e-01  92.4%
Macro                  0.00e+00   0.00e+00   0.00e+00   0.00e+00   0.0%
Pad                    0.00e+00   0.00e+00   0.00e+00   0.00e+00   0.0%
----------------------------------------------------------------
Total                  1.71e-01   1.97e-01   1.46e-06   3.68e-01 100.0%
                          46.5%      53.5%       0.0%

