
===========================================================================
 report_power
============================================================================
======================= Fastest Corner ===================================

Group                  Internal  Switching    Leakage      Total
                          Power      Power      Power      Power (Watts)
----------------------------------------------------------------
Sequential             2.65e-02   6.58e-03   1.46e-07   3.31e-02   7.6%
Combinational          1.66e-01   2.35e-01   2.48e-06   4.00e-01  92.4%
Macro                  0.00e+00   0.00e+00   0.00e+00   0.00e+00   0.0%
Pad                    0.00e+00   0.00e+00   0.00e+00   0.00e+00   0.0%
----------------------------------------------------------------
Total                  1.92e-01   2.41e-01   2.63e-06   4.34e-01 100.0%
                          44.3%      55.7%       0.0%

======================= Slowest Corner ===================================

Group                  Internal  Switching    Leakage      Total
                          Power      Power      Power      Power (Watts)
----------------------------------------------------------------
Sequential             1.79e-02   4.39e-03   1.43e-04   2.24e-02   7.5%
Combinational          1.20e-01   1.57e-01   9.83e-04   2.78e-01  92.5%
Macro                  0.00e+00   0.00e+00   0.00e+00   0.00e+00   0.0%
Pad                    0.00e+00   0.00e+00   0.00e+00   0.00e+00   0.0%
----------------------------------------------------------------
Total                  1.38e-01   1.61e-01   1.13e-03   3.00e-01 100.0%
                          46.0%      53.6%       0.4%

======================= Typical Corner ===================================

Group                  Internal  Switching    Leakage      Total
                          Power      Power      Power      Power (Watts)
----------------------------------------------------------------
Sequential             2.29e-02   5.58e-03   8.21e-08   2.85e-02   7.6%
Combinational          1.48e-01   1.99e-01   1.37e-06   3.47e-01  92.4%
Macro                  0.00e+00   0.00e+00   0.00e+00   0.00e+00   0.0%
Pad                    0.00e+00   0.00e+00   0.00e+00   0.00e+00   0.0%
----------------------------------------------------------------
Total                  1.71e-01   2.05e-01   1.46e-06   3.76e-01 100.0%
                          45.6%      54.4%       0.0%

